#
# A fatal error has been detected by the Java Runtime Environment:
#
#  SIGSEGV (0xb) at pc=0x00007f7f7c1ce4ba, pid=3587, tid=140185347196672
#
# JRE version: Java(TM) SE Runtime Environment (7.0_80-b15) (build 1.7.0_80-b15)
# Java VM: Java HotSpot(TM) 64-Bit Server VM (24.80-b11 mixed mode linux-amd64 compressed oops)
# Problematic frame:
# v  ~BufferBlob::jni_fast_GetLongField
#
# Failed to write core dump. Core dumps have been disabled. To enable core dumping, try "ulimit -c unlimited" before starting Java again
#
# If you would like to submit a bug report, please visit:
#   http://bugreport.java.com/bugreport/crash.jsp
# The crash happened outside the Java Virtual Machine in native code.
# See problematic frame for where to report the bug.
#

---------------  T H R E A D  ---------------

Current thread (0x00007f7f801cd800):  JavaThread "AWT-XAWT" daemon [_thread_in_native, id=3605, stack(0x00007f7f71c28000,0x00007f7f71d29000)]

siginfo:si_signo=SIGSEGV: si_errno=0, si_code=1 (SEGV_MAPERR), si_addr=0x0000000000000000

Registers:
RAX=0x00007f7f8539d2c0, RBX=0x00000000be83a8c0, RCX=0x00007f7f85df2320, RDX=0x0000000000000042
RSP=0x00007f7f71d27548, RBP=0x00007f7f71d27570, RSI=0x0000000000000000, RDI=0x00007f7f801cd9e8
R8 =0x00000000000001f4, R9 =0x0000000000000000, R10=0x000000000000015a, R11=0x00007f7f84e36940
R12=0x00007f7f801cd9e8, R13=0x0000000000000000, R14=0x00007f7f7361dfe0, R15=0x00007f7f801cd800
RIP=0x00007f7f7c1ce4ba, EFLAGS=0x0000000000010246, CSGSFS=0x0000000000000033, ERR=0x0000000000000004
  TRAPNO=0x000000000000000e

Top of Stack: (sp=0x00007f7f71d27548)
0x00007f7f71d27548:   00007f7f733e8851 00000000be83a8c0
0x00007f7f71d27558:   00007f7f2c154850 00000000be83a8c0
0x00007f7f71d27568:   00007f7f71d27660 0000000000000000
0x00007f7f71d27578:   00007f7f72ee4ae8 00000000be83a8c0
0x00007f7f71d27588:   00007f7f71d275b0 0000000000000000
0x00007f7f71d27598:   00007f7f72edc9a3 00000000be83a8c0
0x00007f7f71d275a8:   00007f7f733de6df 00007f7f71d27628
0x00007f7f71d275b8:   00007f7f7c185d98 0000000000000000
0x00007f7f71d275c8:   00000000c38957f0 00000000c399ec00
0x00007f7f71d275d8:   00007f7f71d275d8 00000000bee0a23e
0x00007f7f71d275e8:   00007f7f71d275e8 0000000000000000
0x00007f7f71d275f8:   00007f7f71d27660 00000000be840990
0x00007f7f71d27608:   0000000000000000 00000000be83a8c0
0x00007f7f71d27618:   0000000000000000 00007f7f71d27670
0x00007f7f71d27628:   0000000000000000 00007f7f7c32ecd8
0x00007f7f71d27638:   00000000c3a2ae10 00007f7f7c181cc0
0x00007f7f71d27648:   0000000000000000 0000000000000009
0x00007f7f71d27658:   00007f7f34000e30 0000000000000000
0x00007f7f71d27668:   00007f7f7c32ecd8 00000000ec3cfc78
0x00007f7f71d27678:   00000000c399ea00 0000000100000000
0x00007f7f71d27688:   00000000ed3a4c80 00000000ec3cfc90
0x00007f7f71d27698:   00000000ec3cfc58 00000000c38957f0
0x00007f7f71d276a8:   00000000c3895800 0000000000000009
0x00007f7f71d276b8:   0000000000000000 00007f7f71d27720
0x00007f7f71d276c8:   00007f7f7c179058 0000000000000000
0x00007f7f71d276d8:   00000000ed3a4c80 00007f7f71d276e0
0x00007f7f71d276e8:   00000000be816ce5 00007f7f71d27730
0x00007f7f71d276f8:   00000000be822730 0000000000000000
0x00007f7f71d27708:   00000000be816cf0 00007f7f71d276d0
0x00007f7f71d27718:   00007f7f71d27730 00007f7f71d27778
0x00007f7f71d27728:   00007f7f7c179706 00000000ed3a4c80
0x00007f7f71d27738:   00007f7f71d27738 00000000be4348c3 

Instructions: (pc=0x00007f7f7c1ce4ba)
0x00007f7f7c1ce49a:   00 00 00 00 00 00 44 8b 15 41 29 20 09 4c 8b ce
0x00007f7f7c1ce4aa:   41 f6 c2 01 0f 85 2e 00 00 00 4d 33 ca 4d 33 ca
0x00007f7f7c1ce4ba:   4d 8b 09 4c 8b da 49 c1 eb 02 4b 8b 04 19 49 bb
0x00007f7f7c1ce4ca:   e8 0d 3d 85 7f 7f 00 00 4c 33 d8 4c 33 d8 45 3b 

Register to memory mapping:

RAX=0x00007f7f8539d2c0: <offset 0xe1c2c0> in /home/elhadj/jdk1.7.0_80/jre/lib/amd64/server/libjvm.so at 0x00007f7f84581000
RBX=0x00000000be83a8c0 is an oop
{method} 
 - klass: {other class}
RCX=0x00007f7f85df2320: <offset 0x219320> in /lib/x86_64-linux-gnu/libpthread.so.0 at 0x00007f7f85bd9000
RDX=0x0000000000000042 is an unknown value
RSP=0x00007f7f71d27548 is pointing into the stack for thread: 0x00007f7f801cd800
RBP=0x00007f7f71d27570 is pointing into the stack for thread: 0x00007f7f801cd800
RSI=0x0000000000000000 is an unknown value
RDI=0x00007f7f801cd9e8 is an unknown value
R8 =0x00000000000001f4 is an unknown value
R9 =0x0000000000000000 is an unknown value
R10=0x000000000000015a is an unknown value
R11=0x00007f7f84e36940: <offset 0x8b5940> in /home/elhadj/jdk1.7.0_80/jre/lib/amd64/server/libjvm.so at 0x00007f7f84581000
R12=0x00007f7f801cd9e8 is an unknown value
R13=0x0000000000000000 is an unknown value
R14=0x00007f7f7361dfe0: <offset 0x253fe0> in /home/elhadj/jdk1.7.0_80/jre/lib/amd64/xawt/libmawt.so at 0x00007f7f733ca000
R15=0x00007f7f801cd800 is a thread


Stack: [0x00007f7f71c28000,0x00007f7f71d29000],  sp=0x00007f7f71d27548,  free space=1021k
Native frames: (J=compiled Java code, j=interpreted, Vv=VM code, C=native code)
v  ~BufferBlob::jni_fast_GetLongField

Java frames: (J=compiled Java code, j=interpreted, Vv=VM code)
j  sun.awt.X11.XlibWrapper.XFilterEvent(JJ)Z+0
J 541% C2 sun.awt.X11.XToolkit.run(Z)V (410 bytes) @ 0x00007f7f7c32ecd8 [0x00007f7f7c32e6c0+0x618]
j  sun.awt.X11.XToolkit.run()V+5
j  java.lang.Thread.run()V+11
v  ~StubRoutines::call_stub

---------------  P R O C E S S  ---------------

Java Threads: ( => current thread )
  0x00007f7f2c1f9000 JavaThread "TimerQueue" daemon [_thread_blocked, id=3609, stack(0x00007f7f7065e000,0x00007f7f7075f000)]
  0x00007f7f8000a000 JavaThread "DestroyJavaVM" [_thread_blocked, id=3591, stack(0x00007f7f85ef3000,0x00007f7f85ff4000)]
  0x00007f7f80251000 JavaThread "AWT-EventQueue-0" [_thread_blocked, id=3607, stack(0x00007f7f7116f000,0x00007f7f71270000)]
  0x00007f7f80254000 JavaThread "AWT-Shutdown" [_thread_blocked, id=3606, stack(0x00007f7f71270000,0x00007f7f71371000)]
=>0x00007f7f801cd800 JavaThread "AWT-XAWT" daemon [_thread_in_native, id=3605, stack(0x00007f7f71c28000,0x00007f7f71d29000)]
  0x00007f7f801ae000 JavaThread "Java2D Disposer" daemon [_thread_blocked, id=3604, stack(0x00007f7f72139000,0x00007f7f7223a000)]
  0x00007f7f80098800 JavaThread "Service Thread" daemon [_thread_blocked, id=3602, stack(0x00007f7f739f2000,0x00007f7f73af3000)]
  0x00007f7f80096000 JavaThread "C2 CompilerThread1" daemon [_thread_blocked, id=3601, stack(0x00007f7f73af3000,0x00007f7f73bf4000)]
  0x00007f7f80093800 JavaThread "C2 CompilerThread0" daemon [_thread_blocked, id=3600, stack(0x00007f7f73bf4000,0x00007f7f73cf5000)]
  0x00007f7f80091000 JavaThread "Signal Dispatcher" daemon [_thread_blocked, id=3599, stack(0x00007f7f780bb000,0x00007f7f781bc000)]
  0x00007f7f80070000 JavaThread "Finalizer" daemon [_thread_blocked, id=3598, stack(0x00007f7f781bc000,0x00007f7f782bd000)]
  0x00007f7f8006e000 JavaThread "Reference Handler" daemon [_thread_blocked, id=3597, stack(0x00007f7f782bd000,0x00007f7f783be000)]

Other Threads:
  0x00007f7f80069800 VMThread [stack: 0x00007f7f783be000,0x00007f7f784bf000] [id=3596]
  0x00007f7f800a3800 WatcherThread [stack: 0x00007f7f738f1000,0x00007f7f739f2000] [id=3603]

VM state:not at safepoint (normal execution)

VM Mutex/Monitor currently owned by a thread: None

Heap
 PSYoungGen      total 22016K, used 11719K [0x00000000ebc80000, 0x00000000eda00000, 0x0000000100000000)
  eden space 15360K, 48% used [0x00000000ebc80000,0x00000000ec3d6820,0x00000000ecb80000)
  from space 6656K, 63% used [0x00000000ed280000,0x00000000ed69b7c8,0x00000000ed900000)
  to   space 7168K, 0% used [0x00000000ecb80000,0x00000000ecb80000,0x00000000ed280000)
 ParOldGen       total 40960K, used 13356K [0x00000000c3600000, 0x00000000c5e00000, 0x00000000ebc80000)
  object space 40960K, 32% used [0x00000000c3600000,0x00000000c430b258,0x00000000c5e00000)
 PSPermGen       total 21504K, used 17667K [0x00000000be400000, 0x00000000bf900000, 0x00000000c3600000)
  object space 21504K, 82% used [0x00000000be400000,0x00000000bf540de0,0x00000000bf900000)

Card table byte_map: [0x00007f7f7bf64000,0x00007f7f7c173000] byte_map_base: 0x00007f7f7b972000

Polling page: 0x00007f7f86016000

Code Cache  [0x00007f7f7c173000, 0x00007f7f7c3e3000, 0x00007f7f7f173000)
 total_blobs=1056 nmethods=520 adapters=488 free_code_cache=47411Kb largest_free_block=48488576

Compilation events (10 events):
Event: 182,277 Thread 0x00007f7f80093800  537             javax.swing.text.CompositeView::getRightInset (5 bytes)
Event: 182,278 Thread 0x00007f7f80093800 nmethod 537 0x00007f7f7c30a490 code [0x00007f7f7c30a5c0, 0x00007f7f7c30a618]
Event: 182,287 Thread 0x00007f7f80096000  538             javax.swing.text.AbstractDocument$AbstractElement::getAttributes (2 bytes)
Event: 182,288 Thread 0x00007f7f80096000 nmethod 538 0x00007f7f7c30a290 code [0x00007f7f7c30a3c0, 0x00007f7f7c30a418]
Event: 186,265 Thread 0x00007f7f80093800  539             javax.swing.plaf.basic.BasicButtonListener::propertyChange (80 bytes)
Event: 186,268 Thread 0x00007f7f80093800 nmethod 539 0x00007f7f7c309e10 code [0x00007f7f7c309f80, 0x00007f7f7c30a0c8]
Event: 187,689 Thread 0x00007f7f80096000  540             javax.swing.plaf.nimbus.NimbusDefaults$LazyStyle::matches (229 bytes)
Event: 187,875 Thread 0x00007f7f80096000 nmethod 540 0x00007f7f7c327690 code [0x00007f7f7c327ae0, 0x00007f7f7c32ab80]
Event: 2589,170 Thread 0x00007f7f80093800  541 % !         sun.awt.X11.XToolkit::run @ 59 (410 bytes)
Event: 2589,231 Thread 0x00007f7f80093800 nmethod 541% 0x00007f7f7c32e090 code [0x00007f7f7c32e6c0, 0x00007f7f7c3311c0]

GC Heap History (10 events):
Event: 28,302 GC heap before
{Heap before GC invocations=2 (full 0):
 PSYoungGen      total 18432K, used 18432K [0x00000000ebc80000, 0x00000000ed100000, 0x0000000100000000)
  eden space 15872K, 100% used [0x00000000ebc80000,0x00000000ecc00000,0x00000000ecc00000)
  from space 2560K, 100% used [0x00000000ecc00000,0x00000000ece80000,0x00000000ece80000)
  to   space 2560K, 0% used [0x00000000ece80000,0x00000000ece80000,0x00000000ed100000)
 ParOldGen       total 40960K, used 911K [0x00000000c3600000, 0x00000000c5e00000, 0x00000000ebc80000)
  object space 40960K, 2% used [0x00000000c3600000,0x00000000c36e3f28,0x00000000c5e00000)
 PSPermGen       total 21504K, used 17203K [0x00000000be400000, 0x00000000bf900000, 0x00000000c3600000)
  object space 21504K, 80% used [0x00000000be400000,0x00000000bf4ccd98,0x00000000bf900000)
Event: 28,313 GC heap after
Heap after GC invocations=2 (full 0):
 PSYoungGen      total 18432K, used 2541K [0x00000000ebc80000, 0x00000000ed100000, 0x0000000100000000)
  eden space 15872K, 0% used [0x00000000ebc80000,0x00000000ebc80000,0x00000000ecc00000)
  from space 2560K, 99% used [0x00000000ece80000,0x00000000ed0fb7c8,0x00000000ed100000)
  to   space 2560K, 0% used [0x00000000ecc00000,0x00000000ecc00000,0x00000000ece80000)
 ParOldGen       total 40960K, used 4703K [0x00000000c3600000, 0x00000000c5e00000, 0x00000000ebc80000)
  object space 40960K, 11% used [0x00000000c3600000,0x00000000c3a97e20,0x00000000c5e00000)
 PSPermGen       total 21504K, used 17203K [0x00000000be400000, 0x00000000bf900000, 0x00000000c3600000)
  object space 21504K, 80% used [0x00000000be400000,0x00000000bf4ccd98,0x00000000bf900000)
}
Event: 66,143 GC heap before
{Heap before GC invocations=3 (full 0):
 PSYoungGen      total 18432K, used 18413K [0x00000000ebc80000, 0x00000000ed100000, 0x0000000100000000)
  eden space 15872K, 100% used [0x00000000ebc80000,0x00000000ecc00000,0x00000000ecc00000)
  from space 2560K, 99% used [0x00000000ece80000,0x00000000ed0fb7c8,0x00000000ed100000)
  to   space 2560K, 0% used [0x00000000ecc00000,0x00000000ecc00000,0x00000000ece80000)
 ParOldGen       total 40960K, used 4703K [0x00000000c3600000, 0x00000000c5e00000, 0x00000000ebc80000)
  object space 40960K, 11% used [0x00000000c3600000,0x00000000c3a97e20,0x00000000c5e00000)
 PSPermGen       total 21504K, used 17333K [0x00000000be400000, 0x00000000bf900000, 0x00000000c3600000)
  object space 21504K, 80% used [0x00000000be400000,0x00000000bf4ed458,0x00000000bf900000)
Event: 66,152 GC heap after
Heap after GC invocations=3 (full 0):
 PSYoungGen      total 18432K, used 2541K [0x00000000ebc80000, 0x00000000ed100000, 0x0000000100000000)
  eden space 15872K, 0% used [0x00000000ebc80000,0x00000000ebc80000,0x00000000ecc00000)
  from space 2560K, 99% used [0x00000000ecc00000,0x00000000ece7b7c8,0x00000000ece80000)
  to   space 2560K, 0% used [0x00000000ece80000,0x00000000ece80000,0x00000000ed100000)
 ParOldGen       total 40960K, used 7147K [0x00000000c3600000, 0x00000000c5e00000, 0x00000000ebc80000)
  object space 40960K, 17% used [0x00000000c3600000,0x00000000c3cfacd0,0x00000000c5e00000)
 PSPermGen       total 21504K, used 17333K [0x00000000be400000, 0x00000000bf900000, 0x00000000c3600000)
  object space 21504K, 80% used [0x00000000be400000,0x00000000bf4ed458,0x00000000bf900000)
}
Event: 102,264 GC heap before
{Heap before GC invocations=4 (full 0):
 PSYoungGen      total 18432K, used 18413K [0x00000000ebc80000, 0x00000000ed100000, 0x0000000100000000)
  eden space 15872K, 100% used [0x00000000ebc80000,0x00000000ecc00000,0x00000000ecc00000)
  from space 2560K, 99% used [0x00000000ecc00000,0x00000000ece7b7c8,0x00000000ece80000)
  to   space 2560K, 0% used [0x00000000ece80000,0x00000000ece80000,0x00000000ed100000)
 ParOldGen       total 40960K, used 7147K [0x00000000c3600000, 0x00000000c5e00000, 0x00000000ebc80000)
  object space 40960K, 17% used [0x00000000c3600000,0x00000000c3cfacd0,0x00000000c5e00000)
 PSPermGen       total 21504K, used 17415K [0x00000000be400000, 0x00000000bf900000, 0x00000000c3600000)
  object space 21504K, 80% used [0x00000000be400000,0x00000000bf501fd0,0x00000000bf900000)
Event: 102,272 GC heap after
Heap after GC invocations=4 (full 0):
 PSYoungGen      total 18432K, used 2555K [0x00000000ebc80000, 0x00000000ed100000, 0x0000000100000000)
  eden space 15872K, 0% used [0x00000000ebc80000,0x00000000ebc80000,0x00000000ecc00000)
  from space 2560K, 99% used [0x00000000ece80000,0x00000000ed0fefa8,0x00000000ed100000)
  to   space 2560K, 0% used [0x00000000ecc00000,0x00000000ecc00000,0x00000000ece80000)
 ParOldGen       total 40960K, used 10679K [0x00000000c3600000, 0x00000000c5e00000, 0x00000000ebc80000)
  object space 40960K, 26% used [0x00000000c3600000,0x00000000c406de08,0x00000000c5e00000)
 PSPermGen       total 21504K, used 17415K [0x00000000be400000, 0x00000000bf900000, 0x00000000c3600000)
  object space 21504K, 80% used [0x00000000be400000,0x00000000bf501fd0,0x00000000bf900000)
}
Event: 124,682 GC heap before
{Heap before GC invocations=5 (full 0):
 PSYoungGen      total 18432K, used 18427K [0x00000000ebc80000, 0x00000000ed100000, 0x0000000100000000)
  eden space 15872K, 100% used [0x00000000ebc80000,0x00000000ecc00000,0x00000000ecc00000)
  from space 2560K, 99% used [0x00000000ece80000,0x00000000ed0fefa8,0x00000000ed100000)
  to   space 2560K, 0% used [0x00000000ecc00000,0x00000000ecc00000,0x00000000ece80000)
 ParOldGen       total 40960K, used 10679K [0x00000000c3600000, 0x00000000c5e00000, 0x00000000ebc80000)
  object space 40960K, 26% used [0x00000000c3600000,0x00000000c406de08,0x00000000c5e00000)
 PSPermGen       total 21504K, used 17482K [0x00000000be400000, 0x00000000bf900000, 0x00000000c3600000)
  object space 21504K, 81% used [0x00000000be400000,0x00000000bf512a88,0x00000000bf900000)
Event: 124,701 GC heap after
Heap after GC invocations=5 (full 0):
 PSYoungGen      total 18432K, used 2555K [0x00000000ebc80000, 0x00000000ed900000, 0x0000000100000000)
  eden space 15872K, 0% used [0x00000000ebc80000,0x00000000ebc80000,0x00000000ecc00000)
  from space 2560K, 99% used [0x00000000ecc00000,0x00000000ece7efa8,0x00000000ece80000)
  to   space 6656K, 0% used [0x00000000ed280000,0x00000000ed280000,0x00000000ed900000)
 ParOldGen       total 40960K, used 13348K [0x00000000c3600000, 0x00000000c5e00000, 0x00000000ebc80000)
  object space 40960K, 32% used [0x00000000c3600000,0x00000000c4309258,0x00000000c5e00000)
 PSPermGen       total 21504K, used 17482K [0x00000000be400000, 0x00000000bf900000, 0x00000000c3600000)
  object space 21504K, 81% used [0x00000000be400000,0x00000000bf512a88,0x00000000bf900000)
}
Event: 163,304 GC heap before
{Heap before GC invocations=6 (full 0):
 PSYoungGen      total 18432K, used 18427K [0x00000000ebc80000, 0x00000000ed900000, 0x0000000100000000)
  eden space 15872K, 99% used [0x00000000ebc80000,0x00000000ecbffed8,0x00000000ecc00000)
  from space 2560K, 99% used [0x00000000ecc00000,0x00000000ece7efa8,0x00000000ece80000)
  to   space 6656K, 0% used [0x00000000ed280000,0x00000000ed280000,0x00000000ed900000)
 ParOldGen       total 40960K, used 13348K [0x00000000c3600000, 0x00000000c5e00000, 0x00000000ebc80000)
  object space 40960K, 32% used [0x00000000c3600000,0x00000000c4309258,0x00000000c5e00000)
 PSPermGen       total 21504K, used 17571K [0x00000000be400000, 0x00000000bf900000, 0x00000000c3600000)
  object space 21504K, 81% used [0x00000000be400000,0x00000000bf528d38,0x00000000bf900000)
Event: 163,326 GC heap after
Heap after GC invocations=6 (full 0):
 PSYoungGen      total 22016K, used 4205K [0x00000000ebc80000, 0x00000000eda00000, 0x0000000100000000)
  eden space 15360K, 0% used [0x00000000ebc80000,0x00000000ebc80000,0x00000000ecb80000)
  from space 6656K, 63% used [0x00000000ed280000,0x00000000ed69b7c8,0x00000000ed900000)
  to   space 7168K, 0% used [0x00000000ecb80000,0x00000000ecb80000,0x00000000ed280000)
 ParOldGen       total 40960K, used 13356K [0x00000000c3600000, 0x00000000c5e00000, 0x00000000ebc80000)
  object space 40960K, 32% used [0x00000000c3600000,0x00000000c430b258,0x00000000c5e00000)
 PSPermGen       total 21504K, used 17571K [0x00000000be400000, 0x00000000bf900000, 0x00000000c3600000)
  object space 21504K, 81% used [0x00000000be400000,0x00000000bf528d38,0x00000000bf900000)
}

Deoptimization events (10 events):
Event: 186,798 Thread 0x00007f7f801cd800 Uncommon trap: reason=class_check action=maybe_recompile pc=0x00007f7f7c2b0954 method=sun.awt.X11.XWindow.handleMotionNotify(Lsun/awt/X11/XEvent;)V @ 12
Event: 186,810 Thread 0x00007f7f801cd800 Uncommon trap: reason=class_check action=maybe_recompile pc=0x00007f7f7c2b0954 method=sun.awt.X11.XWindow.handleMotionNotify(Lsun/awt/X11/XEvent;)V @ 12
Event: 186,822 Thread 0x00007f7f801cd800 Uncommon trap: reason=class_check action=maybe_recompile pc=0x00007f7f7c2b0954 method=sun.awt.X11.XWindow.handleMotionNotify(Lsun/awt/X11/XEvent;)V @ 12
Event: 186,859 Thread 0x00007f7f80251000 Uncommon trap: reason=class_check action=maybe_recompile pc=0x00007f7f7c2cad88 method=javax.swing.plaf.nimbus.NimbusStyle.getColorForState(Ljavax/swing/plaf/synth/SynthContext;Ljavax/swing/plaf/synth/ColorType;)Ljava/awt/Color; @ 89
Event: 187,686 Thread 0x00007f7f80251000 Uncommon trap: reason=unstable_if action=reinterpret pc=0x00007f7f7c2818d0 method=javax.swing.plaf.nimbus.NimbusDefaults.getStyle(Ljavax/swing/JComponent;Ljavax/swing/plaf/synth/Region;)Ljavax/swing/plaf/synth/SynthStyle; @ 125
Event: 187,687 Thread 0x00007f7f80251000 Uncommon trap: reason=unstable_if action=reinterpret pc=0x00007f7f7c2e73d4 method=java.awt.KeyboardFocusManager.clearMostRecentFocusOwner(Ljava/awt/Component;)V @ 89
Event: 187,693 Thread 0x00007f7f80251000 Uncommon trap: reason=unstable_if action=reinterpret pc=0x00007f7f7c2434b8 method=java.awt.Component.getName()Ljava/lang/String; @ 11
Event: 187,702 Thread 0x00007f7f80251000 Uncommon trap: reason=unstable_if action=reinterpret pc=0x00007f7f7c29860c method=java.beans.ChangeListenerMap.get(Ljava/lang/String;)[Ljava/util/EventListener; @ 4
Event: 187,702 Thread 0x00007f7f80251000 Uncommon trap: reason=null_check action=make_not_entrant pc=0x00007f7f7c2c03fc method=java.beans.PropertyChangeSupport.firePropertyChange(Ljava/beans/PropertyChangeEvent;)V @ 40
Event: 6402,522 Thread 0x00007f7f801cd800 Uncommon trap: reason=unstable_if action=reinterpret pc=0x00007f7f7c2c4aac method=sun.awt.X11.Native.toBytes(JI)[B @ 3

Internal exceptions (10 events):
Event: 155,715 Thread 0x00007f7f80251000 Threw 0x00000000ec9e0f78 at /HUDSON/workspace/7u-2-build-linux-amd64/jdk7u80/2329/hotspot/src/share/vm/prims/jvm.cpp:1319
Event: 155,718 Thread 0x00007f7f80251000 Threw 0x00000000ec9e8588 at /HUDSON/workspace/7u-2-build-linux-amd64/jdk7u80/2329/hotspot/src/share/vm/prims/jvm.cpp:1319
Event: 155,721 Thread 0x00007f7f80251000 Implicit null exception at 0x00007f7f7c2d5258 to 0x00007f7f7c2d53df
Event: 155,726 Thread 0x00007f7f80251000 Threw 0x00000000ec9f0480 at /HUDSON/workspace/7u-2-build-linux-amd64/jdk7u80/2329/hotspot/src/share/vm/prims/jvm.cpp:1319
Event: 155,836 Thread 0x00007f7f80251000 Threw 0x00000000eca69a38 at /HUDSON/workspace/7u-2-build-linux-amd64/jdk7u80/2329/hotspot/src/share/vm/prims/jni.cpp:743
Event: 163,491 Thread 0x00007f7f80251000 Threw 0x00000000ebd13960 at /HUDSON/workspace/7u-2-build-linux-amd64/jdk7u80/2329/hotspot/src/share/vm/prims/jni.cpp:743
Event: 168,665 Thread 0x00007f7f80251000 Threw 0x00000000ebede2e8 at /HUDSON/workspace/7u-2-build-linux-amd64/jdk7u80/2329/hotspot/src/share/vm/prims/jni.cpp:743
Event: 186,498 Thread 0x00007f7f80251000 Implicit null exception at 0x00007f7f7c25a140 to 0x00007f7f7c25a199
Event: 187,694 Thread 0x00007f7f80251000 Implicit null exception at 0x00007f7f7c298088 to 0x00007f7f7c298601
Event: 187,702 Thread 0x00007f7f80251000 Implicit null exception at 0x00007f7f7c2c0174 to 0x00007f7f7c2c03e5

Events (10 events):
Event: 187,702 Thread 0x00007f7f80251000 Uncommon trap: trap_request=0xfffffff4 fr.pc=0x00007f7f7c2c03fc
Event: 187,702 Thread 0x00007f7f80251000 DEOPT PACKING pc=0x00007f7f7c2c03fc sp=0x00007f7f7126be60
Event: 187,702 Thread 0x00007f7f80251000 DEOPT UNPACKING pc=0x00007f7f7c1ac445 sp=0x00007f7f7126be00 mode 2
Event: 6402,441 Thread 0x00007f7f801cd800 Uncommon trap: trap_request=0xffffff75 fr.pc=0x00007f7f7c2c4aac
Event: 6402,555 Thread 0x00007f7f801cd800 DEOPT PACKING pc=0x00007f7f7c2c4aac sp=0x00007f7f71d27320
Event: 6402,910 Thread 0x00007f7f801cd800 DEOPT UNPACKING pc=0x00007f7f7c1ac445 sp=0x00007f7f71d272d8 mode 2
Event: 6403,162 loading class 0x00007f7f50037ce0
Event: 6405,588 loading class 0x00007f7f50037ce0 done
Event: 6408,796 loading class 0x00007f7f500368a0
Event: 6411,838 loading class 0x00007f7f500368a0 done


Dynamic libraries:
00400000-00401000 r-xp 00000000 08:05 4593982                            /home/elhadj/jdk1.7.0_80/bin/java
00600000-00601000 rw-p 00000000 08:05 4593982                            /home/elhadj/jdk1.7.0_80/bin/java
01f56000-01f77000 rw-p 00000000 00:00 0                                  [heap]
be400000-bf900000 rw-p 00000000 00:00 0 
bf900000-c3600000 rw-p 00000000 00:00 0 
c3600000-c5e00000 rw-p 00000000 00:00 0 
c5e00000-ebc80000 rw-p 00000000 00:00 0 
ebc80000-eda00000 rw-p 00000000 00:00 0 
eda00000-100000000 rw-p 00000000 00:00 0 
7f7f24000000-7f7f2402d000 rw-p 00000000 00:00 0 
7f7f2402d000-7f7f28000000 ---p 00000000 00:00 0 
7f7f2c000000-7f7f2c2b8000 rw-p 00000000 00:00 0 
7f7f2c2b8000-7f7f30000000 ---p 00000000 00:00 0 
7f7f30000000-7f7f30021000 rw-p 00000000 00:00 0 
7f7f30021000-7f7f34000000 ---p 00000000 00:00 0 
7f7f34000000-7f7f34032000 rw-p 00000000 00:00 0 
7f7f34032000-7f7f38000000 ---p 00000000 00:00 0 
7f7f38000000-7f7f38021000 rw-p 00000000 00:00 0 
7f7f38021000-7f7f3c000000 ---p 00000000 00:00 0 
7f7f3c000000-7f7f3c021000 rw-p 00000000 00:00 0 
7f7f3c021000-7f7f40000000 ---p 00000000 00:00 0 
7f7f40000000-7f7f40021000 rw-p 00000000 00:00 0 
7f7f40021000-7f7f44000000 ---p 00000000 00:00 0 
7f7f44000000-7f7f4483e000 rw-p 00000000 00:00 0 
7f7f4483e000-7f7f48000000 ---p 00000000 00:00 0 
7f7f48000000-7f7f48021000 rw-p 00000000 00:00 0 
7f7f48021000-7f7f4c000000 ---p 00000000 00:00 0 
7f7f4c000000-7f7f4c021000 rw-p 00000000 00:00 0 
7f7f4c021000-7f7f50000000 ---p 00000000 00:00 0 
7f7f50000000-7f7f507d7000 rw-p 00000000 00:00 0 
7f7f507d7000-7f7f54000000 ---p 00000000 00:00 0 
7f7f54000000-7f7f54021000 rw-p 00000000 00:00 0 
7f7f54021000-7f7f58000000 ---p 00000000 00:00 0 
7f7f58000000-7f7f58021000 rw-p 00000000 00:00 0 
7f7f58021000-7f7f5c000000 ---p 00000000 00:00 0 
7f7f5c000000-7f7f5c021000 rw-p 00000000 00:00 0 
7f7f5c021000-7f7f60000000 ---p 00000000 00:00 0 
7f7f60000000-7f7f60041000 rw-p 00000000 00:00 0 
7f7f60041000-7f7f64000000 ---p 00000000 00:00 0 
7f7f64000000-7f7f64021000 rw-p 00000000 00:00 0 
7f7f64021000-7f7f68000000 ---p 00000000 00:00 0 
7f7f6c000000-7f7f6c021000 rw-p 00000000 00:00 0 
7f7f6c021000-7f7f70000000 ---p 00000000 00:00 0 
7f7f70423000-7f7f7045d000 r-xp 00000000 08:05 10750921                   /home/elhadj/jdk1.7.0_80/jre/lib/amd64/libjpeg.so
7f7f7045d000-7f7f7065d000 ---p 0003a000 08:05 10750921                   /home/elhadj/jdk1.7.0_80/jre/lib/amd64/libjpeg.so
7f7f7065d000-7f7f7065e000 rw-p 0003a000 08:05 10750921                   /home/elhadj/jdk1.7.0_80/jre/lib/amd64/libjpeg.so
7f7f7065e000-7f7f70661000 ---p 00000000 00:00 0 
7f7f70661000-7f7f7075f000 rw-p 00000000 00:00 0 
7f7f7075f000-7f7f70789000 r-xp 00000000 08:05 10750924                   /home/elhadj/jdk1.7.0_80/jre/lib/amd64/libdcpr.so
7f7f70789000-7f7f70989000 ---p 0002a000 08:05 10750924                   /home/elhadj/jdk1.7.0_80/jre/lib/amd64/libdcpr.so
7f7f70989000-7f7f7098c000 rw-p 0002a000 08:05 10750924                   /home/elhadj/jdk1.7.0_80/jre/lib/amd64/libdcpr.so
7f7f709f5000-7f7f709f9000 r--s 0008b000 08:05 9840644                    /home/elhadj/jdk1.7.0_80/jre/lib/jsse.jar
7f7f709f9000-7f7f70a03000 r--s 00253000 08:05 9840629                    /home/elhadj/jdk1.7.0_80/jre/lib/resources.jar
7f7f70a1e000-7f7f70a29000 r--s 00000000 08:05 262233                     /var/cache/fontconfig/945677eb7aeaf62f1d50efc3fb3ec7d8-le64.cache-4
7f7f70a29000-7f7f70a2f000 r--s 00000000 08:05 262219                     /var/cache/fontconfig/2cd17615ca594fa2959ae173292e504c-le64.cache-4
7f7f70a2f000-7f7f70a36000 r--s 00000000 08:05 262236                     /var/cache/fontconfig/a755afe4a08bf5b97852ceb7400b47bc-le64.cache-4
7f7f70a36000-7f7f70a3a000 r--s 00000000 08:05 271745                     /var/cache/fontconfig/6d41288fd70b0be22e8c3a91e032eec0-le64.cache-4
7f7f70b14000-7f7f70b1f000 r--s 00000000 08:05 262233                     /var/cache/fontconfig/945677eb7aeaf62f1d50efc3fb3ec7d8-le64.cache-4
7f7f70b1f000-7f7f70b25000 r--s 00000000 08:05 262219                     /var/cache/fontconfig/2cd17615ca594fa2959ae173292e504c-le64.cache-4
7f7f70b25000-7f7f70b26000 r--s 00000000 08:05 262249                     /var/cache/fontconfig/e7071f4a29fa870f4323321c154eba04-le64.cache-4
7f7f70b26000-7f7f70b27000 r--s 00000000 08:05 262216                     /var/cache/fontconfig/0d8c3b2ac0904cb8a57a757ad11a4a08-le64.cache-4
7f7f70b27000-7f7f70b2e000 r--s 00000000 08:05 262236                     /var/cache/fontconfig/a755afe4a08bf5b97852ceb7400b47bc-le64.cache-4
7f7f70b2e000-7f7f70b32000 r--s 00000000 08:05 271745                     /var/cache/fontconfig/6d41288fd70b0be22e8c3a91e032eec0-le64.cache-4
7f7f70b32000-7f7f70b46000 r--s 00000000 08:05 262214                     /var/cache/fontconfig/04aabc0a78ac019cf9454389977116d2-le64.cache-4
7f7f70b46000-7f7f70b47000 r--s 00000000 08:05 262218                     /var/cache/fontconfig/1ac9eb803944fde146138c791f5cc56a-le64.cache-4
7f7f70b47000-7f7f70b4b000 r--s 00000000 08:05 262222                     /var/cache/fontconfig/385c0604a188198f04d133e54aba7fe7-le64.cache-4
7f7f70b4b000-7f7f70b4c000 r--s 00000000 08:05 262246                     /var/cache/fontconfig/dc05db6664285cc2f12bf69c139ae4c3-le64.cache-4
7f7f70b4c000-7f7f70b4e000 r--s 00000000 08:05 262230                     /var/cache/fontconfig/767a8244fc0220cfb567a839d0392e0b-le64.cache-4
7f7f70b4e000-7f7f70b4f000 r--s 00000000 08:05 270617                     /var/cache/fontconfig/4794a0821666d79190d59a36cb4f44b5-le64.cache-4
7f7f70b4f000-7f7f70b54000 r--s 00000000 08:05 262232                     /var/cache/fontconfig/8801497958630a81b71ace7c5f9b32a8-le64.cache-4
7f7f70b54000-7f7f70b5b000 r--s 00000000 08:05 262220                     /var/cache/fontconfig/3047814df9a2f067bd2d96a2b9c36e5a-le64.cache-4
7f7f70b5b000-7f7f70b61000 r--s 00000000 08:05 262237                     /var/cache/fontconfig/b47c4e1ecd0709278f4910c18777a504-le64.cache-4
7f7f70b61000-7f7f70b74000 r--s 00000000 08:05 262243                     /var/cache/fontconfig/d52a8644073d54c13679302ca1180695-le64.cache-4
7f7f70b74000-7f7f70b7d000 r--s 00000000 08:05 262223                     /var/cache/fontconfig/3f7329c5293ffd510edef78f73874cfd-le64.cache-4
7f7f70b7d000-7f7f70b88000 r--s 00000000 08:05 270644                     /var/cache/fontconfig/d589a48862398ed80a3d6066f4f56f4c-le64.cache-4
7f7f70b88000-7f7f70b8f000 r--s 00097000 08:05 4990312                    /home/elhadj/.m2/repository/org/postgresql/postgresql/9.4.1208.jre7/postgresql-9.4.1208.jre7.jar
7f7f70cc3000-7f7f70cc6000 ---p 00000000 00:00 0 
7f7f70cc6000-7f7f70dc4000 rw-p 00000000 00:00 0 
7f7f70dc4000-7f7f70dc5000 r--s 00000000 08:05 262226                     /var/cache/fontconfig/56cf4f4769d0f4abc89a4895d7bd3ae1-le64.cache-4
7f7f70dc5000-7f7f70dc6000 r--s 00000000 08:05 262238                     /var/cache/fontconfig/b9d506c9ac06c20b433354fa67a72993-le64.cache-4
7f7f70dc6000-7f7f70dc7000 r--s 00000000 08:05 262215                     /var/cache/fontconfig/0c9eb80ebd1c36541ebe2852d3bb0c49-le64.cache-4
7f7f70dc7000-7f7f70dd2000 r--s 00000000 08:05 271866                     /var/cache/fontconfig/83bf95040141907cd45bb53cf7c1c148-le64.cache-4
7f7f70dd2000-7f7f70ddf000 r--s 00000000 08:05 266507                     /var/cache/fontconfig/e13b20fdb08344e0e664864cc2ede53d-le64.cache-4
7f7f70ddf000-7f7f70de3000 r--s 00000000 08:05 271744                     /var/cache/fontconfig/7ef2298fde41cc6eeb7af42e48b7d293-le64.cache-4
7f7f70e92000-7f7f70efb000 r-xp 00000000 08:05 10750990                   /home/elhadj/jdk1.7.0_80/jre/lib/amd64/libt2k.so
7f7f70efb000-7f7f710fa000 ---p 00069000 08:05 10750990                   /home/elhadj/jdk1.7.0_80/jre/lib/amd64/libt2k.so
7f7f710fa000-7f7f71101000 rw-p 00068000 08:05 10750990                   /home/elhadj/jdk1.7.0_80/jre/lib/amd64/libt2k.so
7f7f71101000-7f7f71111000 rw-p 00000000 00:00 0 
7f7f71146000-7f7f7114c000 rw-s 00000000 00:05 22872089                   /SYSV00000000 (deleted)
7f7f7116f000-7f7f71172000 ---p 00000000 00:00 0 
7f7f71172000-7f7f71270000 rw-p 00000000 00:00 0 
7f7f71270000-7f7f71273000 ---p 00000000 00:00 0 
7f7f71273000-7f7f71371000 rw-p 00000000 00:00 0 
7f7f71371000-7f7f71381000 r-xp 00000000 08:05 10750988                   /home/elhadj/jdk1.7.0_80/jre/lib/amd64/libnio.so
7f7f71381000-7f7f71581000 ---p 00010000 08:05 10750988                   /home/elhadj/jdk1.7.0_80/jre/lib/amd64/libnio.so
7f7f71581000-7f7f71582000 rw-p 00010000 08:05 10750988                   /home/elhadj/jdk1.7.0_80/jre/lib/amd64/libnio.so
7f7f71582000-7f7f71599000 r-xp 00000000 08:05 10750989                   /home/elhadj/jdk1.7.0_80/jre/lib/amd64/libnet.so
7f7f71599000-7f7f71798000 ---p 00017000 08:05 10750989                   /home/elhadj/jdk1.7.0_80/jre/lib/amd64/libnet.so
7f7f71798000-7f7f71799000 rw-p 00016000 08:05 10750989                   /home/elhadj/jdk1.7.0_80/jre/lib/amd64/libnet.so
7f7f71799000-7f7f717af000 r-xp 00000000 08:05 4725887                    /lib/x86_64-linux-gnu/libgcc_s.so.1
7f7f717af000-7f7f719ae000 ---p 00016000 08:05 4725887                    /lib/x86_64-linux-gnu/libgcc_s.so.1
7f7f719ae000-7f7f719af000 rw-p 00015000 08:05 4725887                    /lib/x86_64-linux-gnu/libgcc_s.so.1
7f7f719af000-7f7f71a14000 r-xp 00000000 08:05 10750575                   /home/elhadj/jdk1.7.0_80/jre/lib/amd64/libfontmanager.so
7f7f71a14000-7f7f71c13000 ---p 00065000 08:05 10750575                   /home/elhadj/jdk1.7.0_80/jre/lib/amd64/libfontmanager.so
7f7f71c13000-7f7f71c18000 rw-p 00064000 08:05 10750575                   /home/elhadj/jdk1.7.0_80/jre/lib/amd64/libfontmanager.so
7f7f71c18000-7f7f71c28000 rw-p 00000000 00:00 0 
7f7f71c28000-7f7f71c2b000 ---p 00000000 00:00 0 
7f7f71c2b000-7f7f71d29000 rw-p 00000000 00:00 0 
7f7f71d29000-7f7f71d2e000 r-xp 00000000 08:05 2498380                    /usr/lib/x86_64-linux-gnu/libXfixes.so.3.1.0
7f7f71d2e000-7f7f71f2d000 ---p 00005000 08:05 2498380                    /usr/lib/x86_64-linux-gnu/libXfixes.so.3.1.0
7f7f71f2d000-7f7f71f2e000 r--p 00004000 08:05 2498380                    /usr/lib/x86_64-linux-gnu/libXfixes.so.3.1.0
7f7f71f2e000-7f7f71f2f000 rw-p 00005000 08:05 2498380                    /usr/lib/x86_64-linux-gnu/libXfixes.so.3.1.0
7f7f71f2f000-7f7f71f38000 r-xp 00000000 08:05 2498372                    /usr/lib/x86_64-linux-gnu/libXcursor.so.1.0.2
7f7f71f38000-7f7f72137000 ---p 00009000 08:05 2498372                    /usr/lib/x86_64-linux-gnu/libXcursor.so.1.0.2
7f7f72137000-7f7f72138000 r--p 00008000 08:05 2498372                    /usr/lib/x86_64-linux-gnu/libXcursor.so.1.0.2
7f7f72138000-7f7f72139000 rw-p 00009000 08:05 2498372                    /usr/lib/x86_64-linux-gnu/libXcursor.so.1.0.2
7f7f72139000-7f7f7213c000 ---p 00000000 00:00 0 
7f7f7213c000-7f7f7223a000 rw-p 00000000 00:00 0 
7f7f7223a000-7f7f7223f000 r-xp 00000000 08:05 2498376                    /usr/lib/x86_64-linux-gnu/libXdmcp.so.6.0.0
7f7f7223f000-7f7f7243e000 ---p 00005000 08:05 2498376                    /usr/lib/x86_64-linux-gnu/libXdmcp.so.6.0.0
7f7f7243e000-7f7f7243f000 r--p 00004000 08:05 2498376                    /usr/lib/x86_64-linux-gnu/libXdmcp.so.6.0.0
7f7f7243f000-7f7f72440000 rw-p 00005000 08:05 2498376                    /usr/lib/x86_64-linux-gnu/libXdmcp.so.6.0.0
7f7f72440000-7f7f72442000 r-xp 00000000 08:05 2498365                    /usr/lib/x86_64-linux-gnu/libXau.so.6.0.0
7f7f72442000-7f7f72642000 ---p 00002000 08:05 2498365                    /usr/lib/x86_64-linux-gnu/libXau.so.6.0.0
7f7f72642000-7f7f72643000 r--p 00002000 08:05 2498365                    /usr/lib/x86_64-linux-gnu/libXau.so.6.0.0
7f7f72643000-7f7f72644000 rw-p 00003000 08:05 2498365                    /usr/lib/x86_64-linux-gnu/libXau.so.6.0.0
7f7f72644000-7f7f72661000 r-xp 00000000 08:05 2499431                    /usr/lib/x86_64-linux-gnu/libxcb.so.1.1.0
7f7f72661000-7f7f72861000 ---p 0001d000 08:05 2499431                    /usr/lib/x86_64-linux-gnu/libxcb.so.1.1.0
7f7f72861000-7f7f72862000 r--p 0001d000 08:05 2499431                    /usr/lib/x86_64-linux-gnu/libxcb.so.1.1.0
7f7f72862000-7f7f72863000 rw-p 0001e000 08:05 2499431                    /usr/lib/x86_64-linux-gnu/libxcb.so.1.1.0
7f7f72863000-7f7f72872000 r-xp 00000000 08:05 2498386                    /usr/lib/x86_64-linux-gnu/libXi.so.6.1.0
7f7f72872000-7f7f72a71000 ---p 0000f000 08:05 2498386                    /usr/lib/x86_64-linux-gnu/libXi.so.6.1.0
7f7f72a71000-7f7f72a72000 r--p 0000e000 08:05 2498386                    /usr/lib/x86_64-linux-gnu/libXi.so.6.1.0
7f7f72a72000-7f7f72a73000 rw-p 0000f000 08:05 2498386                    /usr/lib/x86_64-linux-gnu/libXi.so.6.1.0
7f7f72a73000-7f7f72a78000 r-xp 00000000 08:05 2498406                    /usr/lib/x86_64-linux-gnu/libXtst.so.6.1.0
7f7f72a78000-7f7f72c77000 ---p 00005000 08:05 2498406                    /usr/lib/x86_64-linux-gnu/libXtst.so.6.1.0
7f7f72c77000-7f7f72c78000 r--p 00004000 08:05 2498406                    /usr/lib/x86_64-linux-gnu/libXtst.so.6.1.0
7f7f72c78000-7f7f72c79000 rw-p 00005000 08:05 2498406                    /usr/lib/x86_64-linux-gnu/libXtst.so.6.1.0
7f7f72c79000-7f7f72c82000 r-xp 00000000 08:05 2498400                    /usr/lib/x86_64-linux-gnu/libXrender.so.1.3.0
7f7f72c82000-7f7f72e81000 ---p 00009000 08:05 2498400                    /usr/lib/x86_64-linux-gnu/libXrender.so.1.3.0
7f7f72e81000-7f7f72e82000 r--p 00008000 08:05 2498400                    /usr/lib/x86_64-linux-gnu/libXrender.so.1.3.0
7f7f72e82000-7f7f72e83000 rw-p 00009000 08:05 2498400                    /usr/lib/x86_64-linux-gnu/libXrender.so.1.3.0
7f7f72e83000-7f7f72fb3000 r-xp 00000000 08:05 2498361                    /usr/lib/x86_64-linux-gnu/libX11.so.6.3.0
7f7f72fb3000-7f7f731b3000 ---p 00130000 08:05 2498361                    /usr/lib/x86_64-linux-gnu/libX11.so.6.3.0
7f7f731b3000-7f7f731b4000 r--p 00130000 08:05 2498361                    /usr/lib/x86_64-linux-gnu/libX11.so.6.3.0
7f7f731b4000-7f7f731b8000 rw-p 00131000 08:05 2498361                    /usr/lib/x86_64-linux-gnu/libX11.so.6.3.0
7f7f731b8000-7f7f731c9000 r-xp 00000000 08:05 2498378                    /usr/lib/x86_64-linux-gnu/libXext.so.6.4.0
7f7f731c9000-7f7f733c8000 ---p 00011000 08:05 2498378                    /usr/lib/x86_64-linux-gnu/libXext.so.6.4.0
7f7f733c8000-7f7f733c9000 r--p 00010000 08:05 2498378                    /usr/lib/x86_64-linux-gnu/libXext.so.6.4.0
7f7f733c9000-7f7f733ca000 rw-p 00011000 08:05 2498378                    /usr/lib/x86_64-linux-gnu/libXext.so.6.4.0
7f7f733ca000-7f7f7341a000 r-xp 00000000 08:05 10750636                   /home/elhadj/jdk1.7.0_80/jre/lib/amd64/xawt/libmawt.so
7f7f7341a000-7f7f7361a000 ---p 00050000 08:05 10750636                   /home/elhadj/jdk1.7.0_80/jre/lib/amd64/xawt/libmawt.so
7f7f7361a000-7f7f7361e000 rw-p 00050000 08:05 10750636                   /home/elhadj/jdk1.7.0_80/jre/lib/amd64/xawt/libmawt.so
7f7f7361e000-7f7f7361f000 rw-p 00000000 00:00 0 
7f7f7361f000-7f7f736c1000 r-xp 00000000 08:05 10750991                   /home/elhadj/jdk1.7.0_80/jre/lib/amd64/libawt.so
7f7f736c1000-7f7f738c1000 ---p 000a2000 08:05 10750991                   /home/elhadj/jdk1.7.0_80/jre/lib/amd64/libawt.so
7f7f738c1000-7f7f738cd000 rw-p 000a2000 08:05 10750991                   /home/elhadj/jdk1.7.0_80/jre/lib/amd64/libawt.so
7f7f738cd000-7f7f738f1000 rw-p 00000000 00:00 0 
7f7f738f1000-7f7f738f2000 ---p 00000000 00:00 0 
7f7f738f2000-7f7f739f2000 rw-p 00000000 00:00 0 
7f7f739f2000-7f7f739f5000 ---p 00000000 00:00 0 
7f7f739f5000-7f7f73af3000 rw-p 00000000 00:00 0 
7f7f73af3000-7f7f73af6000 ---p 00000000 00:00 0 
7f7f73af6000-7f7f73bf4000 rw-p 00000000 00:00 0 
7f7f73bf4000-7f7f73bf7000 ---p 00000000 00:00 0 
7f7f73bf7000-7f7f73cf5000 rw-p 00000000 00:00 0 
7f7f73cf5000-7f7f74000000 r--p 00000000 08:05 2499910                    /usr/lib/locale/locale-archive
7f7f74000000-7f7f74021000 rw-p 00000000 00:00 0 
7f7f74021000-7f7f78000000 ---p 00000000 00:00 0 
7f7f78000000-7f7f78001000 r--s 00000000 08:05 262249                     /var/cache/fontconfig/e7071f4a29fa870f4323321c154eba04-le64.cache-4
7f7f78001000-7f7f78002000 r--s 00000000 08:05 262216                     /var/cache/fontconfig/0d8c3b2ac0904cb8a57a757ad11a4a08-le64.cache-4
7f7f78002000-7f7f78016000 r--s 00000000 08:05 262214                     /var/cache/fontconfig/04aabc0a78ac019cf9454389977116d2-le64.cache-4
7f7f78016000-7f7f78017000 r--s 00000000 08:05 262218                     /var/cache/fontconfig/1ac9eb803944fde146138c791f5cc56a-le64.cache-4
7f7f78017000-7f7f7801b000 r--s 00000000 08:05 262222                     /var/cache/fontconfig/385c0604a188198f04d133e54aba7fe7-le64.cache-4
7f7f7801b000-7f7f7801c000 r--s 00000000 08:05 262246                     /var/cache/fontconfig/dc05db6664285cc2f12bf69c139ae4c3-le64.cache-4
7f7f7801c000-7f7f7801e000 r--s 00000000 08:05 262230                     /var/cache/fontconfig/767a8244fc0220cfb567a839d0392e0b-le64.cache-4
7f7f7801e000-7f7f7801f000 r--s 00000000 08:05 270617                     /var/cache/fontconfig/4794a0821666d79190d59a36cb4f44b5-le64.cache-4
7f7f7801f000-7f7f78024000 r--s 00000000 08:05 262232                     /var/cache/fontconfig/8801497958630a81b71ace7c5f9b32a8-le64.cache-4
7f7f78024000-7f7f7802b000 r--s 00000000 08:05 262220                     /var/cache/fontconfig/3047814df9a2f067bd2d96a2b9c36e5a-le64.cache-4
7f7f7802b000-7f7f7802c000 r--s 00000000 08:05 262226                     /var/cache/fontconfig/56cf4f4769d0f4abc89a4895d7bd3ae1-le64.cache-4
7f7f7802c000-7f7f78032000 r--s 00000000 08:05 262237                     /var/cache/fontconfig/b47c4e1ecd0709278f4910c18777a504-le64.cache-4
7f7f78032000-7f7f78045000 r--s 00000000 08:05 262243                     /var/cache/fontconfig/d52a8644073d54c13679302ca1180695-le64.cache-4
7f7f78045000-7f7f7804e000 r--s 00000000 08:05 262223                     /var/cache/fontconfig/3f7329c5293ffd510edef78f73874cfd-le64.cache-4
7f7f7804e000-7f7f78059000 r--s 00000000 08:05 270644                     /var/cache/fontconfig/d589a48862398ed80a3d6066f4f56f4c-le64.cache-4
7f7f78059000-7f7f78064000 r--s 00000000 08:05 271866                     /var/cache/fontconfig/83bf95040141907cd45bb53cf7c1c148-le64.cache-4
7f7f78064000-7f7f78095000 rw-p 00000000 00:00 0 
7f7f78095000-7f7f780bb000 r--p 00000000 08:05 3279756                    /usr/share/locale-langpack/fr/LC_MESSAGES/libc.mo
7f7f780bb000-7f7f780be000 ---p 00000000 00:00 0 
7f7f780be000-7f7f781bc000 rw-p 00000000 00:00 0 
7f7f781bc000-7f7f781bf000 ---p 00000000 00:00 0 
7f7f781bf000-7f7f782bd000 rw-p 00000000 00:00 0 
7f7f782bd000-7f7f782c0000 ---p 00000000 00:00 0 
7f7f782c0000-7f7f783be000 rw-p 00000000 00:00 0 
7f7f783be000-7f7f783bf000 ---p 00000000 00:00 0 
7f7f783bf000-7f7f7949d000 rw-p 00000000 00:00 0 
7f7f7949d000-7f7f7965d000 r--s 039fb000 08:05 9840653                    /home/elhadj/jdk1.7.0_80/jre/lib/rt.jar
7f7f7965d000-7f7f7ba1c000 rw-p 00000000 00:00 0 
7f7f7ba1c000-7f7f7ba1d000 ---p 00000000 00:00 0 
7f7f7ba1d000-7f7f7bb1d000 rw-p 00000000 00:00 0 
7f7f7bb1d000-7f7f7bb1e000 ---p 00000000 00:00 0 
7f7f7bb1e000-7f7f7bc1e000 rw-p 00000000 00:00 0 
7f7f7bc1e000-7f7f7bc1f000 ---p 00000000 00:00 0 
7f7f7bc1f000-7f7f7bd1f000 rw-p 00000000 00:00 0 
7f7f7bd1f000-7f7f7bd20000 ---p 00000000 00:00 0 
7f7f7bd20000-7f7f7be34000 rw-p 00000000 00:00 0 
7f7f7be34000-7f7f7bf64000 rw-p 00000000 00:00 0 
7f7f7bf64000-7f7f7bf6f000 rw-p 00000000 00:00 0 
7f7f7bf6f000-7f7f7bf8d000 rw-p 00000000 00:00 0 
7f7f7bf8d000-7f7f7bfa1000 rw-p 00000000 00:00 0 
7f7f7bfa1000-7f7f7c0d0000 rw-p 00000000 00:00 0 
7f7f7c0d0000-7f7f7c0df000 rw-p 00000000 00:00 0 
7f7f7c0df000-7f7f7c172000 rw-p 00000000 00:00 0 
7f7f7c172000-7f7f7c173000 rw-p 00000000 00:00 0 
7f7f7c173000-7f7f7c3e3000 rwxp 00000000 00:00 0 
7f7f7c3e3000-7f7f7f173000 rw-p 00000000 00:00 0 
7f7f7f173000-7f7f7f18a000 r-xp 00000000 08:05 10750987                   /home/elhadj/jdk1.7.0_80/jre/lib/amd64/libzip.so
7f7f7f18a000-7f7f7f38a000 ---p 00017000 08:05 10750987                   /home/elhadj/jdk1.7.0_80/jre/lib/amd64/libzip.so
7f7f7f38a000-7f7f7f38b000 rw-p 00017000 08:05 10750987                   /home/elhadj/jdk1.7.0_80/jre/lib/amd64/libzip.so
7f7f7f38b000-7f7f7f396000 r-xp 00000000 08:05 4723891                    /lib/x86_64-linux-gnu/libnss_files-2.19.so
7f7f7f396000-7f7f7f595000 ---p 0000b000 08:05 4723891                    /lib/x86_64-linux-gnu/libnss_files-2.19.so
7f7f7f595000-7f7f7f596000 r--p 0000a000 08:05 4723891                    /lib/x86_64-linux-gnu/libnss_files-2.19.so
7f7f7f596000-7f7f7f597000 rw-p 0000b000 08:05 4723891                    /lib/x86_64-linux-gnu/libnss_files-2.19.so
7f7f7f597000-7f7f7f5a2000 r-xp 00000000 08:05 4723883                    /lib/x86_64-linux-gnu/libnss_nis-2.19.so
7f7f7f5a2000-7f7f7f7a1000 ---p 0000b000 08:05 4723883                    /lib/x86_64-linux-gnu/libnss_nis-2.19.so
7f7f7f7a1000-7f7f7f7a2000 r--p 0000a000 08:05 4723883                    /lib/x86_64-linux-gnu/libnss_nis-2.19.so
7f7f7f7a2000-7f7f7f7a3000 rw-p 0000b000 08:05 4723883                    /lib/x86_64-linux-gnu/libnss_nis-2.19.so
7f7f7f7a3000-7f7f7f7ba000 r-xp 00000000 08:05 4723879                    /lib/x86_64-linux-gnu/libnsl-2.19.so
7f7f7f7ba000-7f7f7f9b9000 ---p 00017000 08:05 4723879                    /lib/x86_64-linux-gnu/libnsl-2.19.so
7f7f7f9b9000-7f7f7f9ba000 r--p 00016000 08:05 4723879                    /lib/x86_64-linux-gnu/libnsl-2.19.so
7f7f7f9ba000-7f7f7f9bb000 rw-p 00017000 08:05 4723879                    /lib/x86_64-linux-gnu/libnsl-2.19.so
7f7f7f9bb000-7f7f7f9bd000 rw-p 00000000 00:00 0 
7f7f7f9bd000-7f7f7f9c6000 r-xp 00000000 08:05 4723878                    /lib/x86_64-linux-gnu/libnss_compat-2.19.so
7f7f7f9c6000-7f7f7fbc5000 ---p 00009000 08:05 4723878                    /lib/x86_64-linux-gnu/libnss_compat-2.19.so
7f7f7fbc5000-7f7f7fbc6000 r--p 00008000 08:05 4723878                    /lib/x86_64-linux-gnu/libnss_compat-2.19.so
7f7f7fbc6000-7f7f7fbc7000 rw-p 00009000 08:05 4723878                    /lib/x86_64-linux-gnu/libnss_compat-2.19.so
7f7f7fbc7000-7f7f7fbf0000 r-xp 00000000 08:05 10750926                   /home/elhadj/jdk1.7.0_80/jre/lib/amd64/libjava.so
7f7f7fbf0000-7f7f7fdf0000 ---p 00029000 08:05 10750926                   /home/elhadj/jdk1.7.0_80/jre/lib/amd64/libjava.so
7f7f7fdf0000-7f7f7fdf2000 rw-p 00029000 08:05 10750926                   /home/elhadj/jdk1.7.0_80/jre/lib/amd64/libjava.so
7f7f7fdf2000-7f7f7fdff000 r-xp 00000000 08:05 10750811                   /home/elhadj/jdk1.7.0_80/jre/lib/amd64/libverify.so
7f7f7fdff000-7f7f7fffe000 ---p 0000d000 08:05 10750811                   /home/elhadj/jdk1.7.0_80/jre/lib/amd64/libverify.so
7f7f7fffe000-7f7f80000000 rw-p 0000c000 08:05 10750811                   /home/elhadj/jdk1.7.0_80/jre/lib/amd64/libverify.so
7f7f80000000-7f7f8025b000 rw-p 00000000 00:00 0 
7f7f8025b000-7f7f84000000 ---p 00000000 00:00 0 
7f7f84000000-7f7f84001000 r--s 00000000 08:05 262238                     /var/cache/fontconfig/b9d506c9ac06c20b433354fa67a72993-le64.cache-4
7f7f84001000-7f7f84055000 rw-p 00000000 00:00 0 
7f7f84055000-7f7f84073000 rw-p 00000000 00:00 0 
7f7f84073000-7f7f8407a000 r-xp 00000000 08:05 4723887                    /lib/x86_64-linux-gnu/librt-2.19.so
7f7f8407a000-7f7f84279000 ---p 00007000 08:05 4723887                    /lib/x86_64-linux-gnu/librt-2.19.so
7f7f84279000-7f7f8427a000 r--p 00006000 08:05 4723887                    /lib/x86_64-linux-gnu/librt-2.19.so
7f7f8427a000-7f7f8427b000 rw-p 00007000 08:05 4723887                    /lib/x86_64-linux-gnu/librt-2.19.so
7f7f8427b000-7f7f84380000 r-xp 00000000 08:05 4723873                    /lib/x86_64-linux-gnu/libm-2.19.so
7f7f84380000-7f7f8457f000 ---p 00105000 08:05 4723873                    /lib/x86_64-linux-gnu/libm-2.19.so
7f7f8457f000-7f7f84580000 r--p 00104000 08:05 4723873                    /lib/x86_64-linux-gnu/libm-2.19.so
7f7f84580000-7f7f84581000 rw-p 00105000 08:05 4723873                    /lib/x86_64-linux-gnu/libm-2.19.so
7f7f84581000-7f7f850f7000 r-xp 00000000 08:05 10750598                   /home/elhadj/jdk1.7.0_80/jre/lib/amd64/server/libjvm.so
7f7f850f7000-7f7f852f6000 ---p 00b76000 08:05 10750598                   /home/elhadj/jdk1.7.0_80/jre/lib/amd64/server/libjvm.so
7f7f852f6000-7f7f853ba000 rw-p 00b75000 08:05 10750598                   /home/elhadj/jdk1.7.0_80/jre/lib/amd64/server/libjvm.so
7f7f853ba000-7f7f853fb000 rw-p 00000000 00:00 0 
7f7f853fb000-7f7f855b6000 r-xp 00000000 08:05 4723888                    /lib/x86_64-linux-gnu/libc-2.19.so
7f7f855b6000-7f7f857b5000 ---p 001bb000 08:05 4723888                    /lib/x86_64-linux-gnu/libc-2.19.so
7f7f857b5000-7f7f857b9000 r--p 001ba000 08:05 4723888                    /lib/x86_64-linux-gnu/libc-2.19.so
7f7f857b9000-7f7f857bb000 rw-p 001be000 08:05 4723888                    /lib/x86_64-linux-gnu/libc-2.19.so
7f7f857bb000-7f7f857c0000 rw-p 00000000 00:00 0 
7f7f857c0000-7f7f857c3000 r-xp 00000000 08:05 4723875                    /lib/x86_64-linux-gnu/libdl-2.19.so
7f7f857c3000-7f7f859c2000 ---p 00003000 08:05 4723875                    /lib/x86_64-linux-gnu/libdl-2.19.so
7f7f859c2000-7f7f859c3000 r--p 00002000 08:05 4723875                    /lib/x86_64-linux-gnu/libdl-2.19.so
7f7f859c3000-7f7f859c4000 rw-p 00003000 08:05 4723875                    /lib/x86_64-linux-gnu/libdl-2.19.so
7f7f859c4000-7f7f859d9000 r-xp 00000000 08:05 4333766                    /home/elhadj/jdk1.7.0_80/lib/amd64/jli/libjli.so
7f7f859d9000-7f7f85bd8000 ---p 00015000 08:05 4333766                    /home/elhadj/jdk1.7.0_80/lib/amd64/jli/libjli.so
7f7f85bd8000-7f7f85bd9000 rw-p 00014000 08:05 4333766                    /home/elhadj/jdk1.7.0_80/lib/amd64/jli/libjli.so
7f7f85bd9000-7f7f85bf2000 r-xp 00000000 08:05 4723880                    /lib/x86_64-linux-gnu/libpthread-2.19.so
7f7f85bf2000-7f7f85df1000 ---p 00019000 08:05 4723880                    /lib/x86_64-linux-gnu/libpthread-2.19.so
7f7f85df1000-7f7f85df2000 r--p 00018000 08:05 4723880                    /lib/x86_64-linux-gnu/libpthread-2.19.so
7f7f85df2000-7f7f85df3000 rw-p 00019000 08:05 4723880                    /lib/x86_64-linux-gnu/libpthread-2.19.so
7f7f85df3000-7f7f85df7000 rw-p 00000000 00:00 0 
7f7f85df7000-7f7f85e1a000 r-xp 00000000 08:05 4723881                    /lib/x86_64-linux-gnu/ld-2.19.so
7f7f85e1a000-7f7f85e1b000 r--s 00000000 08:05 262215                     /var/cache/fontconfig/0c9eb80ebd1c36541ebe2852d3bb0c49-le64.cache-4
7f7f85e1b000-7f7f85e28000 r--s 00000000 08:05 266507                     /var/cache/fontconfig/e13b20fdb08344e0e664864cc2ede53d-le64.cache-4
7f7f85e28000-7f7f85e2c000 r--s 00000000 08:05 271744                     /var/cache/fontconfig/7ef2298fde41cc6eeb7af42e48b7d293-le64.cache-4
7f7f85e2c000-7f7f85e33000 r--s 00000000 08:05 2892539                    /usr/lib/x86_64-linux-gnu/gconv/gconv-modules.cache
7f7f85e33000-7f7f85e3d000 rw-p 00000000 00:00 0 
7f7f85e3d000-7f7f85ef3000 rw-p 00000000 00:00 0 
7f7f85ef3000-7f7f85ef6000 ---p 00000000 00:00 0 
7f7f85ef6000-7f7f8600d000 rw-p 00000000 00:00 0 
7f7f8600d000-7f7f86015000 rw-s 00000000 08:05 4593210                    /tmp/hsperfdata_elhadj/3587
7f7f86015000-7f7f86016000 rw-p 00000000 00:00 0 
7f7f86016000-7f7f86017000 r--p 00000000 00:00 0 
7f7f86017000-7f7f86019000 rw-p 00000000 00:00 0 
7f7f86019000-7f7f8601a000 r--p 00022000 08:05 4723881                    /lib/x86_64-linux-gnu/ld-2.19.so
7f7f8601a000-7f7f8601b000 rw-p 00023000 08:05 4723881                    /lib/x86_64-linux-gnu/ld-2.19.so
7f7f8601b000-7f7f8601c000 rw-p 00000000 00:00 0 
7ffc34e49000-7ffc34e6a000 rw-p 00000000 00:00 0                          [stack]
7ffc34f01000-7ffc34f03000 r--p 00000000 00:00 0                          [vvar]
7ffc34f03000-7ffc34f05000 r-xp 00000000 00:00 0                          [vdso]
ffffffffff600000-ffffffffff601000 r-xp 00000000 00:00 0                  [vsyscall]

VM Arguments:
java_command: Test.Inscription
Launcher Type: SUN_STANDARD

Environment Variables:
JAVA_HOME=/home/elhadj/jdk1.7.0_80
PATH=/usr/local/sbin:/usr/local/bin:/usr/sbin:/usr/bin:/sbin:/bin:/usr/games:/usr/local/games
LD_LIBRARY_PATH=/home/elhadj/jdk1.7.0_80/jre/lib/amd64:/home/elhadj/jdk1.7.0_80/jre/lib/i386:
SHELL=/bin/bash
DISPLAY=:0

Signal Handlers:
SIGSEGV: [libjvm.so+0x9a3b20], sa_mask[0]=0x7ffbfeff, sa_flags=0x10000004
SIGBUS: [libjvm.so+0x9a3b20], sa_mask[0]=0x7ffbfeff, sa_flags=0x10000004
SIGFPE: [libjvm.so+0x81e740], sa_mask[0]=0x7ffbfeff, sa_flags=0x10000004
SIGPIPE: [libjvm.so+0x81e740], sa_mask[0]=0x7ffbfeff, sa_flags=0x10000004
SIGXFSZ: [libjvm.so+0x81e740], sa_mask[0]=0x7ffbfeff, sa_flags=0x10000004
SIGILL: [libjvm.so+0x81e740], sa_mask[0]=0x7ffbfeff, sa_flags=0x10000004
SIGUSR1: SIG_DFL, sa_mask[0]=0x00000000, sa_flags=0x00000000
SIGUSR2: [libjvm.so+0x81ffb0], sa_mask[0]=0x00000004, sa_flags=0x10000004
SIGHUP: [libjvm.so+0x8210d0], sa_mask[0]=0x7ffbfeff, sa_flags=0x10000004
SIGINT: SIG_IGN, sa_mask[0]=0x00000000, sa_flags=0x00000000
SIGTERM: [libjvm.so+0x8210d0], sa_mask[0]=0x7ffbfeff, sa_flags=0x10000004
SIGQUIT: [libjvm.so+0x8210d0], sa_mask[0]=0x7ffbfeff, sa_flags=0x10000004


---------------  S Y S T E M  ---------------

OS:jessie/sid

uname:Linux 3.19.0-59-generic #66~14.04.1-Ubuntu SMP Fri May 13 17:27:10 UTC 2016 x86_64
libc:glibc 2.19 NPTL 2.19 
rlimit: STACK 8192k, CORE 0k, NPROC 15133, NOFILE 4096, AS infinity
load average:14,90 4,65 2,08

/proc/meminfo:
MemTotal:        3969584 kB
MemFree:         2780848 kB
MemAvailable:    2864524 kB
Buffers:           12188 kB
Cached:           328984 kB
SwapCached:        29048 kB
Active:           709580 kB
Inactive:         327316 kB
Active(anon):     575228 kB
Inactive(anon):   230312 kB
Active(file):     134352 kB
Inactive(file):    97004 kB
Unevictable:          16 kB
Mlocked:              16 kB
SwapTotal:      48828412 kB
SwapFree:       48006276 kB
Dirty:               576 kB
Writeback:             0 kB
AnonPages:        678740 kB
Mapped:           167360 kB
Shmem:            109776 kB
Slab:              76860 kB
SReclaimable:      42496 kB
SUnreclaim:        34364 kB
KernelStack:        8240 kB
PageTables:        19940 kB
NFS_Unstable:          0 kB
Bounce:                0 kB
WritebackTmp:          0 kB
CommitLimit:    50813204 kB
Committed_AS:    4270424 kB
VmallocTotal:   34359738367 kB
VmallocUsed:      560012 kB
VmallocChunk:   34359108552 kB
HardwareCorrupted:     0 kB
AnonHugePages:    380928 kB
CmaTotal:              0 kB
CmaFree:               0 kB
HugePages_Total:       0
HugePages_Free:        0
HugePages_Rsvd:        0
HugePages_Surp:        0
Hugepagesize:       2048 kB
DirectMap4k:      113408 kB
DirectMap2M:     4003840 kB
DirectMap1G:     1048576 kB


CPU:total 4 (2 cores per cpu, 2 threads per core) family 6 model 60 stepping 3, cmov, cx8, fxsr, mmx, sse, sse2, sse3, ssse3, sse4.1, sse4.2, popcnt, avx, avx2, erms, ht, tsc, tscinvbit

/proc/cpuinfo:
processor	: 0
vendor_id	: GenuineIntel
cpu family	: 6
model		: 60
model name	: Intel(R) Core(TM) i3-4000M CPU @ 2.40GHz
stepping	: 3
microcode	: 0x16
cpu MHz		: 1074.468
cache size	: 3072 KB
physical id	: 0
siblings	: 4
core id		: 0
cpu cores	: 2
apicid		: 0
initial apicid	: 0
fpu		: yes
fpu_exception	: yes
cpuid level	: 13
wp		: yes
flags		: fpu vme de pse tsc msr pae mce cx8 apic sep mtrr pge mca cmov pat pse36 clflush dts acpi mmx fxsr sse sse2 ss ht tm pbe syscall nx pdpe1gb rdtscp lm constant_tsc arch_perfmon pebs bts rep_good nopl xtopology nonstop_tsc aperfmperf eagerfpu pni pclmulqdq dtes64 monitor ds_cpl vmx est tm2 ssse3 fma cx16 xtpr pdcm pcid sse4_1 sse4_2 movbe popcnt tsc_deadline_timer xsave avx f16c rdrand lahf_lm abm arat epb pln pts dtherm tpr_shadow vnmi flexpriority ept vpid fsgsbase tsc_adjust bmi1 avx2 smep bmi2 erms invpcid xsaveopt
bugs		:
bogomips	: 4788.91
clflush size	: 64
cache_alignment	: 64
address sizes	: 39 bits physical, 48 bits virtual
power management:

processor	: 1
vendor_id	: GenuineIntel
cpu family	: 6
model		: 60
model name	: Intel(R) Core(TM) i3-4000M CPU @ 2.40GHz
stepping	: 3
microcode	: 0x16
cpu MHz		: 1567.687
cache size	: 3072 KB
physical id	: 0
siblings	: 4
core id		: 0
cpu cores	: 2
apicid		: 1
initial apicid	: 1
fpu		: yes
fpu_exception	: yes
cpuid level	: 13
wp		: yes
flags		: fpu vme de pse tsc msr pae mce cx8 apic sep mtrr pge mca cmov pat pse36 clflush dts acpi mmx fxsr sse sse2 ss ht tm pbe syscall nx pdpe1gb rdtscp lm constant_tsc arch_perfmon pebs bts rep_good nopl xtopology nonstop_tsc aperfmperf eagerfpu pni pclmulqdq dtes64 monitor ds_cpl vmx est tm2 ssse3 fma cx16 xtpr pdcm pcid sse4_1 sse4_2 movbe popcnt tsc_deadline_timer xsave avx f16c rdrand lahf_lm abm arat epb pln pts dtherm tpr_shadow vnmi flexpriority ept vpid fsgsbase tsc_adjust bmi1 avx2 smep bmi2 erms invpcid xsaveopt
bugs		:
bogomips	: 4788.91
clflush size	: 64
cache_alignment	: 64
address sizes	: 39 bits physical, 48 bits virtual
power management:

processor	: 2
vendor_id	: GenuineIntel
cpu family	: 6
model		: 60
model name	: Intel(R) Core(TM) i3-4000M CPU @ 2.40GHz
stepping	: 3
microcode	: 0x16
cpu MHz		: 1456.312
cache size	: 3072 KB
physical id	: 0
siblings	: 4
core id		: 1
cpu cores	: 2
apicid		: 2
initial apicid	: 2
fpu		: yes
fpu_exception	: yes
cpuid level	: 13
wp		: yes
flags		: fpu vme de pse tsc msr pae mce cx8 apic sep mtrr pge mca cmov pat pse36 clflush dts acpi mmx fxsr sse sse2 ss ht tm pbe syscall nx pdpe1gb rdtscp lm constant_tsc arch_perfmon pebs bts rep_good nopl xtopology nonstop_tsc aperfmperf eagerfpu pni pclmulqdq dtes64 monitor ds_cpl vmx est tm2 ssse3 fma cx16 xtpr pdcm pcid sse4_1 sse4_2 movbe popcnt tsc_deadline_timer xsave avx f16c rdrand lahf_lm abm arat epb pln pts dtherm tpr_shadow vnmi flexpriority ept vpid fsgsbase tsc_adjust bmi1 avx2 smep bmi2 erms invpcid xsaveopt
bugs		:
bogomips	: 4788.91
clflush size	: 64
cache_alignment	: 64
address sizes	: 39 bits physical, 48 bits virtual
power management:

processor	: 3
vendor_id	: GenuineIntel
cpu family	: 6
model		: 60
model name	: Intel(R) Core(TM) i3-4000M CPU @ 2.40GHz
stepping	: 3
microcode	: 0x16
cpu MHz		: 1107.187
cache size	: 3072 KB
physical id	: 0
siblings	: 4
core id		: 1
cpu cores	: 2
apicid		: 3
initial apicid	: 3
fpu		: yes
fpu_exception	: yes
cpuid level	: 13
wp		: yes
flags		: fpu vme de pse tsc msr pae mce cx8 apic sep mtrr pge mca cmov pat pse36 clflush dts acpi mmx fxsr sse sse2 ss ht tm pbe syscall nx pdpe1gb rdtscp lm constant_tsc arch_perfmon pebs bts rep_good nopl xtopology nonstop_tsc aperfmperf eagerfpu pni pclmulqdq dtes64 monitor ds_cpl vmx est tm2 ssse3 fma cx16 xtpr pdcm pcid sse4_1 sse4_2 movbe popcnt tsc_deadline_timer xsave avx f16c rdrand lahf_lm abm arat epb pln pts dtherm tpr_shadow vnmi flexpriority ept vpid fsgsbase tsc_adjust bmi1 avx2 smep bmi2 erms invpcid xsaveopt
bugs		:
bogomips	: 4788.91
clflush size	: 64
cache_alignment	: 64
address sizes	: 39 bits physical, 48 bits virtual
power management:



Memory: 4k page, physical 3969584k(2780848k free), swap 48828412k(48006276k free)

vm_info: Java HotSpot(TM) 64-Bit Server VM (24.80-b11) for linux-amd64 JRE (1.7.0_80-b15), built on Apr 10 2015 19:53:14 by "java_re" with gcc 4.3.0 20080428 (Red Hat 4.3.0-8)

time: Mon May 23 01:00:33 2016
elapsed time: 6413 seconds

