#
# A fatal error has been detected by the Java Runtime Environment:
#
#  SIGSEGV (0xb) at pc=0x00007fc1f905b4ba, pid=3357, tid=140470933346048
#
# JRE version: Java(TM) SE Runtime Environment (7.0_80-b15) (build 1.7.0_80-b15)
# Java VM: Java HotSpot(TM) 64-Bit Server VM (24.80-b11 mixed mode linux-amd64 compressed oops)
# Problematic frame:
# v  ~BufferBlob::jni_fast_GetLongField
#
# Failed to write core dump. Core dumps have been disabled. To enable core dumping, try "ulimit -c unlimited" before starting Java again
#
# If you would like to submit a bug report, please visit:
#   http://bugreport.java.com/bugreport/crash.jsp
# The crash happened outside the Java Virtual Machine in native code.
# See problematic frame for where to report the bug.
#

---------------  T H R E A D  ---------------

Current thread (0x00007fc1fc1c5800):  JavaThread "AWT-XAWT" daemon [_thread_in_native, id=3375, stack(0x00007fc1f0055000,0x00007fc1f0156000)]

siginfo:si_signo=SIGSEGV: si_errno=0, si_code=1 (SEGV_MAPERR), si_addr=0x0000000000000000

Registers:
RAX=0x00007fc2038872c0, RBX=0x00000000be83a8c0, RCX=0x00007fc2042dc320, RDX=0x0000000000000042
RSP=0x00007fc1f0154828, RBP=0x00007fc1f0154850, RSI=0x0000000000000000, RDI=0x00007fc1fc1c59e8
R8 =0x0000000000000005, R9 =0x0000000000000000, R10=0x0000000000000080, R11=0x00007fc203320940
R12=0x00007fc1fc1c59e8, R13=0x0000000000000000, R14=0x00007fc1f1a4afe0, R15=0x00007fc1fc1c5800
RIP=0x00007fc1f905b4ba, EFLAGS=0x0000000000010246, CSGSFS=0x0000000000000033, ERR=0x0000000000000004
  TRAPNO=0x000000000000000e

Top of Stack: (sp=0x00007fc1f0154828)
0x00007fc1f0154828:   00007fc1f1815851 00000000be83a8c0
0x00007fc1f0154838:   00007fc1ac247640 00000000be83a8c0
0x00007fc1f0154848:   00007fc1f0154940 0000000000000000
0x00007fc1f0154858:   00007fc1f1311ae8 00000000be83a8c0
0x00007fc1f0154868:   00007fc1f0154890 0000000000000000
0x00007fc1f0154878:   00007fc1f13099a3 00000000be83a8c0
0x00007fc1f0154888:   00007fc1f180b6df 00007fc1f0154908
0x00007fc1f0154898:   00007fc1f9012d98 0000000000000000
0x00007fc1f01548a8:   00000000ecc802e0 00000000ecd7a2e0
0x00007fc1f01548b8:   00007fc1f01548b8 00000000bee0a21e
0x00007fc1f01548c8:   00007fc1f01548c8 0000000000000000
0x00007fc1f01548d8:   00007fc1f0154940 00000000be840990
0x00007fc1f01548e8:   0000000000000000 00000000be83a8c0
0x00007fc1f01548f8:   0000000000000000 00007fc1f0154950
0x00007fc1f0154908:   0000000000000000 00007fc1f90ee304
0x00007fc1f0154918:   00000000ece50440 00007fc1f900ecc0
0x00007fc1f0154928:   0000000000000000 0000000000000000
0x00007fc1f0154938:   00007fc1b4000e30 0000000000000000
0x00007fc1f0154948:   00007fc1f90ee304 00000000ecd79960
0x00007fc1f0154958:   00000000ecb2ba98 0000000100000000
0x00007fc1f0154968:   00000000ecc80288 ecd79960ecd79960
0x00007fc1f0154978:   0000000001600003 ecd79960ecd79960
0x00007fc1f0154988:   00007fc1b4000e30 00000000ecc802e0
0x00007fc1f0154998:   00007fc1ecc0a1c8 00000000ecc802f0
0x00007fc1f01549a8:   00007fc1b4000e30 0000000000000009
0x00007fc1f01549b8:   0000000000000000 00007fc1f0154a20
0x00007fc1f01549c8:   00007fc1f9006058 0000000000000000
0x00007fc1f01549d8:   00000000ecc80288 00007fc1f01549e0
0x00007fc1f01549e8:   00000000be816ce5 00007fc1f0154a30
0x00007fc1f01549f8:   00000000be822730 0000000000000000
0x00007fc1f0154a08:   00000000be816cf0 00007fc1f01549d0
0x00007fc1f0154a18:   00007fc1f0154a30 00007fc1f0154a78 

Instructions: (pc=0x00007fc1f905b4ba)
0x00007fc1f905b49a:   00 00 00 00 00 00 44 8b 15 41 f9 85 0a 4c 8b ce
0x00007fc1f905b4aa:   41 f6 c2 01 0f 85 2e 00 00 00 4d 33 ca 4d 33 ca
0x00007fc1f905b4ba:   4d 8b 09 4c 8b da 49 c1 eb 02 4b 8b 04 19 49 bb
0x00007fc1f905b4ca:   e8 ad 8b 03 c2 7f 00 00 4c 33 d8 4c 33 d8 45 3b 

Register to memory mapping:

RAX=0x00007fc2038872c0: <offset 0xe1c2c0> in /home/elhadj/jdk1.7.0_80/jre/lib/amd64/server/libjvm.so at 0x00007fc202a6b000
RBX=0x00000000be83a8c0 is an oop
{method} 
 - klass: {other class}
RCX=0x00007fc2042dc320: <offset 0x219320> in /lib/x86_64-linux-gnu/libpthread.so.0 at 0x00007fc2040c3000
RDX=0x0000000000000042 is an unknown value
RSP=0x00007fc1f0154828 is pointing into the stack for thread: 0x00007fc1fc1c5800
RBP=0x00007fc1f0154850 is pointing into the stack for thread: 0x00007fc1fc1c5800
RSI=0x0000000000000000 is an unknown value
RDI=0x00007fc1fc1c59e8 is an unknown value
R8 =0x0000000000000005 is an unknown value
R9 =0x0000000000000000 is an unknown value
R10=0x0000000000000080 is an unknown value
R11=0x00007fc203320940: <offset 0x8b5940> in /home/elhadj/jdk1.7.0_80/jre/lib/amd64/server/libjvm.so at 0x00007fc202a6b000
R12=0x00007fc1fc1c59e8 is an unknown value
R13=0x0000000000000000 is an unknown value
R14=0x00007fc1f1a4afe0: <offset 0x253fe0> in /home/elhadj/jdk1.7.0_80/jre/lib/amd64/xawt/libmawt.so at 0x00007fc1f17f7000
R15=0x00007fc1fc1c5800 is a thread


Stack: [0x00007fc1f0055000,0x00007fc1f0156000],  sp=0x00007fc1f0154828,  free space=1022k
Native frames: (J=compiled Java code, j=interpreted, Vv=VM code, C=native code)
v  ~BufferBlob::jni_fast_GetLongField

Java frames: (J=compiled Java code, j=interpreted, Vv=VM code)
j  sun.awt.X11.XlibWrapper.XFilterEvent(JJ)Z+0
J 204% C2 sun.awt.X11.XToolkit.run(Z)V (410 bytes) @ 0x00007fc1f90ee304 [0x00007fc1f90ed860+0xaa4]
j  sun.awt.X11.XToolkit.run()V+5
j  java.lang.Thread.run()V+11
v  ~StubRoutines::call_stub

---------------  P R O C E S S  ---------------

Java Threads: ( => current thread )
  0x00007fc1ac251000 JavaThread "TimerQueue" daemon [_thread_blocked, id=3380, stack(0x00007fc1eaba9000,0x00007fc1eacaa000)]
  0x00007fc1fc00a000 JavaThread "DestroyJavaVM" [_thread_blocked, id=3359, stack(0x00007fc2043dd000,0x00007fc2044de000)]
  0x00007fc1fc1e0000 JavaThread "AWT-EventQueue-0" [_thread_blocked, id=3377, stack(0x00007fc1eb547000,0x00007fc1eb648000)]
  0x00007fc1fc25c000 JavaThread "AWT-Shutdown" [_thread_blocked, id=3376, stack(0x00007fc1eb648000,0x00007fc1eb749000)]
=>0x00007fc1fc1c5800 JavaThread "AWT-XAWT" daemon [_thread_in_native, id=3375, stack(0x00007fc1f0055000,0x00007fc1f0156000)]
  0x00007fc1fc1a6000 JavaThread "Java2D Disposer" daemon [_thread_blocked, id=3374, stack(0x00007fc1f0566000,0x00007fc1f0667000)]
  0x00007fc1fc0a0800 JavaThread "Service Thread" daemon [_thread_blocked, id=3372, stack(0x00007fc1f1e1f000,0x00007fc1f1f20000)]
  0x00007fc1fc09e000 JavaThread "C2 CompilerThread1" daemon [_thread_blocked, id=3371, stack(0x00007fc1f80e9000,0x00007fc1f81ea000)]
  0x00007fc1fc09b800 JavaThread "C2 CompilerThread0" daemon [_thread_blocked, id=3370, stack(0x00007fc1f81ea000,0x00007fc1f82eb000)]
  0x00007fc1fc099000 JavaThread "Signal Dispatcher" daemon [_thread_blocked, id=3369, stack(0x00007fc1f82eb000,0x00007fc1f83ec000)]
  0x00007fc1fc070000 JavaThread "Finalizer" daemon [_thread_blocked, id=3368, stack(0x00007fc1f86f7000,0x00007fc1f87f8000)]
  0x00007fc1fc06e000 JavaThread "Reference Handler" daemon [_thread_blocked, id=3367, stack(0x00007fc1f87f8000,0x00007fc1f88f9000)]

Other Threads:
  0x00007fc1fc069800 VMThread [stack: 0x00007fc1f88f9000,0x00007fc1f89fa000] [id=3366]
  0x00007fc1fc0ab800 WatcherThread [stack: 0x00007fc1f1d1e000,0x00007fc1f1e1f000] [id=3373]

VM state:not at safepoint (normal execution)

VM Mutex/Monitor currently owned by a thread: None

Heap
 PSYoungGen      total 18432K, used 17625K [0x00000000ebc80000, 0x00000000ed100000, 0x0000000100000000)
  eden space 15872K, 95% used [0x00000000ebc80000,0x00000000ecb3e4a0,0x00000000ecc00000)
  from space 2560K, 98% used [0x00000000ecc00000,0x00000000ece78020,0x00000000ece80000)
  to   space 2560K, 0% used [0x00000000ece80000,0x00000000ece80000,0x00000000ed100000)
 ParOldGen       total 40960K, used 951K [0x00000000c3600000, 0x00000000c5e00000, 0x00000000ebc80000)
  object space 40960K, 2% used [0x00000000c3600000,0x00000000c36edc58,0x00000000c5e00000)
 PSPermGen       total 21504K, used 17286K [0x00000000be400000, 0x00000000bf900000, 0x00000000c3600000)
  object space 21504K, 80% used [0x00000000be400000,0x00000000bf4e1840,0x00000000bf900000)

Card table byte_map: [0x00007fc2014c1000,0x00007fc2016d0000] byte_map_base: 0x00007fc200ecf000

Polling page: 0x00007fc204500000

Code Cache  [0x00007fc1f9000000, 0x00007fc1f9270000, 0x00007fc1fc000000)
 total_blobs=724 nmethods=189 adapters=488 free_code_cache=48217Kb largest_free_block=49318528

Compilation events (10 events):
Event: 67,383 Thread 0x00007fc1fc09b800  197             java.lang.Long::valueOf (36 bytes)
Event: 67,386 Thread 0x00007fc1fc09b800 nmethod 197 0x00007fc1f90e3210 code [0x00007fc1f90e3360, 0x00007fc1f90e3478]
Event: 380,683 Thread 0x00007fc1fc09e000  198             sun.awt.X11.XToolkit::getDisplay (4 bytes)
Event: 380,684 Thread 0x00007fc1fc09e000 nmethod 198 0x00007fc1f90e15d0 code [0x00007fc1f90e1700, 0x00007fc1f90e1758]
Event: 3121,776 Thread 0x00007fc1fc09b800  201   !         sun.awt.X11.XToolkit::callTimeoutTasks (220 bytes)
Event: 3121,778 Thread 0x00007fc1fc09b800 nmethod 201 0x00007fc1f90e2950 code [0x00007fc1f90e2ac0, 0x00007fc1f90e2c18]
Event: 3913,005 Thread 0x00007fc1fc09e000  202   !         sun.awt.X11.XToolkit::getNextTaskTime (55 bytes)
Event: 3913,016 Thread 0x00007fc1fc09e000 nmethod 202 0x00007fc1f90e1d50 code [0x00007fc1f90e1ee0, 0x00007fc1f90e21d0]
Event: 5112,856 Thread 0x00007fc1fc09b800  204 % !         sun.awt.X11.XToolkit::run @ 59 (410 bytes)
Event: 5112,980 Thread 0x00007fc1fc09b800 nmethod 204% 0x00007fc1f90ed150 code [0x00007fc1f90ed860, 0x00007fc1f90f1640]

GC Heap History (2 events):
Event: 4,251 GC heap before
{Heap before GC invocations=1 (full 0):
 PSYoungGen      total 18432K, used 15872K [0x00000000ebc80000, 0x00000000ed100000, 0x0000000100000000)
  eden space 15872K, 100% used [0x00000000ebc80000,0x00000000ecc00000,0x00000000ecc00000)
  from space 2560K, 0% used [0x00000000ece80000,0x00000000ece80000,0x00000000ed100000)
  to   space 2560K, 0% used [0x00000000ecc00000,0x00000000ecc00000,0x00000000ece80000)
 ParOldGen       total 40960K, used 0K [0x00000000c3600000, 0x00000000c5e00000, 0x00000000ebc80000)
  object space 40960K, 0% used [0x00000000c3600000,0x00000000c3600000,0x00000000c5e00000)
 PSPermGen       total 21504K, used 14253K [0x00000000be400000, 0x00000000bf900000, 0x00000000c3600000)
  object space 21504K, 66% used [0x00000000be400000,0x00000000bf1eb720,0x00000000bf900000)
Event: 4,260 GC heap after
Heap after GC invocations=1 (full 0):
 PSYoungGen      total 18432K, used 2528K [0x00000000ebc80000, 0x00000000ed100000, 0x0000000100000000)
  eden space 15872K, 0% used [0x00000000ebc80000,0x00000000ebc80000,0x00000000ecc00000)
  from space 2560K, 98% used [0x00000000ecc00000,0x00000000ece78020,0x00000000ece80000)
  to   space 2560K, 0% used [0x00000000ece80000,0x00000000ece80000,0x00000000ed100000)
 ParOldGen       total 40960K, used 951K [0x00000000c3600000, 0x00000000c5e00000, 0x00000000ebc80000)
  object space 40960K, 2% used [0x00000000c3600000,0x00000000c36edc58,0x00000000c5e00000)
 PSPermGen       total 21504K, used 14253K [0x00000000be400000, 0x00000000bf900000, 0x00000000c3600000)
  object space 21504K, 66% used [0x00000000be400000,0x00000000bf1eb720,0x00000000bf900000)
}

Deoptimization events (10 events):
Event: 0,530 Thread 0x00007fc1fc1e0000 Uncommon trap: reason=unstable_if action=reinterpret pc=0x00007fc1f9099880 method=java.lang.String.indexOf([CII[CIII)I @ 3
Event: 0,767 Thread 0x00007fc1fc1e0000 Uncommon trap: reason=unstable_if action=reinterpret pc=0x00007fc1f90b3314 method=java.awt.MultipleGradientPaintContext.indexIntoGradientsArrays(F)I @ 13
Event: 0,767 Thread 0x00007fc1fc1e0000 Uncommon trap: reason=unstable_if action=reinterpret pc=0x00007fc1f90aab5c method=java.awt.MultipleGradientPaintContext.indexIntoGradientsArrays(F)I @ 13
Event: 7,327 Thread 0x00007fc1fc1e0000 Uncommon trap: reason=unstable_if action=reinterpret pc=0x00007fc1f90b5fd0 method=java.lang.String.replace(CC)Ljava/lang/String; @ 26
Event: 10,089 Thread 0x00007fc1ac1b8000 Uncommon trap: reason=unstable_if action=reinterpret pc=0x00007fc1f90ae6b4 method=java.util.Properties.load0(Ljava/util/Properties$LineReader;)V @ 56
Event: 10,089 Thread 0x00007fc1ac1b8000 Uncommon trap: reason=unstable_if action=reinterpret pc=0x00007fc1f907c408 method=java.util.Properties$LineReader.readLine()I @ 172
Event: 10,089 Thread 0x00007fc1ac1b8000 Uncommon trap: reason=unstable_if action=reinterpret pc=0x00007fc1f907d074 method=java.util.Properties.loadConvert([CII[C)Ljava/lang/String; @ 57
Event: 10,241 Thread 0x00007fc1fc1e0000 Uncommon trap: reason=unstable_if action=reinterpret pc=0x00007fc1f90b24e4 method=java.awt.MultipleGradientPaintContext.indexIntoGradientsArrays(F)I @ 24
Event: 10,241 Thread 0x00007fc1fc1e0000 Uncommon trap: reason=unstable_if action=reinterpret pc=0x00007fc1f90b1a8c method=java.awt.MultipleGradientPaintContext.indexIntoGradientsArrays(F)I @ 24
Event: 10,253 Thread 0x00007fc1fc1e0000 Uncommon trap: reason=unstable_if action=reinterpret pc=0x00007fc1f9078d88 method=java.awt.MultipleGradientPaintContext.indexIntoGradientsArrays(F)I @ 118

Internal exceptions (10 events):
Event: 20,199 Thread 0x00007fc1fc1e0000 Threw 0x00000000ec598740 at /HUDSON/workspace/7u-2-build-linux-amd64/jdk7u80/2329/hotspot/src/share/vm/prims/jvm.cpp:1319
Event: 20,210 Thread 0x00007fc1fc1e0000 Threw 0x00000000ec59f240 at /HUDSON/workspace/7u-2-build-linux-amd64/jdk7u80/2329/hotspot/src/share/vm/prims/jvm.cpp:1319
Event: 20,214 Thread 0x00007fc1fc1e0000 Threw 0x00000000ec5a4970 at /HUDSON/workspace/7u-2-build-linux-amd64/jdk7u80/2329/hotspot/src/share/vm/prims/jvm.cpp:1319
Event: 20,242 Thread 0x00007fc1fc1e0000 Threw 0x00000000ec5ee0b8 at /HUDSON/workspace/7u-2-build-linux-amd64/jdk7u80/2329/hotspot/src/share/vm/prims/jvm.cpp:1319
Event: 20,243 Thread 0x00007fc1fc1e0000 Threw 0x00000000ec5f0fb0 at /HUDSON/workspace/7u-2-build-linux-amd64/jdk7u80/2329/hotspot/src/share/vm/prims/jvm.cpp:1319
Event: 20,244 Thread 0x00007fc1fc1e0000 Threw 0x00000000ec5f41c0 at /HUDSON/workspace/7u-2-build-linux-amd64/jdk7u80/2329/hotspot/src/share/vm/prims/jvm.cpp:1319
Event: 23,874 Thread 0x00007fc1fc1e0000 Threw 0x00000000ec70ffa0 at /HUDSON/workspace/7u-2-build-linux-amd64/jdk7u80/2329/hotspot/src/share/vm/prims/jvm.cpp:1319
Event: 23,881 Thread 0x00007fc1fc1e0000 Threw 0x00000000ec71d350 at /HUDSON/workspace/7u-2-build-linux-amd64/jdk7u80/2329/hotspot/src/share/vm/prims/jvm.cpp:1319
Event: 23,882 Thread 0x00007fc1fc1e0000 Threw 0x00000000ec71f4b8 at /HUDSON/workspace/7u-2-build-linux-amd64/jdk7u80/2329/hotspot/src/share/vm/prims/jvm.cpp:1319
Event: 24,008 Thread 0x00007fc1fc1e0000 Threw 0x00000000ec7b1638 at /HUDSON/workspace/7u-2-build-linux-amd64/jdk7u80/2329/hotspot/src/share/vm/prims/jni.cpp:743

Events (10 events):
Event: 44,233 loading class 0x00007fc1d005f920
Event: 44,233 loading class 0x00007fc1d005f920 done
Event: 67,252 loading class 0x00007fc1ac11db50
Event: 67,252 loading class 0x00007fc1ac11db50 done
Event: 380,684 Thread 0x00007fc1fc09e000 flushing nmethod 0x00007fc1f907bd50
Event: 380,684 Thread 0x00007fc1fc09e000 flushing nmethod 0x00007fc1f907cc90
Event: 7048,972 loading class 0x00007fc1fc190580
Event: 7054,797 loading class 0x00007fc1fc190580 done
Event: 7055,075 loading class 0x00007fc1fc18f060
Event: 7057,183 loading class 0x00007fc1fc18f060 done


Dynamic libraries:
00400000-00401000 r-xp 00000000 08:05 4593982                            /home/elhadj/jdk1.7.0_80/bin/java
00600000-00601000 rw-p 00000000 08:05 4593982                            /home/elhadj/jdk1.7.0_80/bin/java
0218c000-021ad000 rw-p 00000000 00:00 0                                  [heap]
be400000-bf900000 rw-p 00000000 00:00 0 
bf900000-c3600000 rw-p 00000000 00:00 0 
c3600000-c5e00000 rw-p 00000000 00:00 0 
c5e00000-ebc80000 rw-p 00000000 00:00 0 
ebc80000-ed100000 rw-p 00000000 00:00 0 
ed100000-100000000 rw-p 00000000 00:00 0 
7fc1a4000000-7fc1a4037000 rw-p 00000000 00:00 0 
7fc1a4037000-7fc1a8000000 ---p 00000000 00:00 0 
7fc1a8000000-7fc1a8021000 rw-p 00000000 00:00 0 
7fc1a8021000-7fc1ac000000 ---p 00000000 00:00 0 
7fc1ac000000-7fc1ac2b7000 rw-p 00000000 00:00 0 
7fc1ac2b7000-7fc1b0000000 ---p 00000000 00:00 0 
7fc1b0000000-7fc1b0021000 rw-p 00000000 00:00 0 
7fc1b0021000-7fc1b4000000 ---p 00000000 00:00 0 
7fc1b4000000-7fc1b4032000 rw-p 00000000 00:00 0 
7fc1b4032000-7fc1b8000000 ---p 00000000 00:00 0 
7fc1b8000000-7fc1b8021000 rw-p 00000000 00:00 0 
7fc1b8021000-7fc1bc000000 ---p 00000000 00:00 0 
7fc1bc000000-7fc1bc021000 rw-p 00000000 00:00 0 
7fc1bc021000-7fc1c0000000 ---p 00000000 00:00 0 
7fc1c0000000-7fc1c0021000 rw-p 00000000 00:00 0 
7fc1c0021000-7fc1c4000000 ---p 00000000 00:00 0 
7fc1c4000000-7fc1c465b000 rw-p 00000000 00:00 0 
7fc1c465b000-7fc1c8000000 ---p 00000000 00:00 0 
7fc1c8000000-7fc1c8021000 rw-p 00000000 00:00 0 
7fc1c8021000-7fc1cc000000 ---p 00000000 00:00 0 
7fc1cc000000-7fc1cc021000 rw-p 00000000 00:00 0 
7fc1cc021000-7fc1d0000000 ---p 00000000 00:00 0 
7fc1d0000000-7fc1d095f000 rw-p 00000000 00:00 0 
7fc1d095f000-7fc1d4000000 ---p 00000000 00:00 0 
7fc1d4000000-7fc1d4021000 rw-p 00000000 00:00 0 
7fc1d4021000-7fc1d8000000 ---p 00000000 00:00 0 
7fc1d8000000-7fc1d8021000 rw-p 00000000 00:00 0 
7fc1d8021000-7fc1dc000000 ---p 00000000 00:00 0 
7fc1dc000000-7fc1dc021000 rw-p 00000000 00:00 0 
7fc1dc021000-7fc1e0000000 ---p 00000000 00:00 0 
7fc1e0000000-7fc1e0021000 rw-p 00000000 00:00 0 
7fc1e0021000-7fc1e4000000 ---p 00000000 00:00 0 
7fc1e4000000-7fc1e4021000 rw-p 00000000 00:00 0 
7fc1e4021000-7fc1e8000000 ---p 00000000 00:00 0 
7fc1ea6d6000-7fc1ea6e1000 r--s 00000000 08:05 262233                     /var/cache/fontconfig/945677eb7aeaf62f1d50efc3fb3ec7d8-le64.cache-4
7fc1ea6e1000-7fc1ea6e7000 r--s 00000000 08:05 262219                     /var/cache/fontconfig/2cd17615ca594fa2959ae173292e504c-le64.cache-4
7fc1ea6e7000-7fc1ea6e8000 r--s 00000000 08:05 262249                     /var/cache/fontconfig/e7071f4a29fa870f4323321c154eba04-le64.cache-4
7fc1ea6e8000-7fc1ea6e9000 r--s 00000000 08:05 262216                     /var/cache/fontconfig/0d8c3b2ac0904cb8a57a757ad11a4a08-le64.cache-4
7fc1ea6e9000-7fc1ea6f0000 r--s 00000000 08:05 262236                     /var/cache/fontconfig/a755afe4a08bf5b97852ceb7400b47bc-le64.cache-4
7fc1ea6f0000-7fc1ea6f4000 r--s 00000000 08:05 271745                     /var/cache/fontconfig/6d41288fd70b0be22e8c3a91e032eec0-le64.cache-4
7fc1ea6f4000-7fc1ea708000 r--s 00000000 08:05 262214                     /var/cache/fontconfig/04aabc0a78ac019cf9454389977116d2-le64.cache-4
7fc1ea708000-7fc1ea709000 r--s 00000000 08:05 262218                     /var/cache/fontconfig/1ac9eb803944fde146138c791f5cc56a-le64.cache-4
7fc1ea709000-7fc1ea70d000 r--s 00000000 08:05 262222                     /var/cache/fontconfig/385c0604a188198f04d133e54aba7fe7-le64.cache-4
7fc1ea70d000-7fc1ea70e000 r--s 00000000 08:05 262246                     /var/cache/fontconfig/dc05db6664285cc2f12bf69c139ae4c3-le64.cache-4
7fc1ea70e000-7fc1ea710000 r--s 00000000 08:05 262230                     /var/cache/fontconfig/767a8244fc0220cfb567a839d0392e0b-le64.cache-4
7fc1ea710000-7fc1ea723000 r--s 00000000 08:05 262243                     /var/cache/fontconfig/d52a8644073d54c13679302ca1180695-le64.cache-4
7fc1ea723000-7fc1ea72c000 r--s 00000000 08:05 262223                     /var/cache/fontconfig/3f7329c5293ffd510edef78f73874cfd-le64.cache-4
7fc1ea72c000-7fc1ea737000 r--s 00000000 08:05 270644                     /var/cache/fontconfig/d589a48862398ed80a3d6066f4f56f4c-le64.cache-4
7fc1ea96e000-7fc1ea9a8000 r-xp 00000000 08:05 10750921                   /home/elhadj/jdk1.7.0_80/jre/lib/amd64/libjpeg.so
7fc1ea9a8000-7fc1eaba8000 ---p 0003a000 08:05 10750921                   /home/elhadj/jdk1.7.0_80/jre/lib/amd64/libjpeg.so
7fc1eaba8000-7fc1eaba9000 rw-p 0003a000 08:05 10750921                   /home/elhadj/jdk1.7.0_80/jre/lib/amd64/libjpeg.so
7fc1eaba9000-7fc1eabac000 ---p 00000000 00:00 0 
7fc1eabac000-7fc1eacaa000 rw-p 00000000 00:00 0 
7fc1eacaa000-7fc1eacd4000 r-xp 00000000 08:05 10750924                   /home/elhadj/jdk1.7.0_80/jre/lib/amd64/libdcpr.so
7fc1eacd4000-7fc1eaed4000 ---p 0002a000 08:05 10750924                   /home/elhadj/jdk1.7.0_80/jre/lib/amd64/libdcpr.so
7fc1eaed4000-7fc1eaed7000 rw-p 0002a000 08:05 10750924                   /home/elhadj/jdk1.7.0_80/jre/lib/amd64/libdcpr.so
7fc1eaf40000-7fc1eaf44000 r--s 0008b000 08:05 9840644                    /home/elhadj/jdk1.7.0_80/jre/lib/jsse.jar
7fc1eaf44000-7fc1eaf4b000 r--s 00097000 08:05 4990312                    /home/elhadj/.m2/repository/org/postgresql/postgresql/9.4.1208.jre7/postgresql-9.4.1208.jre7.jar
7fc1eaf4b000-7fc1eaf55000 r--s 00253000 08:05 9840629                    /home/elhadj/jdk1.7.0_80/jre/lib/resources.jar
7fc1eb07d000-7fc1eb080000 ---p 00000000 00:00 0 
7fc1eb080000-7fc1eb17e000 rw-p 00000000 00:00 0 
7fc1eb17e000-7fc1eb181000 ---p 00000000 00:00 0 
7fc1eb181000-7fc1eb27f000 rw-p 00000000 00:00 0 
7fc1eb27f000-7fc1eb286000 r--s 00000000 08:05 262220                     /var/cache/fontconfig/3047814df9a2f067bd2d96a2b9c36e5a-le64.cache-4
7fc1eb286000-7fc1eb291000 r--s 00000000 08:05 271866                     /var/cache/fontconfig/83bf95040141907cd45bb53cf7c1c148-le64.cache-4
7fc1eb291000-7fc1eb29e000 r--s 00000000 08:05 266507                     /var/cache/fontconfig/e13b20fdb08344e0e664864cc2ede53d-le64.cache-4
7fc1eb2c8000-7fc1eb331000 r-xp 00000000 08:05 10750990                   /home/elhadj/jdk1.7.0_80/jre/lib/amd64/libt2k.so
7fc1eb331000-7fc1eb530000 ---p 00069000 08:05 10750990                   /home/elhadj/jdk1.7.0_80/jre/lib/amd64/libt2k.so
7fc1eb530000-7fc1eb537000 rw-p 00068000 08:05 10750990                   /home/elhadj/jdk1.7.0_80/jre/lib/amd64/libt2k.so
7fc1eb537000-7fc1eb547000 rw-p 00000000 00:00 0 
7fc1eb547000-7fc1eb54a000 ---p 00000000 00:00 0 
7fc1eb54a000-7fc1eb648000 rw-p 00000000 00:00 0 
7fc1eb648000-7fc1eb64b000 ---p 00000000 00:00 0 
7fc1eb64b000-7fc1eb749000 rw-p 00000000 00:00 0 
7fc1eb749000-7fc1eb759000 r-xp 00000000 08:05 10750988                   /home/elhadj/jdk1.7.0_80/jre/lib/amd64/libnio.so
7fc1eb759000-7fc1eb959000 ---p 00010000 08:05 10750988                   /home/elhadj/jdk1.7.0_80/jre/lib/amd64/libnio.so
7fc1eb959000-7fc1eb95a000 rw-p 00010000 08:05 10750988                   /home/elhadj/jdk1.7.0_80/jre/lib/amd64/libnio.so
7fc1eb95a000-7fc1eb971000 r-xp 00000000 08:05 10750989                   /home/elhadj/jdk1.7.0_80/jre/lib/amd64/libnet.so
7fc1eb971000-7fc1ebb70000 ---p 00017000 08:05 10750989                   /home/elhadj/jdk1.7.0_80/jre/lib/amd64/libnet.so
7fc1ebb70000-7fc1ebb71000 rw-p 00016000 08:05 10750989                   /home/elhadj/jdk1.7.0_80/jre/lib/amd64/libnet.so
7fc1ebb71000-7fc1ebb87000 r-xp 00000000 08:05 4725887                    /lib/x86_64-linux-gnu/libgcc_s.so.1
7fc1ebb87000-7fc1ebd86000 ---p 00016000 08:05 4725887                    /lib/x86_64-linux-gnu/libgcc_s.so.1
7fc1ebd86000-7fc1ebd87000 rw-p 00015000 08:05 4725887                    /lib/x86_64-linux-gnu/libgcc_s.so.1
7fc1ebd87000-7fc1ebdec000 r-xp 00000000 08:05 10750575                   /home/elhadj/jdk1.7.0_80/jre/lib/amd64/libfontmanager.so
7fc1ebdec000-7fc1ebfeb000 ---p 00065000 08:05 10750575                   /home/elhadj/jdk1.7.0_80/jre/lib/amd64/libfontmanager.so
7fc1ebfeb000-7fc1ebff0000 rw-p 00064000 08:05 10750575                   /home/elhadj/jdk1.7.0_80/jre/lib/amd64/libfontmanager.so
7fc1ebff0000-7fc1ec000000 rw-p 00000000 00:00 0 
7fc1ec000000-7fc1ec021000 rw-p 00000000 00:00 0 
7fc1ec021000-7fc1f0000000 ---p 00000000 00:00 0 
7fc1f0000000-7fc1f0001000 r--s 00000000 08:05 270617                     /var/cache/fontconfig/4794a0821666d79190d59a36cb4f44b5-le64.cache-4
7fc1f0001000-7fc1f0006000 r--s 00000000 08:05 262232                     /var/cache/fontconfig/8801497958630a81b71ace7c5f9b32a8-le64.cache-4
7fc1f0055000-7fc1f0058000 ---p 00000000 00:00 0 
7fc1f0058000-7fc1f0156000 rw-p 00000000 00:00 0 
7fc1f0156000-7fc1f015b000 r-xp 00000000 08:05 2498380                    /usr/lib/x86_64-linux-gnu/libXfixes.so.3.1.0
7fc1f015b000-7fc1f035a000 ---p 00005000 08:05 2498380                    /usr/lib/x86_64-linux-gnu/libXfixes.so.3.1.0
7fc1f035a000-7fc1f035b000 r--p 00004000 08:05 2498380                    /usr/lib/x86_64-linux-gnu/libXfixes.so.3.1.0
7fc1f035b000-7fc1f035c000 rw-p 00005000 08:05 2498380                    /usr/lib/x86_64-linux-gnu/libXfixes.so.3.1.0
7fc1f035c000-7fc1f0365000 r-xp 00000000 08:05 2498372                    /usr/lib/x86_64-linux-gnu/libXcursor.so.1.0.2
7fc1f0365000-7fc1f0564000 ---p 00009000 08:05 2498372                    /usr/lib/x86_64-linux-gnu/libXcursor.so.1.0.2
7fc1f0564000-7fc1f0565000 r--p 00008000 08:05 2498372                    /usr/lib/x86_64-linux-gnu/libXcursor.so.1.0.2
7fc1f0565000-7fc1f0566000 rw-p 00009000 08:05 2498372                    /usr/lib/x86_64-linux-gnu/libXcursor.so.1.0.2
7fc1f0566000-7fc1f0569000 ---p 00000000 00:00 0 
7fc1f0569000-7fc1f0667000 rw-p 00000000 00:00 0 
7fc1f0667000-7fc1f066c000 r-xp 00000000 08:05 2498376                    /usr/lib/x86_64-linux-gnu/libXdmcp.so.6.0.0
7fc1f066c000-7fc1f086b000 ---p 00005000 08:05 2498376                    /usr/lib/x86_64-linux-gnu/libXdmcp.so.6.0.0
7fc1f086b000-7fc1f086c000 r--p 00004000 08:05 2498376                    /usr/lib/x86_64-linux-gnu/libXdmcp.so.6.0.0
7fc1f086c000-7fc1f086d000 rw-p 00005000 08:05 2498376                    /usr/lib/x86_64-linux-gnu/libXdmcp.so.6.0.0
7fc1f086d000-7fc1f086f000 r-xp 00000000 08:05 2498365                    /usr/lib/x86_64-linux-gnu/libXau.so.6.0.0
7fc1f086f000-7fc1f0a6f000 ---p 00002000 08:05 2498365                    /usr/lib/x86_64-linux-gnu/libXau.so.6.0.0
7fc1f0a6f000-7fc1f0a70000 r--p 00002000 08:05 2498365                    /usr/lib/x86_64-linux-gnu/libXau.so.6.0.0
7fc1f0a70000-7fc1f0a71000 rw-p 00003000 08:05 2498365                    /usr/lib/x86_64-linux-gnu/libXau.so.6.0.0
7fc1f0a71000-7fc1f0a8e000 r-xp 00000000 08:05 2499431                    /usr/lib/x86_64-linux-gnu/libxcb.so.1.1.0
7fc1f0a8e000-7fc1f0c8e000 ---p 0001d000 08:05 2499431                    /usr/lib/x86_64-linux-gnu/libxcb.so.1.1.0
7fc1f0c8e000-7fc1f0c8f000 r--p 0001d000 08:05 2499431                    /usr/lib/x86_64-linux-gnu/libxcb.so.1.1.0
7fc1f0c8f000-7fc1f0c90000 rw-p 0001e000 08:05 2499431                    /usr/lib/x86_64-linux-gnu/libxcb.so.1.1.0
7fc1f0c90000-7fc1f0c9f000 r-xp 00000000 08:05 2498386                    /usr/lib/x86_64-linux-gnu/libXi.so.6.1.0
7fc1f0c9f000-7fc1f0e9e000 ---p 0000f000 08:05 2498386                    /usr/lib/x86_64-linux-gnu/libXi.so.6.1.0
7fc1f0e9e000-7fc1f0e9f000 r--p 0000e000 08:05 2498386                    /usr/lib/x86_64-linux-gnu/libXi.so.6.1.0
7fc1f0e9f000-7fc1f0ea0000 rw-p 0000f000 08:05 2498386                    /usr/lib/x86_64-linux-gnu/libXi.so.6.1.0
7fc1f0ea0000-7fc1f0ea5000 r-xp 00000000 08:05 2498406                    /usr/lib/x86_64-linux-gnu/libXtst.so.6.1.0
7fc1f0ea5000-7fc1f10a4000 ---p 00005000 08:05 2498406                    /usr/lib/x86_64-linux-gnu/libXtst.so.6.1.0
7fc1f10a4000-7fc1f10a5000 r--p 00004000 08:05 2498406                    /usr/lib/x86_64-linux-gnu/libXtst.so.6.1.0
7fc1f10a5000-7fc1f10a6000 rw-p 00005000 08:05 2498406                    /usr/lib/x86_64-linux-gnu/libXtst.so.6.1.0
7fc1f10a6000-7fc1f10af000 r-xp 00000000 08:05 2498400                    /usr/lib/x86_64-linux-gnu/libXrender.so.1.3.0
7fc1f10af000-7fc1f12ae000 ---p 00009000 08:05 2498400                    /usr/lib/x86_64-linux-gnu/libXrender.so.1.3.0
7fc1f12ae000-7fc1f12af000 r--p 00008000 08:05 2498400                    /usr/lib/x86_64-linux-gnu/libXrender.so.1.3.0
7fc1f12af000-7fc1f12b0000 rw-p 00009000 08:05 2498400                    /usr/lib/x86_64-linux-gnu/libXrender.so.1.3.0
7fc1f12b0000-7fc1f13e0000 r-xp 00000000 08:05 2498361                    /usr/lib/x86_64-linux-gnu/libX11.so.6.3.0
7fc1f13e0000-7fc1f15e0000 ---p 00130000 08:05 2498361                    /usr/lib/x86_64-linux-gnu/libX11.so.6.3.0
7fc1f15e0000-7fc1f15e1000 r--p 00130000 08:05 2498361                    /usr/lib/x86_64-linux-gnu/libX11.so.6.3.0
7fc1f15e1000-7fc1f15e5000 rw-p 00131000 08:05 2498361                    /usr/lib/x86_64-linux-gnu/libX11.so.6.3.0
7fc1f15e5000-7fc1f15f6000 r-xp 00000000 08:05 2498378                    /usr/lib/x86_64-linux-gnu/libXext.so.6.4.0
7fc1f15f6000-7fc1f17f5000 ---p 00011000 08:05 2498378                    /usr/lib/x86_64-linux-gnu/libXext.so.6.4.0
7fc1f17f5000-7fc1f17f6000 r--p 00010000 08:05 2498378                    /usr/lib/x86_64-linux-gnu/libXext.so.6.4.0
7fc1f17f6000-7fc1f17f7000 rw-p 00011000 08:05 2498378                    /usr/lib/x86_64-linux-gnu/libXext.so.6.4.0
7fc1f17f7000-7fc1f1847000 r-xp 00000000 08:05 10750636                   /home/elhadj/jdk1.7.0_80/jre/lib/amd64/xawt/libmawt.so
7fc1f1847000-7fc1f1a47000 ---p 00050000 08:05 10750636                   /home/elhadj/jdk1.7.0_80/jre/lib/amd64/xawt/libmawt.so
7fc1f1a47000-7fc1f1a4b000 rw-p 00050000 08:05 10750636                   /home/elhadj/jdk1.7.0_80/jre/lib/amd64/xawt/libmawt.so
7fc1f1a4b000-7fc1f1a4c000 rw-p 00000000 00:00 0 
7fc1f1a4c000-7fc1f1aee000 r-xp 00000000 08:05 10750991                   /home/elhadj/jdk1.7.0_80/jre/lib/amd64/libawt.so
7fc1f1aee000-7fc1f1cee000 ---p 000a2000 08:05 10750991                   /home/elhadj/jdk1.7.0_80/jre/lib/amd64/libawt.so
7fc1f1cee000-7fc1f1cfa000 rw-p 000a2000 08:05 10750991                   /home/elhadj/jdk1.7.0_80/jre/lib/amd64/libawt.so
7fc1f1cfa000-7fc1f1d1e000 rw-p 00000000 00:00 0 
7fc1f1d1e000-7fc1f1d1f000 ---p 00000000 00:00 0 
7fc1f1d1f000-7fc1f1e1f000 rw-p 00000000 00:00 0 
7fc1f1e1f000-7fc1f1e22000 ---p 00000000 00:00 0 
7fc1f1e22000-7fc1f4000000 rw-p 00000000 00:00 0 
7fc1f4000000-7fc1f4021000 rw-p 00000000 00:00 0 
7fc1f4021000-7fc1f8000000 ---p 00000000 00:00 0 
7fc1f8000000-7fc1f8001000 r--s 00000000 08:05 262226                     /var/cache/fontconfig/56cf4f4769d0f4abc89a4895d7bd3ae1-le64.cache-4
7fc1f8001000-7fc1f8002000 r--s 00000000 08:05 262238                     /var/cache/fontconfig/b9d506c9ac06c20b433354fa67a72993-le64.cache-4
7fc1f8002000-7fc1f8008000 r--s 00000000 08:05 262237                     /var/cache/fontconfig/b47c4e1ecd0709278f4910c18777a504-le64.cache-4
7fc1f8008000-7fc1f8009000 r--s 00000000 08:05 262215                     /var/cache/fontconfig/0c9eb80ebd1c36541ebe2852d3bb0c49-le64.cache-4
7fc1f8009000-7fc1f800d000 r--s 00000000 08:05 271744                     /var/cache/fontconfig/7ef2298fde41cc6eeb7af42e48b7d293-le64.cache-4
7fc1f80a1000-7fc1f80ac000 r--s 00000000 08:05 262233                     /var/cache/fontconfig/945677eb7aeaf62f1d50efc3fb3ec7d8-le64.cache-4
7fc1f80ac000-7fc1f80b2000 r--s 00000000 08:05 262219                     /var/cache/fontconfig/2cd17615ca594fa2959ae173292e504c-le64.cache-4
7fc1f80b2000-7fc1f80b3000 r--s 00000000 08:05 262249                     /var/cache/fontconfig/e7071f4a29fa870f4323321c154eba04-le64.cache-4
7fc1f80b3000-7fc1f80b4000 r--s 00000000 08:05 262216                     /var/cache/fontconfig/0d8c3b2ac0904cb8a57a757ad11a4a08-le64.cache-4
7fc1f80b4000-7fc1f80bb000 r--s 00000000 08:05 262236                     /var/cache/fontconfig/a755afe4a08bf5b97852ceb7400b47bc-le64.cache-4
7fc1f80bb000-7fc1f80bf000 r--s 00000000 08:05 271745                     /var/cache/fontconfig/6d41288fd70b0be22e8c3a91e032eec0-le64.cache-4
7fc1f80bf000-7fc1f80d3000 r--s 00000000 08:05 262214                     /var/cache/fontconfig/04aabc0a78ac019cf9454389977116d2-le64.cache-4
7fc1f80d3000-7fc1f80d4000 r--s 00000000 08:05 262218                     /var/cache/fontconfig/1ac9eb803944fde146138c791f5cc56a-le64.cache-4
7fc1f80d4000-7fc1f80d8000 r--s 00000000 08:05 262222                     /var/cache/fontconfig/385c0604a188198f04d133e54aba7fe7-le64.cache-4
7fc1f80d8000-7fc1f80d9000 r--s 00000000 08:05 262246                     /var/cache/fontconfig/dc05db6664285cc2f12bf69c139ae4c3-le64.cache-4
7fc1f80d9000-7fc1f80db000 r--s 00000000 08:05 262230                     /var/cache/fontconfig/767a8244fc0220cfb567a839d0392e0b-le64.cache-4
7fc1f80db000-7fc1f80dc000 r--s 00000000 08:05 270617                     /var/cache/fontconfig/4794a0821666d79190d59a36cb4f44b5-le64.cache-4
7fc1f80dc000-7fc1f80e1000 r--s 00000000 08:05 262232                     /var/cache/fontconfig/8801497958630a81b71ace7c5f9b32a8-le64.cache-4
7fc1f80e1000-7fc1f80e8000 r--s 00000000 08:05 262220                     /var/cache/fontconfig/3047814df9a2f067bd2d96a2b9c36e5a-le64.cache-4
7fc1f80e8000-7fc1f80e9000 r--s 00000000 08:05 262226                     /var/cache/fontconfig/56cf4f4769d0f4abc89a4895d7bd3ae1-le64.cache-4
7fc1f80e9000-7fc1f80ec000 ---p 00000000 00:00 0 
7fc1f80ec000-7fc1f81ea000 rw-p 00000000 00:00 0 
7fc1f81ea000-7fc1f81ed000 ---p 00000000 00:00 0 
7fc1f81ed000-7fc1f82eb000 rw-p 00000000 00:00 0 
7fc1f82eb000-7fc1f82ee000 ---p 00000000 00:00 0 
7fc1f82ee000-7fc1f83ec000 rw-p 00000000 00:00 0 
7fc1f83ec000-7fc1f86f7000 r--p 00000000 08:05 2499910                    /usr/lib/locale/locale-archive
7fc1f86f7000-7fc1f86fa000 ---p 00000000 00:00 0 
7fc1f86fa000-7fc1f87f8000 rw-p 00000000 00:00 0 
7fc1f87f8000-7fc1f87fb000 ---p 00000000 00:00 0 
7fc1f87fb000-7fc1f88f9000 rw-p 00000000 00:00 0 
7fc1f88f9000-7fc1f88fa000 ---p 00000000 00:00 0 
7fc1f88fa000-7fc1f9000000 rw-p 00000000 00:00 0 
7fc1f9000000-7fc1f9270000 rwxp 00000000 00:00 0 
7fc1f9270000-7fc1fc263000 rw-p 00000000 00:00 0 
7fc1fc263000-7fc200000000 ---p 00000000 00:00 0 
7fc200000000-7fc200001000 r--s 00000000 08:05 262238                     /var/cache/fontconfig/b9d506c9ac06c20b433354fa67a72993-le64.cache-4
7fc200001000-7fc200007000 r--s 00000000 08:05 262237                     /var/cache/fontconfig/b47c4e1ecd0709278f4910c18777a504-le64.cache-4
7fc200007000-7fc20001a000 r--s 00000000 08:05 262243                     /var/cache/fontconfig/d52a8644073d54c13679302ca1180695-le64.cache-4
7fc20001a000-7fc200023000 r--s 00000000 08:05 262223                     /var/cache/fontconfig/3f7329c5293ffd510edef78f73874cfd-le64.cache-4
7fc200023000-7fc20002e000 r--s 00000000 08:05 270644                     /var/cache/fontconfig/d589a48862398ed80a3d6066f4f56f4c-le64.cache-4
7fc20002e000-7fc200039000 r--s 00000000 08:05 271866                     /var/cache/fontconfig/83bf95040141907cd45bb53cf7c1c148-le64.cache-4
7fc200039000-7fc20006a000 rw-p 00000000 00:00 0 
7fc20006a000-7fc200090000 r--p 00000000 08:05 3279756                    /usr/share/locale-langpack/fr/LC_MESSAGES/libc.mo
7fc200090000-7fc200a89000 rw-p 00000000 00:00 0 
7fc200a89000-7fc200c49000 r--s 039fb000 08:05 9840653                    /home/elhadj/jdk1.7.0_80/jre/lib/rt.jar
7fc200c49000-7fc200f50000 rw-p 00000000 00:00 0 
7fc200f50000-7fc200f51000 ---p 00000000 00:00 0 
7fc200f51000-7fc201051000 rw-p 00000000 00:00 0 
7fc201051000-7fc201052000 ---p 00000000 00:00 0 
7fc201052000-7fc201152000 rw-p 00000000 00:00 0 
7fc201152000-7fc201153000 ---p 00000000 00:00 0 
7fc201153000-7fc201253000 rw-p 00000000 00:00 0 
7fc201253000-7fc201254000 ---p 00000000 00:00 0 
7fc201254000-7fc20135f000 rw-p 00000000 00:00 0 
7fc20135f000-7fc20137d000 rw-p 00000000 00:00 0 
7fc20137d000-7fc201391000 rw-p 00000000 00:00 0 
7fc201391000-7fc2014c1000 rw-p 00000000 00:00 0 
7fc2014c1000-7fc2014cc000 rw-p 00000000 00:00 0 
7fc2014cc000-7fc2014ea000 rw-p 00000000 00:00 0 
7fc2014ea000-7fc2014fe000 rw-p 00000000 00:00 0 
7fc2014fe000-7fc20162d000 rw-p 00000000 00:00 0 
7fc20162d000-7fc201638000 rw-p 00000000 00:00 0 
7fc201638000-7fc2016cf000 rw-p 00000000 00:00 0 
7fc2016cf000-7fc2016d0000 rw-p 00000000 00:00 0 
7fc2016d0000-7fc2016e7000 r-xp 00000000 08:05 10750987                   /home/elhadj/jdk1.7.0_80/jre/lib/amd64/libzip.so
7fc2016e7000-7fc2018e7000 ---p 00017000 08:05 10750987                   /home/elhadj/jdk1.7.0_80/jre/lib/amd64/libzip.so
7fc2018e7000-7fc2018e8000 rw-p 00017000 08:05 10750987                   /home/elhadj/jdk1.7.0_80/jre/lib/amd64/libzip.so
7fc2018e8000-7fc2018f3000 r-xp 00000000 08:05 4723891                    /lib/x86_64-linux-gnu/libnss_files-2.19.so
7fc2018f3000-7fc201af2000 ---p 0000b000 08:05 4723891                    /lib/x86_64-linux-gnu/libnss_files-2.19.so
7fc201af2000-7fc201af3000 r--p 0000a000 08:05 4723891                    /lib/x86_64-linux-gnu/libnss_files-2.19.so
7fc201af3000-7fc201af4000 rw-p 0000b000 08:05 4723891                    /lib/x86_64-linux-gnu/libnss_files-2.19.so
7fc201af4000-7fc201aff000 r-xp 00000000 08:05 4723883                    /lib/x86_64-linux-gnu/libnss_nis-2.19.so
7fc201aff000-7fc201cfe000 ---p 0000b000 08:05 4723883                    /lib/x86_64-linux-gnu/libnss_nis-2.19.so
7fc201cfe000-7fc201cff000 r--p 0000a000 08:05 4723883                    /lib/x86_64-linux-gnu/libnss_nis-2.19.so
7fc201cff000-7fc201d00000 rw-p 0000b000 08:05 4723883                    /lib/x86_64-linux-gnu/libnss_nis-2.19.so
7fc201d00000-7fc201d17000 r-xp 00000000 08:05 4723879                    /lib/x86_64-linux-gnu/libnsl-2.19.so
7fc201d17000-7fc201f16000 ---p 00017000 08:05 4723879                    /lib/x86_64-linux-gnu/libnsl-2.19.so
7fc201f16000-7fc201f17000 r--p 00016000 08:05 4723879                    /lib/x86_64-linux-gnu/libnsl-2.19.so
7fc201f17000-7fc201f18000 rw-p 00017000 08:05 4723879                    /lib/x86_64-linux-gnu/libnsl-2.19.so
7fc201f18000-7fc201f1a000 rw-p 00000000 00:00 0 
7fc201f1a000-7fc201f23000 r-xp 00000000 08:05 4723878                    /lib/x86_64-linux-gnu/libnss_compat-2.19.so
7fc201f23000-7fc202122000 ---p 00009000 08:05 4723878                    /lib/x86_64-linux-gnu/libnss_compat-2.19.so
7fc202122000-7fc202123000 r--p 00008000 08:05 4723878                    /lib/x86_64-linux-gnu/libnss_compat-2.19.so
7fc202123000-7fc202124000 rw-p 00009000 08:05 4723878                    /lib/x86_64-linux-gnu/libnss_compat-2.19.so
7fc202124000-7fc20214d000 r-xp 00000000 08:05 10750926                   /home/elhadj/jdk1.7.0_80/jre/lib/amd64/libjava.so
7fc20214d000-7fc20234d000 ---p 00029000 08:05 10750926                   /home/elhadj/jdk1.7.0_80/jre/lib/amd64/libjava.so
7fc20234d000-7fc20234f000 rw-p 00029000 08:05 10750926                   /home/elhadj/jdk1.7.0_80/jre/lib/amd64/libjava.so
7fc20234f000-7fc20235c000 r-xp 00000000 08:05 10750811                   /home/elhadj/jdk1.7.0_80/jre/lib/amd64/libverify.so
7fc20235c000-7fc20255b000 ---p 0000d000 08:05 10750811                   /home/elhadj/jdk1.7.0_80/jre/lib/amd64/libverify.so
7fc20255b000-7fc20255d000 rw-p 0000c000 08:05 10750811                   /home/elhadj/jdk1.7.0_80/jre/lib/amd64/libverify.so
7fc20255d000-7fc202564000 r-xp 00000000 08:05 4723887                    /lib/x86_64-linux-gnu/librt-2.19.so
7fc202564000-7fc202763000 ---p 00007000 08:05 4723887                    /lib/x86_64-linux-gnu/librt-2.19.so
7fc202763000-7fc202764000 r--p 00006000 08:05 4723887                    /lib/x86_64-linux-gnu/librt-2.19.so
7fc202764000-7fc202765000 rw-p 00007000 08:05 4723887                    /lib/x86_64-linux-gnu/librt-2.19.so
7fc202765000-7fc20286a000 r-xp 00000000 08:05 4723873                    /lib/x86_64-linux-gnu/libm-2.19.so
7fc20286a000-7fc202a69000 ---p 00105000 08:05 4723873                    /lib/x86_64-linux-gnu/libm-2.19.so
7fc202a69000-7fc202a6a000 r--p 00104000 08:05 4723873                    /lib/x86_64-linux-gnu/libm-2.19.so
7fc202a6a000-7fc202a6b000 rw-p 00105000 08:05 4723873                    /lib/x86_64-linux-gnu/libm-2.19.so
7fc202a6b000-7fc2035e1000 r-xp 00000000 08:05 10750598                   /home/elhadj/jdk1.7.0_80/jre/lib/amd64/server/libjvm.so
7fc2035e1000-7fc2037e0000 ---p 00b76000 08:05 10750598                   /home/elhadj/jdk1.7.0_80/jre/lib/amd64/server/libjvm.so
7fc2037e0000-7fc2038a4000 rw-p 00b75000 08:05 10750598                   /home/elhadj/jdk1.7.0_80/jre/lib/amd64/server/libjvm.so
7fc2038a4000-7fc2038e5000 rw-p 00000000 00:00 0 
7fc2038e5000-7fc203aa0000 r-xp 00000000 08:05 4723888                    /lib/x86_64-linux-gnu/libc-2.19.so
7fc203aa0000-7fc203c9f000 ---p 001bb000 08:05 4723888                    /lib/x86_64-linux-gnu/libc-2.19.so
7fc203c9f000-7fc203ca3000 r--p 001ba000 08:05 4723888                    /lib/x86_64-linux-gnu/libc-2.19.so
7fc203ca3000-7fc203ca5000 rw-p 001be000 08:05 4723888                    /lib/x86_64-linux-gnu/libc-2.19.so
7fc203ca5000-7fc203caa000 rw-p 00000000 00:00 0 
7fc203caa000-7fc203cad000 r-xp 00000000 08:05 4723875                    /lib/x86_64-linux-gnu/libdl-2.19.so
7fc203cad000-7fc203eac000 ---p 00003000 08:05 4723875                    /lib/x86_64-linux-gnu/libdl-2.19.so
7fc203eac000-7fc203ead000 r--p 00002000 08:05 4723875                    /lib/x86_64-linux-gnu/libdl-2.19.so
7fc203ead000-7fc203eae000 rw-p 00003000 08:05 4723875                    /lib/x86_64-linux-gnu/libdl-2.19.so
7fc203eae000-7fc203ec3000 r-xp 00000000 08:05 4333766                    /home/elhadj/jdk1.7.0_80/lib/amd64/jli/libjli.so
7fc203ec3000-7fc2040c2000 ---p 00015000 08:05 4333766                    /home/elhadj/jdk1.7.0_80/lib/amd64/jli/libjli.so
7fc2040c2000-7fc2040c3000 rw-p 00014000 08:05 4333766                    /home/elhadj/jdk1.7.0_80/lib/amd64/jli/libjli.so
7fc2040c3000-7fc2040dc000 r-xp 00000000 08:05 4723880                    /lib/x86_64-linux-gnu/libpthread-2.19.so
7fc2040dc000-7fc2042db000 ---p 00019000 08:05 4723880                    /lib/x86_64-linux-gnu/libpthread-2.19.so
7fc2042db000-7fc2042dc000 r--p 00018000 08:05 4723880                    /lib/x86_64-linux-gnu/libpthread-2.19.so
7fc2042dc000-7fc2042dd000 rw-p 00019000 08:05 4723880                    /lib/x86_64-linux-gnu/libpthread-2.19.so
7fc2042dd000-7fc2042e1000 rw-p 00000000 00:00 0 
7fc2042e1000-7fc204304000 r-xp 00000000 08:05 4723881                    /lib/x86_64-linux-gnu/ld-2.19.so
7fc204304000-7fc204305000 r--s 00000000 08:05 262215                     /var/cache/fontconfig/0c9eb80ebd1c36541ebe2852d3bb0c49-le64.cache-4
7fc204305000-7fc204312000 r--s 00000000 08:05 266507                     /var/cache/fontconfig/e13b20fdb08344e0e664864cc2ede53d-le64.cache-4
7fc204312000-7fc204316000 r--s 00000000 08:05 271744                     /var/cache/fontconfig/7ef2298fde41cc6eeb7af42e48b7d293-le64.cache-4
7fc204316000-7fc20431d000 r--s 00000000 08:05 2892539                    /usr/lib/x86_64-linux-gnu/gconv/gconv-modules.cache
7fc20431d000-7fc204327000 rw-p 00000000 00:00 0 
7fc204327000-7fc2043dd000 rw-p 00000000 00:00 0 
7fc2043dd000-7fc2043e0000 ---p 00000000 00:00 0 
7fc2043e0000-7fc2044f7000 rw-p 00000000 00:00 0 
7fc2044f7000-7fc2044ff000 rw-s 00000000 08:05 4593208                    /tmp/hsperfdata_elhadj/3357
7fc2044ff000-7fc204500000 rw-p 00000000 00:00 0 
7fc204500000-7fc204501000 r--p 00000000 00:00 0 
7fc204501000-7fc204503000 rw-p 00000000 00:00 0 
7fc204503000-7fc204504000 r--p 00022000 08:05 4723881                    /lib/x86_64-linux-gnu/ld-2.19.so
7fc204504000-7fc204505000 rw-p 00023000 08:05 4723881                    /lib/x86_64-linux-gnu/ld-2.19.so
7fc204505000-7fc204506000 rw-p 00000000 00:00 0 
7ffee97ee000-7ffee980f000 rw-p 00000000 00:00 0                          [stack]
7ffee99c0000-7ffee99c2000 r--p 00000000 00:00 0                          [vvar]
7ffee99c2000-7ffee99c4000 r-xp 00000000 00:00 0                          [vdso]
ffffffffff600000-ffffffffff601000 r-xp 00000000 00:00 0                  [vsyscall]

VM Arguments:
java_command: Test.Inscription
Launcher Type: SUN_STANDARD

Environment Variables:
JAVA_HOME=/home/elhadj/jdk1.7.0_80
PATH=/usr/local/sbin:/usr/local/bin:/usr/sbin:/usr/bin:/sbin:/bin:/usr/games:/usr/local/games
LD_LIBRARY_PATH=/home/elhadj/jdk1.7.0_80/jre/lib/amd64:/home/elhadj/jdk1.7.0_80/jre/lib/i386:
SHELL=/bin/bash
DISPLAY=:0

Signal Handlers:
SIGSEGV: [libjvm.so+0x9a3b20], sa_mask[0]=0x7ffbfeff, sa_flags=0x10000004
SIGBUS: [libjvm.so+0x9a3b20], sa_mask[0]=0x7ffbfeff, sa_flags=0x10000004
SIGFPE: [libjvm.so+0x81e740], sa_mask[0]=0x7ffbfeff, sa_flags=0x10000004
SIGPIPE: [libjvm.so+0x81e740], sa_mask[0]=0x7ffbfeff, sa_flags=0x10000004
SIGXFSZ: [libjvm.so+0x81e740], sa_mask[0]=0x7ffbfeff, sa_flags=0x10000004
SIGILL: [libjvm.so+0x81e740], sa_mask[0]=0x7ffbfeff, sa_flags=0x10000004
SIGUSR1: SIG_DFL, sa_mask[0]=0x00000000, sa_flags=0x00000000
SIGUSR2: [libjvm.so+0x81ffb0], sa_mask[0]=0x00000004, sa_flags=0x10000004
SIGHUP: [libjvm.so+0x8210d0], sa_mask[0]=0x7ffbfeff, sa_flags=0x10000004
SIGINT: SIG_IGN, sa_mask[0]=0x00000000, sa_flags=0x00000000
SIGTERM: [libjvm.so+0x8210d0], sa_mask[0]=0x7ffbfeff, sa_flags=0x10000004
SIGQUIT: [libjvm.so+0x8210d0], sa_mask[0]=0x7ffbfeff, sa_flags=0x10000004


---------------  S Y S T E M  ---------------

OS:jessie/sid

uname:Linux 3.19.0-59-generic #66~14.04.1-Ubuntu SMP Fri May 13 17:27:10 UTC 2016 x86_64
libc:glibc 2.19 NPTL 2.19 
rlimit: STACK 8192k, CORE 0k, NPROC 15133, NOFILE 4096, AS infinity
load average:15,24 4,36 1,97

/proc/meminfo:
MemTotal:        3969584 kB
MemFree:         2755724 kB
MemAvailable:    2829940 kB
Buffers:           11104 kB
Cached:           323820 kB
SwapCached:        26560 kB
Active:           740556 kB
Inactive:         319656 kB
Active(anon):     610584 kB
Inactive(anon):   227796 kB
Active(file):     129972 kB
Inactive(file):    91860 kB
Unevictable:          16 kB
Mlocked:              16 kB
SwapTotal:      48828412 kB
SwapFree:       47945208 kB
Dirty:               444 kB
Writeback:             0 kB
AnonPages:        709236 kB
Mapped:           167624 kB
Shmem:            113044 kB
Slab:              77268 kB
SReclaimable:      42624 kB
SUnreclaim:        34644 kB
KernelStack:        8688 kB
PageTables:        21572 kB
NFS_Unstable:          0 kB
Bounce:                0 kB
WritebackTmp:          0 kB
CommitLimit:    50813204 kB
Committed_AS:    4498032 kB
VmallocTotal:   34359738367 kB
VmallocUsed:      560044 kB
VmallocChunk:   34359108552 kB
HardwareCorrupted:     0 kB
AnonHugePages:    411648 kB
CmaTotal:              0 kB
CmaFree:               0 kB
HugePages_Total:       0
HugePages_Free:        0
HugePages_Rsvd:        0
HugePages_Surp:        0
Hugepagesize:       2048 kB
DirectMap4k:      113408 kB
DirectMap2M:     4003840 kB
DirectMap1G:     1048576 kB


CPU:total 4 (2 cores per cpu, 2 threads per core) family 6 model 60 stepping 3, cmov, cx8, fxsr, mmx, sse, sse2, sse3, ssse3, sse4.1, sse4.2, popcnt, avx, avx2, erms, ht, tsc, tscinvbit

/proc/cpuinfo:
processor	: 0
vendor_id	: GenuineIntel
cpu family	: 6
model		: 60
model name	: Intel(R) Core(TM) i3-4000M CPU @ 2.40GHz
stepping	: 3
microcode	: 0x16
cpu MHz		: 1447.406
cache size	: 3072 KB
physical id	: 0
siblings	: 4
core id		: 0
cpu cores	: 2
apicid		: 0
initial apicid	: 0
fpu		: yes
fpu_exception	: yes
cpuid level	: 13
wp		: yes
flags		: fpu vme de pse tsc msr pae mce cx8 apic sep mtrr pge mca cmov pat pse36 clflush dts acpi mmx fxsr sse sse2 ss ht tm pbe syscall nx pdpe1gb rdtscp lm constant_tsc arch_perfmon pebs bts rep_good nopl xtopology nonstop_tsc aperfmperf eagerfpu pni pclmulqdq dtes64 monitor ds_cpl vmx est tm2 ssse3 fma cx16 xtpr pdcm pcid sse4_1 sse4_2 movbe popcnt tsc_deadline_timer xsave avx f16c rdrand lahf_lm abm arat epb pln pts dtherm tpr_shadow vnmi flexpriority ept vpid fsgsbase tsc_adjust bmi1 avx2 smep bmi2 erms invpcid xsaveopt
bugs		:
bogomips	: 4788.91
clflush size	: 64
cache_alignment	: 64
address sizes	: 39 bits physical, 48 bits virtual
power management:

processor	: 1
vendor_id	: GenuineIntel
cpu family	: 6
model		: 60
model name	: Intel(R) Core(TM) i3-4000M CPU @ 2.40GHz
stepping	: 3
microcode	: 0x16
cpu MHz		: 1413.937
cache size	: 3072 KB
physical id	: 0
siblings	: 4
core id		: 0
cpu cores	: 2
apicid		: 1
initial apicid	: 1
fpu		: yes
fpu_exception	: yes
cpuid level	: 13
wp		: yes
flags		: fpu vme de pse tsc msr pae mce cx8 apic sep mtrr pge mca cmov pat pse36 clflush dts acpi mmx fxsr sse sse2 ss ht tm pbe syscall nx pdpe1gb rdtscp lm constant_tsc arch_perfmon pebs bts rep_good nopl xtopology nonstop_tsc aperfmperf eagerfpu pni pclmulqdq dtes64 monitor ds_cpl vmx est tm2 ssse3 fma cx16 xtpr pdcm pcid sse4_1 sse4_2 movbe popcnt tsc_deadline_timer xsave avx f16c rdrand lahf_lm abm arat epb pln pts dtherm tpr_shadow vnmi flexpriority ept vpid fsgsbase tsc_adjust bmi1 avx2 smep bmi2 erms invpcid xsaveopt
bugs		:
bogomips	: 4788.91
clflush size	: 64
cache_alignment	: 64
address sizes	: 39 bits physical, 48 bits virtual
power management:

processor	: 2
vendor_id	: GenuineIntel
cpu family	: 6
model		: 60
model name	: Intel(R) Core(TM) i3-4000M CPU @ 2.40GHz
stepping	: 3
microcode	: 0x16
cpu MHz		: 1523.625
cache size	: 3072 KB
physical id	: 0
siblings	: 4
core id		: 1
cpu cores	: 2
apicid		: 2
initial apicid	: 2
fpu		: yes
fpu_exception	: yes
cpuid level	: 13
wp		: yes
flags		: fpu vme de pse tsc msr pae mce cx8 apic sep mtrr pge mca cmov pat pse36 clflush dts acpi mmx fxsr sse sse2 ss ht tm pbe syscall nx pdpe1gb rdtscp lm constant_tsc arch_perfmon pebs bts rep_good nopl xtopology nonstop_tsc aperfmperf eagerfpu pni pclmulqdq dtes64 monitor ds_cpl vmx est tm2 ssse3 fma cx16 xtpr pdcm pcid sse4_1 sse4_2 movbe popcnt tsc_deadline_timer xsave avx f16c rdrand lahf_lm abm arat epb pln pts dtherm tpr_shadow vnmi flexpriority ept vpid fsgsbase tsc_adjust bmi1 avx2 smep bmi2 erms invpcid xsaveopt
bugs		:
bogomips	: 4788.91
clflush size	: 64
cache_alignment	: 64
address sizes	: 39 bits physical, 48 bits virtual
power management:

processor	: 3
vendor_id	: GenuineIntel
cpu family	: 6
model		: 60
model name	: Intel(R) Core(TM) i3-4000M CPU @ 2.40GHz
stepping	: 3
microcode	: 0x16
cpu MHz		: 904.500
cache size	: 3072 KB
physical id	: 0
siblings	: 4
core id		: 1
cpu cores	: 2
apicid		: 3
initial apicid	: 3
fpu		: yes
fpu_exception	: yes
cpuid level	: 13
wp		: yes
flags		: fpu vme de pse tsc msr pae mce cx8 apic sep mtrr pge mca cmov pat pse36 clflush dts acpi mmx fxsr sse sse2 ss ht tm pbe syscall nx pdpe1gb rdtscp lm constant_tsc arch_perfmon pebs bts rep_good nopl xtopology nonstop_tsc aperfmperf eagerfpu pni pclmulqdq dtes64 monitor ds_cpl vmx est tm2 ssse3 fma cx16 xtpr pdcm pcid sse4_1 sse4_2 movbe popcnt tsc_deadline_timer xsave avx f16c rdrand lahf_lm abm arat epb pln pts dtherm tpr_shadow vnmi flexpriority ept vpid fsgsbase tsc_adjust bmi1 avx2 smep bmi2 erms invpcid xsaveopt
bugs		:
bogomips	: 4788.91
clflush size	: 64
cache_alignment	: 64
address sizes	: 39 bits physical, 48 bits virtual
power management:



Memory: 4k page, physical 3969584k(2755724k free), swap 48828412k(47945208k free)

vm_info: Java HotSpot(TM) 64-Bit Server VM (24.80-b11) for linux-amd64 JRE (1.7.0_80-b15), built on Apr 10 2015 19:53:14 by "java_re" with gcc 4.3.0 20080428 (Red Hat 4.3.0-8)

time: Mon May 23 01:00:25 2016
elapsed time: 7058 seconds

