#
# A fatal error has been detected by the Java Runtime Environment:
#
#  SIGSEGV (0xb) at pc=0x00007f9f206074ba, pid=4037, tid=140320777127680
#
# JRE version: Java(TM) SE Runtime Environment (7.0_80-b15) (build 1.7.0_80-b15)
# Java VM: Java HotSpot(TM) 64-Bit Server VM (24.80-b11 mixed mode linux-amd64 compressed oops)
# Problematic frame:
# v  ~BufferBlob::jni_fast_GetLongField
#
# Failed to write core dump. Core dumps have been disabled. To enable core dumping, try "ulimit -c unlimited" before starting Java again
#
# If you would like to submit a bug report, please visit:
#   http://bugreport.java.com/bugreport/crash.jsp
# The crash happened outside the Java Virtual Machine in native code.
# See problematic frame for where to report the bug.
#

---------------  T H R E A D  ---------------

Current thread (0x00007f9f241cd800):  JavaThread "AWT-XAWT" daemon [_thread_in_native, id=4055, stack(0x00007f9efa034000,0x00007f9efa135000)]

siginfo:si_signo=SIGSEGV: si_errno=0, si_code=1 (SEGV_MAPERR), si_addr=0x0000000000000000

Registers:
RAX=0x00007f9f297d12c0, RBX=0x00000000be83a8c0, RCX=0x00007f9f2a226320, RDX=0x0000000000000042
RSP=0x00007f9efa133838, RBP=0x00007f9efa133860, RSI=0x0000000000000000, RDI=0x00007f9f241cd9e8
R8 =0x0000000000000003, R9 =0x0000000000000000, R10=0x000000000000006e, R11=0x00007f9f2926a940
R12=0x00007f9f241cd9e8, R13=0x0000000000000000, R14=0x00007f9efba29fe0, R15=0x00007f9f241cd800
RIP=0x00007f9f206074ba, EFLAGS=0x0000000000010246, CSGSFS=0x0000000000000033, ERR=0x0000000000000004
  TRAPNO=0x000000000000000e

Top of Stack: (sp=0x00007f9efa133838)
0x00007f9efa133838:   00007f9efb7f4851 00000000be83a8c0
0x00007f9efa133848:   00007f9edc14bd00 00000000be83a8c0
0x00007f9efa133858:   00007f9efa133948 0000000000000000
0x00007f9efa133868:   00007f9efb2f0ae8 00000000be83a8c0
0x00007f9efa133878:   00007f9efa1338a0 0000000000000000
0x00007f9efa133888:   00007f9efb2e89a3 00000000be83a8c0
0x00007f9efa133898:   00007f9efb7ea6df 00007f9efa133910
0x00007f9efa1338a8:   00007f9f205bed98 00007f9f205b2233
0x00007f9efa1338b8:   0000000000000000 00000000ecd4edd8
0x00007f9efa1338c8:   0000000000000000 00007f9efa1338d0
0x00007f9efa1338d8:   0000000000000000 00007f9efa133948
0x00007f9efa1338e8:   00000000be840990 0000000000000000
0x00007f9efa1338f8:   00000000be83a8c0 0000000000000000
0x00007f9efa133908:   00007f9efa133930 00007f9efa133990
0x00007f9efa133918:   00007f9f205b2350 00000000ecd4f6f8
0x00007f9efa133928:   00007f9f205bacc0 0000000000000000
0x00007f9efa133938:   00007f9efa133990 00007f9ee4000e30
0x00007f9efa133948:   00000000ecdf80c0 00007f9efa133950
0x00007f9efa133958:   00000000be816edc 00007f9efa1339d8
0x00007f9efa133968:   00000000be822730 00000000bf4d1628
0x00007f9efa133978:   00000000be817010 00007f9efa133930
0x00007f9efa133988:   00007f9efa1339d0 00007f9efa133a20
0x00007f9efa133998:   00007f9f205b2058 0000000000000000
0x00007f9efa1339a8:   00000000ec238ce0 0000000000000000
0x00007f9efa1339b8:   0000000000000000 0000000000000000
0x00007f9efa1339c8:   00000000ecdf80c0 0000000000000000
0x00007f9efa1339d8:   00000000ecc82ec0 00007f9efa1339e0
0x00007f9efa1339e8:   00000000be816ce5 00007f9efa133a30
0x00007f9efa1339f8:   00000000be822730 0000000000000000
0x00007f9efa133a08:   00000000be816cf0 00007f9efa1339d0
0x00007f9efa133a18:   00007f9efa133a30 00007f9efa133a78
0x00007f9efa133a28:   00007f9f205b2706 00000000ecc82ec0 

Instructions: (pc=0x00007f9f206074ba)
0x00007f9f2060749a:   00 00 00 00 00 00 44 8b 15 41 d9 1f 09 4c 8b ce
0x00007f9f206074aa:   41 f6 c2 01 0f 85 2e 00 00 00 4d 33 ca 4d 33 ca
0x00007f9f206074ba:   4d 8b 09 4c 8b da 49 c1 eb 02 4b 8b 04 19 49 bb
0x00007f9f206074ca:   e8 4d 80 29 9f 7f 00 00 4c 33 d8 4c 33 d8 45 3b 

Register to memory mapping:

RAX=0x00007f9f297d12c0: <offset 0xe1c2c0> in /home/elhadj/jdk1.7.0_80/jre/lib/amd64/server/libjvm.so at 0x00007f9f289b5000
RBX=0x00000000be83a8c0 is an oop
{method} 
 - klass: {other class}
RCX=0x00007f9f2a226320: <offset 0x219320> in /lib/x86_64-linux-gnu/libpthread.so.0 at 0x00007f9f2a00d000
RDX=0x0000000000000042 is an unknown value
RSP=0x00007f9efa133838 is pointing into the stack for thread: 0x00007f9f241cd800
RBP=0x00007f9efa133860 is pointing into the stack for thread: 0x00007f9f241cd800
RSI=0x0000000000000000 is an unknown value
RDI=0x00007f9f241cd9e8 is an unknown value
R8 =0x0000000000000003 is an unknown value
R9 =0x0000000000000000 is an unknown value
R10=0x000000000000006e is an unknown value
R11=0x00007f9f2926a940: <offset 0x8b5940> in /home/elhadj/jdk1.7.0_80/jre/lib/amd64/server/libjvm.so at 0x00007f9f289b5000
R12=0x00007f9f241cd9e8 is an unknown value
R13=0x0000000000000000 is an unknown value
R14=0x00007f9efba29fe0: <offset 0x253fe0> in /home/elhadj/jdk1.7.0_80/jre/lib/amd64/xawt/libmawt.so at 0x00007f9efb7d6000
R15=0x00007f9f241cd800 is a thread


Stack: [0x00007f9efa034000,0x00007f9efa135000],  sp=0x00007f9efa133838,  free space=1022k
Native frames: (J=compiled Java code, j=interpreted, Vv=VM code, C=native code)
v  ~BufferBlob::jni_fast_GetLongField

Java frames: (J=compiled Java code, j=interpreted, Vv=VM code)
j  sun.awt.X11.XlibWrapper.XFilterEvent(JJ)Z+0
j  sun.awt.X11.XToolkit.run(Z)V+300
j  sun.awt.X11.XToolkit.run()V+5
j  java.lang.Thread.run()V+11
v  ~StubRoutines::call_stub

---------------  P R O C E S S  ---------------

Java Threads: ( => current thread )
  0x00007f9edc229800 JavaThread "TimerQueue" daemon [_thread_blocked, id=4059, stack(0x00007f9ef8b03000,0x00007f9ef8c04000)]
  0x00007f9f2400a000 JavaThread "DestroyJavaVM" [_thread_blocked, id=4040, stack(0x00007f9f2a327000,0x00007f9f2a428000)]
  0x00007f9f24262000 JavaThread "AWT-EventQueue-0" [_thread_blocked, id=4057, stack(0x00007f9ef957b000,0x00007f9ef967c000)]
  0x00007f9f24264800 JavaThread "AWT-Shutdown" [_thread_blocked, id=4056, stack(0x00007f9ef967c000,0x00007f9ef977d000)]
=>0x00007f9f241cd800 JavaThread "AWT-XAWT" daemon [_thread_in_native, id=4055, stack(0x00007f9efa034000,0x00007f9efa135000)]
  0x00007f9f241ae000 JavaThread "Java2D Disposer" daemon [_thread_blocked, id=4054, stack(0x00007f9efa545000,0x00007f9efa646000)]
  0x00007f9f24098800 JavaThread "Service Thread" daemon [_thread_blocked, id=4052, stack(0x00007f9efbdfe000,0x00007f9efbeff000)]
  0x00007f9f24096000 JavaThread "C2 CompilerThread1" daemon [_thread_blocked, id=4051, stack(0x00007f9efbeff000,0x00007f9efc000000)]
  0x00007f9f24093800 JavaThread "C2 CompilerThread0" daemon [_thread_blocked, id=4050, stack(0x00007f9f1c0c7000,0x00007f9f1c1c8000)]
  0x00007f9f24091000 JavaThread "Signal Dispatcher" daemon [_thread_blocked, id=4049, stack(0x00007f9f1c1c8000,0x00007f9f1c2c9000)]
  0x00007f9f24070000 JavaThread "Finalizer" daemon [_thread_blocked, id=4048, stack(0x00007f9f1c5d4000,0x00007f9f1c6d5000)]
  0x00007f9f2406e000 JavaThread "Reference Handler" daemon [_thread_blocked, id=4047, stack(0x00007f9f1c6d5000,0x00007f9f1c7d6000)]

Other Threads:
  0x00007f9f24069800 VMThread [stack: 0x00007f9f1c7d6000,0x00007f9f1c8d7000] [id=4046]
  0x00007f9f240a3800 WatcherThread [stack: 0x00007f9efbcfd000,0x00007f9efbdfe000] [id=4053]

VM state:not at safepoint (normal execution)

VM Mutex/Monitor currently owned by a thread: None

Heap
 PSYoungGen      total 18432K, used 18418K [0x00000000ebc80000, 0x00000000ed100000, 0x0000000100000000)
  eden space 15872K, 100% used [0x00000000ebc80000,0x00000000ecc00000,0x00000000ecc00000)
  from space 2560K, 99% used [0x00000000ecc00000,0x00000000ece7c840,0x00000000ece80000)
  to   space 2560K, 0% used [0x00000000ece80000,0x00000000ece80000,0x00000000ed100000)
 ParOldGen       total 40960K, used 916K [0x00000000c3600000, 0x00000000c5e00000, 0x00000000ebc80000)
  object space 40960K, 2% used [0x00000000c3600000,0x00000000c36e50e8,0x00000000c5e00000)
 PSPermGen       total 21504K, used 17234K [0x00000000be400000, 0x00000000bf900000, 0x00000000c3600000)
  object space 21504K, 80% used [0x00000000be400000,0x00000000bf4d4b28,0x00000000bf900000)

Card table byte_map: [0x00007f9f2039d000,0x00007f9f205ac000] byte_map_base: 0x00007f9f1fdab000

Polling page: 0x00007f9f2a44a000

Code Cache  [0x00007f9f205ac000, 0x00007f9f2081c000, 0x00007f9f235ac000)
 total_blobs=744 nmethods=209 adapters=488 free_code_cache=48194Kb largest_free_block=49318528

Compilation events (10 events):
Event: 64,373 Thread 0x00007f9f24093800  218             java.lang.StringBuilder::append (8 bytes)
Event: 64,382 Thread 0x00007f9f24093800 nmethod 218 0x00007f9f2062a350 code [0x00007f9f2062a4a0, 0x00007f9f2062a7b8]
Event: 66,012 Thread 0x00007f9f24096000  219             java.util.LinkedList$ListItr::checkForComodification (23 bytes)
Event: 66,013 Thread 0x00007f9f24096000 nmethod 219 0x00007f9f20628cd0 code [0x00007f9f20628e20, 0x00007f9f20628e98]
Event: 1003,112 Thread 0x00007f9f24093800  220             sun.awt.X11.XToolkit::getDisplay (4 bytes)
Event: 1003,113 Thread 0x00007f9f24093800 nmethod 220 0x00007f9f2062a150 code [0x00007f9f2062a280, 0x00007f9f2062a2d8]
Event: 3829,425 Thread 0x00007f9f24096000  222   !         sun.awt.X11.XToolkit::callTimeoutTasks (220 bytes)
Event: 3829,427 Thread 0x00007f9f24096000 nmethod 222 0x00007f9f20628350 code [0x00007f9f206284c0, 0x00007f9f20628618]
Event: 4330,989 Thread 0x00007f9f24093800  223   !         sun.awt.X11.XToolkit::getNextTaskTime (55 bytes)
Event: 4331,025 Thread 0x00007f9f24093800 nmethod 223 0x00007f9f20693390 code [0x00007f9f20693520, 0x00007f9f20693810]

GC Heap History (2 events):
Event: 3,637 GC heap before
{Heap before GC invocations=1 (full 0):
 PSYoungGen      total 18432K, used 15872K [0x00000000ebc80000, 0x00000000ed100000, 0x0000000100000000)
  eden space 15872K, 100% used [0x00000000ebc80000,0x00000000ecc00000,0x00000000ecc00000)
  from space 2560K, 0% used [0x00000000ece80000,0x00000000ece80000,0x00000000ed100000)
  to   space 2560K, 0% used [0x00000000ecc00000,0x00000000ecc00000,0x00000000ece80000)
 ParOldGen       total 40960K, used 0K [0x00000000c3600000, 0x00000000c5e00000, 0x00000000ebc80000)
  object space 40960K, 0% used [0x00000000c3600000,0x00000000c3600000,0x00000000c5e00000)
 PSPermGen       total 21504K, used 14210K [0x00000000be400000, 0x00000000bf900000, 0x00000000c3600000)
  object space 21504K, 66% used [0x00000000be400000,0x00000000bf1e0ae0,0x00000000bf900000)
Event: 3,650 GC heap after
Heap after GC invocations=1 (full 0):
 PSYoungGen      total 18432K, used 2546K [0x00000000ebc80000, 0x00000000ed100000, 0x0000000100000000)
  eden space 15872K, 0% used [0x00000000ebc80000,0x00000000ebc80000,0x00000000ecc00000)
  from space 2560K, 99% used [0x00000000ecc00000,0x00000000ece7c840,0x00000000ece80000)
  to   space 2560K, 0% used [0x00000000ece80000,0x00000000ece80000,0x00000000ed100000)
 ParOldGen       total 40960K, used 916K [0x00000000c3600000, 0x00000000c5e00000, 0x00000000ebc80000)
  object space 40960K, 2% used [0x00000000c3600000,0x00000000c36e50e8,0x00000000c5e00000)
 PSPermGen       total 21504K, used 14210K [0x00000000be400000, 0x00000000bf900000, 0x00000000c3600000)
  object space 21504K, 66% used [0x00000000be400000,0x00000000bf1e0ae0,0x00000000bf900000)
}

Deoptimization events (10 events):
Event: 10,207 Thread 0x00007f9edc1de000 Uncommon trap: reason=unstable_if action=reinterpret pc=0x00007f9f20628388 method=java.util.Properties$LineReader.readLine()I @ 172
Event: 10,207 Thread 0x00007f9edc1de000 Uncommon trap: reason=unstable_if action=reinterpret pc=0x00007f9f20628ff4 method=java.util.Properties.loadConvert([CII[C)Ljava/lang/String; @ 57
Event: 10,426 Thread 0x00007f9f24262000 Uncommon trap: reason=unstable_if action=reinterpret pc=0x00007f9f2066dd38 method=java.awt.MultipleGradientPaintContext.indexIntoGradientsArrays(F)I @ 24
Event: 10,426 Thread 0x00007f9f24262000 Uncommon trap: reason=unstable_if action=reinterpret pc=0x00007f9f2066d30c method=java.awt.MultipleGradientPaintContext.indexIntoGradientsArrays(F)I @ 24
Event: 10,439 Thread 0x00007f9f24262000 Uncommon trap: reason=unstable_if action=reinterpret pc=0x00007f9f2063ab08 method=java.awt.MultipleGradientPaintContext.indexIntoGradientsArrays(F)I @ 118
Event: 32,058 Thread 0x00007f9f24262000 Uncommon trap: reason=null_check action=make_not_entrant pc=0x00007f9f2069df48 method=javax.swing.plaf.nimbus.NimbusDefaults$LazyStyle.matches(Ljava/awt/Component;I)Z @ 39
Event: 64,913 Thread 0x00007f9f24262000 Uncommon trap: reason=bimorphic action=maybe_recompile pc=0x00007f9f20688edc method=javax.swing.ArrayTable.get(Ljava/lang/Object;)Ljava/lang/Object; @ 44
Event: 64,913 Thread 0x00007f9f24262000 Uncommon trap: reason=bimorphic action=maybe_recompile pc=0x00007f9f20688edc method=javax.swing.ArrayTable.get(Ljava/lang/Object;)Ljava/lang/Object; @ 44
Event: 64,915 Thread 0x00007f9f24262000 Uncommon trap: reason=bimorphic action=maybe_recompile pc=0x00007f9f20688edc method=javax.swing.ArrayTable.get(Ljava/lang/Object;)Ljava/lang/Object; @ 44
Event: 64,915 Thread 0x00007f9f24262000 Uncommon trap: reason=bimorphic action=maybe_recompile pc=0x00007f9f20688edc method=javax.swing.ArrayTable.get(Ljava/lang/Object;)Ljava/lang/Object; @ 44

Internal exceptions (10 events):
Event: 10,339 Thread 0x00007f9f24262000 Threw 0x00000000ec2d4740 at /HUDSON/workspace/7u-2-build-linux-amd64/jdk7u80/2329/hotspot/src/share/vm/prims/jvm.cpp:1319
Event: 10,340 Thread 0x00007f9f24262000 Threw 0x00000000ec2d7838 at /HUDSON/workspace/7u-2-build-linux-amd64/jdk7u80/2329/hotspot/src/share/vm/prims/jvm.cpp:1319
Event: 10,341 Thread 0x00007f9f24262000 Threw 0x00000000ec2dac48 at /HUDSON/workspace/7u-2-build-linux-amd64/jdk7u80/2329/hotspot/src/share/vm/prims/jvm.cpp:1319
Event: 10,365 Thread 0x00007f9f24262000 Threw 0x00000000ec31d180 at /HUDSON/workspace/7u-2-build-linux-amd64/jdk7u80/2329/hotspot/src/share/vm/prims/jvm.cpp:1319
Event: 10,529 Thread 0x00007f9f24262000 Threw 0x00000000ec436260 at /HUDSON/workspace/7u-2-build-linux-amd64/jdk7u80/2329/hotspot/src/share/vm/prims/jni.cpp:743
Event: 14,767 Thread 0x00007f9f24262000 Threw 0x00000000ec5c7f68 at /HUDSON/workspace/7u-2-build-linux-amd64/jdk7u80/2329/hotspot/src/share/vm/prims/jvm.cpp:1319
Event: 14,770 Thread 0x00007f9f24262000 Threw 0x00000000ec5d5330 at /HUDSON/workspace/7u-2-build-linux-amd64/jdk7u80/2329/hotspot/src/share/vm/prims/jvm.cpp:1319
Event: 14,770 Thread 0x00007f9f24262000 Threw 0x00000000ec5d7498 at /HUDSON/workspace/7u-2-build-linux-amd64/jdk7u80/2329/hotspot/src/share/vm/prims/jvm.cpp:1319
Event: 14,877 Thread 0x00007f9f24262000 Threw 0x00000000ec640480 at /HUDSON/workspace/7u-2-build-linux-amd64/jdk7u80/2329/hotspot/src/share/vm/prims/jni.cpp:743
Event: 32,058 Thread 0x00007f9f24262000 Implicit null exception at 0x00007f9f2069b69f to 0x00007f9f2069df29

Events (10 events):
Event: 65,008 loading class 0x00007f9f240c6ac0
Event: 65,008 loading class 0x00007f9f240c6ac0 done
Event: 66,008 loading class 0x00007f9edc195f80
Event: 66,009 loading class 0x00007f9edc195f80 done
Event: 66,009 loading class 0x00007f9edc200fe0
Event: 66,009 loading class 0x00007f9edc200fe0 done
Event: 5168,307 loading class 0x00007f9ef40581e0
Event: 5170,823 loading class 0x00007f9ef40581e0 done
Event: 5189,524 loading class 0x00007f9ef4056cc0
Event: 5191,136 loading class 0x00007f9ef4056cc0 done


Dynamic libraries:
00400000-00401000 r-xp 00000000 08:05 4593982                            /home/elhadj/jdk1.7.0_80/bin/java
00600000-00601000 rw-p 00000000 08:05 4593982                            /home/elhadj/jdk1.7.0_80/bin/java
00b1b000-00b3c000 rw-p 00000000 00:00 0                                  [heap]
be400000-bf900000 rw-p 00000000 00:00 0 
bf900000-c3600000 rw-p 00000000 00:00 0 
c3600000-c5e00000 rw-p 00000000 00:00 0 
c5e00000-ebc80000 rw-p 00000000 00:00 0 
ebc80000-ed100000 rw-p 00000000 00:00 0 
ed100000-100000000 rw-p 00000000 00:00 0 
7f9ed0000000-7f9ed0021000 rw-p 00000000 00:00 0 
7f9ed0021000-7f9ed4000000 ---p 00000000 00:00 0 
7f9ed4000000-7f9ed4021000 rw-p 00000000 00:00 0 
7f9ed4021000-7f9ed8000000 ---p 00000000 00:00 0 
7f9ed8000000-7f9ed8021000 rw-p 00000000 00:00 0 
7f9ed8021000-7f9edc000000 ---p 00000000 00:00 0 
7f9edc000000-7f9edc2bf000 rw-p 00000000 00:00 0 
7f9edc2bf000-7f9ee0000000 ---p 00000000 00:00 0 
7f9ee0000000-7f9ee0021000 rw-p 00000000 00:00 0 
7f9ee0021000-7f9ee4000000 ---p 00000000 00:00 0 
7f9ee4000000-7f9ee4029000 rw-p 00000000 00:00 0 
7f9ee4029000-7f9ee8000000 ---p 00000000 00:00 0 
7f9ee8000000-7f9ee8021000 rw-p 00000000 00:00 0 
7f9ee8021000-7f9eec000000 ---p 00000000 00:00 0 
7f9eec000000-7f9eec021000 rw-p 00000000 00:00 0 
7f9eec021000-7f9ef0000000 ---p 00000000 00:00 0 
7f9ef0000000-7f9ef0715000 rw-p 00000000 00:00 0 
7f9ef0715000-7f9ef4000000 ---p 00000000 00:00 0 
7f9ef4000000-7f9ef481d000 rw-p 00000000 00:00 0 
7f9ef481d000-7f9ef8000000 ---p 00000000 00:00 0 
7f9ef8620000-7f9ef862b000 r--s 00000000 08:05 262233                     /var/cache/fontconfig/945677eb7aeaf62f1d50efc3fb3ec7d8-le64.cache-4
7f9ef862b000-7f9ef8631000 r--s 00000000 08:05 262219                     /var/cache/fontconfig/2cd17615ca594fa2959ae173292e504c-le64.cache-4
7f9ef8631000-7f9ef8632000 r--s 00000000 08:05 262249                     /var/cache/fontconfig/e7071f4a29fa870f4323321c154eba04-le64.cache-4
7f9ef8632000-7f9ef8633000 r--s 00000000 08:05 262216                     /var/cache/fontconfig/0d8c3b2ac0904cb8a57a757ad11a4a08-le64.cache-4
7f9ef8633000-7f9ef863a000 r--s 00000000 08:05 262236                     /var/cache/fontconfig/a755afe4a08bf5b97852ceb7400b47bc-le64.cache-4
7f9ef863a000-7f9ef863e000 r--s 00000000 08:05 271745                     /var/cache/fontconfig/6d41288fd70b0be22e8c3a91e032eec0-le64.cache-4
7f9ef863e000-7f9ef8652000 r--s 00000000 08:05 262214                     /var/cache/fontconfig/04aabc0a78ac019cf9454389977116d2-le64.cache-4
7f9ef8652000-7f9ef8653000 r--s 00000000 08:05 262218                     /var/cache/fontconfig/1ac9eb803944fde146138c791f5cc56a-le64.cache-4
7f9ef8653000-7f9ef8657000 r--s 00000000 08:05 262222                     /var/cache/fontconfig/385c0604a188198f04d133e54aba7fe7-le64.cache-4
7f9ef8657000-7f9ef8658000 r--s 00000000 08:05 262246                     /var/cache/fontconfig/dc05db6664285cc2f12bf69c139ae4c3-le64.cache-4
7f9ef8658000-7f9ef865d000 r--s 00000000 08:05 262232                     /var/cache/fontconfig/8801497958630a81b71ace7c5f9b32a8-le64.cache-4
7f9ef865d000-7f9ef8664000 r--s 00000000 08:05 262220                     /var/cache/fontconfig/3047814df9a2f067bd2d96a2b9c36e5a-le64.cache-4
7f9ef8664000-7f9ef866a000 r--s 00000000 08:05 262237                     /var/cache/fontconfig/b47c4e1ecd0709278f4910c18777a504-le64.cache-4
7f9ef866a000-7f9ef867d000 r--s 00000000 08:05 262243                     /var/cache/fontconfig/d52a8644073d54c13679302ca1180695-le64.cache-4
7f9ef867d000-7f9ef8686000 r--s 00000000 08:05 262223                     /var/cache/fontconfig/3f7329c5293ffd510edef78f73874cfd-le64.cache-4
7f9ef8686000-7f9ef8691000 r--s 00000000 08:05 270644                     /var/cache/fontconfig/d589a48862398ed80a3d6066f4f56f4c-le64.cache-4
7f9ef88c8000-7f9ef8902000 r-xp 00000000 08:05 10750921                   /home/elhadj/jdk1.7.0_80/jre/lib/amd64/libjpeg.so
7f9ef8902000-7f9ef8b02000 ---p 0003a000 08:05 10750921                   /home/elhadj/jdk1.7.0_80/jre/lib/amd64/libjpeg.so
7f9ef8b02000-7f9ef8b03000 rw-p 0003a000 08:05 10750921                   /home/elhadj/jdk1.7.0_80/jre/lib/amd64/libjpeg.so
7f9ef8b03000-7f9ef8b06000 ---p 00000000 00:00 0 
7f9ef8b06000-7f9ef8c04000 rw-p 00000000 00:00 0 
7f9ef8c04000-7f9ef8c2e000 r-xp 00000000 08:05 10750924                   /home/elhadj/jdk1.7.0_80/jre/lib/amd64/libdcpr.so
7f9ef8c2e000-7f9ef8e2e000 ---p 0002a000 08:05 10750924                   /home/elhadj/jdk1.7.0_80/jre/lib/amd64/libdcpr.so
7f9ef8e2e000-7f9ef8e31000 rw-p 0002a000 08:05 10750924                   /home/elhadj/jdk1.7.0_80/jre/lib/amd64/libdcpr.so
7f9ef8e9a000-7f9ef8e9e000 r--s 0008b000 08:05 9840644                    /home/elhadj/jdk1.7.0_80/jre/lib/jsse.jar
7f9ef8e9e000-7f9ef8ea5000 r--s 00097000 08:05 4990312                    /home/elhadj/.m2/repository/org/postgresql/postgresql/9.4.1208.jre7/postgresql-9.4.1208.jre7.jar
7f9ef8ea5000-7f9ef8eaf000 r--s 00253000 08:05 9840629                    /home/elhadj/jdk1.7.0_80/jre/lib/resources.jar
7f9ef90d8000-7f9ef90db000 ---p 00000000 00:00 0 
7f9ef90db000-7f9ef91d9000 rw-p 00000000 00:00 0 
7f9ef91d9000-7f9ef91db000 r--s 00000000 08:05 262230                     /var/cache/fontconfig/767a8244fc0220cfb567a839d0392e0b-le64.cache-4
7f9ef91db000-7f9ef91dc000 r--s 00000000 08:05 270617                     /var/cache/fontconfig/4794a0821666d79190d59a36cb4f44b5-le64.cache-4
7f9ef91dc000-7f9ef91e7000 r--s 00000000 08:05 271866                     /var/cache/fontconfig/83bf95040141907cd45bb53cf7c1c148-le64.cache-4
7f9ef91e7000-7f9ef91f4000 r--s 00000000 08:05 266507                     /var/cache/fontconfig/e13b20fdb08344e0e664864cc2ede53d-le64.cache-4
7f9ef91f4000-7f9ef91f8000 r--s 00000000 08:05 271744                     /var/cache/fontconfig/7ef2298fde41cc6eeb7af42e48b7d293-le64.cache-4
7f9ef929e000-7f9ef9307000 r-xp 00000000 08:05 10750990                   /home/elhadj/jdk1.7.0_80/jre/lib/amd64/libt2k.so
7f9ef9307000-7f9ef9506000 ---p 00069000 08:05 10750990                   /home/elhadj/jdk1.7.0_80/jre/lib/amd64/libt2k.so
7f9ef9506000-7f9ef950d000 rw-p 00068000 08:05 10750990                   /home/elhadj/jdk1.7.0_80/jre/lib/amd64/libt2k.so
7f9ef950d000-7f9ef951d000 rw-p 00000000 00:00 0 
7f9ef957b000-7f9ef957e000 ---p 00000000 00:00 0 
7f9ef957e000-7f9ef967c000 rw-p 00000000 00:00 0 
7f9ef967c000-7f9ef967f000 ---p 00000000 00:00 0 
7f9ef967f000-7f9ef977d000 rw-p 00000000 00:00 0 
7f9ef977d000-7f9ef978d000 r-xp 00000000 08:05 10750988                   /home/elhadj/jdk1.7.0_80/jre/lib/amd64/libnio.so
7f9ef978d000-7f9ef998d000 ---p 00010000 08:05 10750988                   /home/elhadj/jdk1.7.0_80/jre/lib/amd64/libnio.so
7f9ef998d000-7f9ef998e000 rw-p 00010000 08:05 10750988                   /home/elhadj/jdk1.7.0_80/jre/lib/amd64/libnio.so
7f9ef998e000-7f9ef99a5000 r-xp 00000000 08:05 10750989                   /home/elhadj/jdk1.7.0_80/jre/lib/amd64/libnet.so
7f9ef99a5000-7f9ef9ba4000 ---p 00017000 08:05 10750989                   /home/elhadj/jdk1.7.0_80/jre/lib/amd64/libnet.so
7f9ef9ba4000-7f9ef9ba5000 rw-p 00016000 08:05 10750989                   /home/elhadj/jdk1.7.0_80/jre/lib/amd64/libnet.so
7f9ef9ba5000-7f9ef9bbb000 r-xp 00000000 08:05 4725887                    /lib/x86_64-linux-gnu/libgcc_s.so.1
7f9ef9bbb000-7f9ef9dba000 ---p 00016000 08:05 4725887                    /lib/x86_64-linux-gnu/libgcc_s.so.1
7f9ef9dba000-7f9ef9dbb000 rw-p 00015000 08:05 4725887                    /lib/x86_64-linux-gnu/libgcc_s.so.1
7f9ef9dbb000-7f9ef9e20000 r-xp 00000000 08:05 10750575                   /home/elhadj/jdk1.7.0_80/jre/lib/amd64/libfontmanager.so
7f9ef9e20000-7f9efa01f000 ---p 00065000 08:05 10750575                   /home/elhadj/jdk1.7.0_80/jre/lib/amd64/libfontmanager.so
7f9efa01f000-7f9efa024000 rw-p 00064000 08:05 10750575                   /home/elhadj/jdk1.7.0_80/jre/lib/amd64/libfontmanager.so
7f9efa024000-7f9efa034000 rw-p 00000000 00:00 0 
7f9efa034000-7f9efa037000 ---p 00000000 00:00 0 
7f9efa037000-7f9efa135000 rw-p 00000000 00:00 0 
7f9efa135000-7f9efa13a000 r-xp 00000000 08:05 2498380                    /usr/lib/x86_64-linux-gnu/libXfixes.so.3.1.0
7f9efa13a000-7f9efa339000 ---p 00005000 08:05 2498380                    /usr/lib/x86_64-linux-gnu/libXfixes.so.3.1.0
7f9efa339000-7f9efa33a000 r--p 00004000 08:05 2498380                    /usr/lib/x86_64-linux-gnu/libXfixes.so.3.1.0
7f9efa33a000-7f9efa33b000 rw-p 00005000 08:05 2498380                    /usr/lib/x86_64-linux-gnu/libXfixes.so.3.1.0
7f9efa33b000-7f9efa344000 r-xp 00000000 08:05 2498372                    /usr/lib/x86_64-linux-gnu/libXcursor.so.1.0.2
7f9efa344000-7f9efa543000 ---p 00009000 08:05 2498372                    /usr/lib/x86_64-linux-gnu/libXcursor.so.1.0.2
7f9efa543000-7f9efa544000 r--p 00008000 08:05 2498372                    /usr/lib/x86_64-linux-gnu/libXcursor.so.1.0.2
7f9efa544000-7f9efa545000 rw-p 00009000 08:05 2498372                    /usr/lib/x86_64-linux-gnu/libXcursor.so.1.0.2
7f9efa545000-7f9efa548000 ---p 00000000 00:00 0 
7f9efa548000-7f9efa646000 rw-p 00000000 00:00 0 
7f9efa646000-7f9efa64b000 r-xp 00000000 08:05 2498376                    /usr/lib/x86_64-linux-gnu/libXdmcp.so.6.0.0
7f9efa64b000-7f9efa84a000 ---p 00005000 08:05 2498376                    /usr/lib/x86_64-linux-gnu/libXdmcp.so.6.0.0
7f9efa84a000-7f9efa84b000 r--p 00004000 08:05 2498376                    /usr/lib/x86_64-linux-gnu/libXdmcp.so.6.0.0
7f9efa84b000-7f9efa84c000 rw-p 00005000 08:05 2498376                    /usr/lib/x86_64-linux-gnu/libXdmcp.so.6.0.0
7f9efa84c000-7f9efa84e000 r-xp 00000000 08:05 2498365                    /usr/lib/x86_64-linux-gnu/libXau.so.6.0.0
7f9efa84e000-7f9efaa4e000 ---p 00002000 08:05 2498365                    /usr/lib/x86_64-linux-gnu/libXau.so.6.0.0
7f9efaa4e000-7f9efaa4f000 r--p 00002000 08:05 2498365                    /usr/lib/x86_64-linux-gnu/libXau.so.6.0.0
7f9efaa4f000-7f9efaa50000 rw-p 00003000 08:05 2498365                    /usr/lib/x86_64-linux-gnu/libXau.so.6.0.0
7f9efaa50000-7f9efaa6d000 r-xp 00000000 08:05 2499431                    /usr/lib/x86_64-linux-gnu/libxcb.so.1.1.0
7f9efaa6d000-7f9efac6d000 ---p 0001d000 08:05 2499431                    /usr/lib/x86_64-linux-gnu/libxcb.so.1.1.0
7f9efac6d000-7f9efac6e000 r--p 0001d000 08:05 2499431                    /usr/lib/x86_64-linux-gnu/libxcb.so.1.1.0
7f9efac6e000-7f9efac6f000 rw-p 0001e000 08:05 2499431                    /usr/lib/x86_64-linux-gnu/libxcb.so.1.1.0
7f9efac6f000-7f9efac7e000 r-xp 00000000 08:05 2498386                    /usr/lib/x86_64-linux-gnu/libXi.so.6.1.0
7f9efac7e000-7f9efae7d000 ---p 0000f000 08:05 2498386                    /usr/lib/x86_64-linux-gnu/libXi.so.6.1.0
7f9efae7d000-7f9efae7e000 r--p 0000e000 08:05 2498386                    /usr/lib/x86_64-linux-gnu/libXi.so.6.1.0
7f9efae7e000-7f9efae7f000 rw-p 0000f000 08:05 2498386                    /usr/lib/x86_64-linux-gnu/libXi.so.6.1.0
7f9efae7f000-7f9efae84000 r-xp 00000000 08:05 2498406                    /usr/lib/x86_64-linux-gnu/libXtst.so.6.1.0
7f9efae84000-7f9efb083000 ---p 00005000 08:05 2498406                    /usr/lib/x86_64-linux-gnu/libXtst.so.6.1.0
7f9efb083000-7f9efb084000 r--p 00004000 08:05 2498406                    /usr/lib/x86_64-linux-gnu/libXtst.so.6.1.0
7f9efb084000-7f9efb085000 rw-p 00005000 08:05 2498406                    /usr/lib/x86_64-linux-gnu/libXtst.so.6.1.0
7f9efb085000-7f9efb08e000 r-xp 00000000 08:05 2498400                    /usr/lib/x86_64-linux-gnu/libXrender.so.1.3.0
7f9efb08e000-7f9efb28d000 ---p 00009000 08:05 2498400                    /usr/lib/x86_64-linux-gnu/libXrender.so.1.3.0
7f9efb28d000-7f9efb28e000 r--p 00008000 08:05 2498400                    /usr/lib/x86_64-linux-gnu/libXrender.so.1.3.0
7f9efb28e000-7f9efb28f000 rw-p 00009000 08:05 2498400                    /usr/lib/x86_64-linux-gnu/libXrender.so.1.3.0
7f9efb28f000-7f9efb3bf000 r-xp 00000000 08:05 2498361                    /usr/lib/x86_64-linux-gnu/libX11.so.6.3.0
7f9efb3bf000-7f9efb5bf000 ---p 00130000 08:05 2498361                    /usr/lib/x86_64-linux-gnu/libX11.so.6.3.0
7f9efb5bf000-7f9efb5c0000 r--p 00130000 08:05 2498361                    /usr/lib/x86_64-linux-gnu/libX11.so.6.3.0
7f9efb5c0000-7f9efb5c4000 rw-p 00131000 08:05 2498361                    /usr/lib/x86_64-linux-gnu/libX11.so.6.3.0
7f9efb5c4000-7f9efb5d5000 r-xp 00000000 08:05 2498378                    /usr/lib/x86_64-linux-gnu/libXext.so.6.4.0
7f9efb5d5000-7f9efb7d4000 ---p 00011000 08:05 2498378                    /usr/lib/x86_64-linux-gnu/libXext.so.6.4.0
7f9efb7d4000-7f9efb7d5000 r--p 00010000 08:05 2498378                    /usr/lib/x86_64-linux-gnu/libXext.so.6.4.0
7f9efb7d5000-7f9efb7d6000 rw-p 00011000 08:05 2498378                    /usr/lib/x86_64-linux-gnu/libXext.so.6.4.0
7f9efb7d6000-7f9efb826000 r-xp 00000000 08:05 10750636                   /home/elhadj/jdk1.7.0_80/jre/lib/amd64/xawt/libmawt.so
7f9efb826000-7f9efba26000 ---p 00050000 08:05 10750636                   /home/elhadj/jdk1.7.0_80/jre/lib/amd64/xawt/libmawt.so
7f9efba26000-7f9efba2a000 rw-p 00050000 08:05 10750636                   /home/elhadj/jdk1.7.0_80/jre/lib/amd64/xawt/libmawt.so
7f9efba2a000-7f9efba2b000 rw-p 00000000 00:00 0 
7f9efba2b000-7f9efbacd000 r-xp 00000000 08:05 10750991                   /home/elhadj/jdk1.7.0_80/jre/lib/amd64/libawt.so
7f9efbacd000-7f9efbccd000 ---p 000a2000 08:05 10750991                   /home/elhadj/jdk1.7.0_80/jre/lib/amd64/libawt.so
7f9efbccd000-7f9efbcd9000 rw-p 000a2000 08:05 10750991                   /home/elhadj/jdk1.7.0_80/jre/lib/amd64/libawt.so
7f9efbcd9000-7f9efbcfd000 rw-p 00000000 00:00 0 
7f9efbcfd000-7f9efbcfe000 ---p 00000000 00:00 0 
7f9efbcfe000-7f9efbdfe000 rw-p 00000000 00:00 0 
7f9efbdfe000-7f9efbe01000 ---p 00000000 00:00 0 
7f9efbe01000-7f9efbeff000 rw-p 00000000 00:00 0 
7f9efbeff000-7f9efbf02000 ---p 00000000 00:00 0 
7f9efbf02000-7f9efc000000 rw-p 00000000 00:00 0 
7f9efc000000-7f9efc021000 rw-p 00000000 00:00 0 
7f9efc021000-7f9f00000000 ---p 00000000 00:00 0 
7f9f00000000-7f9f00021000 rw-p 00000000 00:00 0 
7f9f00021000-7f9f04000000 ---p 00000000 00:00 0 
7f9f04000000-7f9f04031000 rw-p 00000000 00:00 0 
7f9f04031000-7f9f08000000 ---p 00000000 00:00 0 
7f9f08000000-7f9f08021000 rw-p 00000000 00:00 0 
7f9f08021000-7f9f0c000000 ---p 00000000 00:00 0 
7f9f0c000000-7f9f0c021000 rw-p 00000000 00:00 0 
7f9f0c021000-7f9f10000000 ---p 00000000 00:00 0 
7f9f10000000-7f9f10021000 rw-p 00000000 00:00 0 
7f9f10021000-7f9f14000000 ---p 00000000 00:00 0 
7f9f14000000-7f9f14021000 rw-p 00000000 00:00 0 
7f9f14021000-7f9f18000000 ---p 00000000 00:00 0 
7f9f18000000-7f9f18021000 rw-p 00000000 00:00 0 
7f9f18021000-7f9f1c000000 ---p 00000000 00:00 0 
7f9f1c000000-7f9f1c001000 r--s 00000000 08:05 262226                     /var/cache/fontconfig/56cf4f4769d0f4abc89a4895d7bd3ae1-le64.cache-4
7f9f1c001000-7f9f1c002000 r--s 00000000 08:05 262238                     /var/cache/fontconfig/b9d506c9ac06c20b433354fa67a72993-le64.cache-4
7f9f1c002000-7f9f1c003000 r--s 00000000 08:05 262215                     /var/cache/fontconfig/0c9eb80ebd1c36541ebe2852d3bb0c49-le64.cache-4
7f9f1c00c000-7f9f1c017000 r--s 00000000 08:05 262233                     /var/cache/fontconfig/945677eb7aeaf62f1d50efc3fb3ec7d8-le64.cache-4
7f9f1c017000-7f9f1c01d000 r--s 00000000 08:05 262219                     /var/cache/fontconfig/2cd17615ca594fa2959ae173292e504c-le64.cache-4
7f9f1c01d000-7f9f1c01e000 r--s 00000000 08:05 262249                     /var/cache/fontconfig/e7071f4a29fa870f4323321c154eba04-le64.cache-4
7f9f1c01e000-7f9f1c01f000 r--s 00000000 08:05 262216                     /var/cache/fontconfig/0d8c3b2ac0904cb8a57a757ad11a4a08-le64.cache-4
7f9f1c01f000-7f9f1c026000 r--s 00000000 08:05 262236                     /var/cache/fontconfig/a755afe4a08bf5b97852ceb7400b47bc-le64.cache-4
7f9f1c026000-7f9f1c02a000 r--s 00000000 08:05 271745                     /var/cache/fontconfig/6d41288fd70b0be22e8c3a91e032eec0-le64.cache-4
7f9f1c02a000-7f9f1c03e000 r--s 00000000 08:05 262214                     /var/cache/fontconfig/04aabc0a78ac019cf9454389977116d2-le64.cache-4
7f9f1c03e000-7f9f1c03f000 r--s 00000000 08:05 262218                     /var/cache/fontconfig/1ac9eb803944fde146138c791f5cc56a-le64.cache-4
7f9f1c03f000-7f9f1c043000 r--s 00000000 08:05 262222                     /var/cache/fontconfig/385c0604a188198f04d133e54aba7fe7-le64.cache-4
7f9f1c043000-7f9f1c044000 r--s 00000000 08:05 262246                     /var/cache/fontconfig/dc05db6664285cc2f12bf69c139ae4c3-le64.cache-4
7f9f1c044000-7f9f1c046000 r--s 00000000 08:05 262230                     /var/cache/fontconfig/767a8244fc0220cfb567a839d0392e0b-le64.cache-4
7f9f1c046000-7f9f1c047000 r--s 00000000 08:05 270617                     /var/cache/fontconfig/4794a0821666d79190d59a36cb4f44b5-le64.cache-4
7f9f1c047000-7f9f1c04c000 r--s 00000000 08:05 262232                     /var/cache/fontconfig/8801497958630a81b71ace7c5f9b32a8-le64.cache-4
7f9f1c04c000-7f9f1c053000 r--s 00000000 08:05 262220                     /var/cache/fontconfig/3047814df9a2f067bd2d96a2b9c36e5a-le64.cache-4
7f9f1c053000-7f9f1c054000 r--s 00000000 08:05 262226                     /var/cache/fontconfig/56cf4f4769d0f4abc89a4895d7bd3ae1-le64.cache-4
7f9f1c054000-7f9f1c067000 r--s 00000000 08:05 262243                     /var/cache/fontconfig/d52a8644073d54c13679302ca1180695-le64.cache-4
7f9f1c067000-7f9f1c070000 r--s 00000000 08:05 262223                     /var/cache/fontconfig/3f7329c5293ffd510edef78f73874cfd-le64.cache-4
7f9f1c070000-7f9f1c0a1000 rw-p 00000000 00:00 0 
7f9f1c0a1000-7f9f1c0c7000 r--p 00000000 08:05 3279756                    /usr/share/locale-langpack/fr/LC_MESSAGES/libc.mo
7f9f1c0c7000-7f9f1c0ca000 ---p 00000000 00:00 0 
7f9f1c0ca000-7f9f1c1c8000 rw-p 00000000 00:00 0 
7f9f1c1c8000-7f9f1c1cb000 ---p 00000000 00:00 0 
7f9f1c1cb000-7f9f1c2c9000 rw-p 00000000 00:00 0 
7f9f1c2c9000-7f9f1c5d4000 r--p 00000000 08:05 2499910                    /usr/lib/locale/locale-archive
7f9f1c5d4000-7f9f1c5d7000 ---p 00000000 00:00 0 
7f9f1c5d7000-7f9f1c6d5000 rw-p 00000000 00:00 0 
7f9f1c6d5000-7f9f1c6d8000 ---p 00000000 00:00 0 
7f9f1c6d8000-7f9f1c7d6000 rw-p 00000000 00:00 0 
7f9f1c7d6000-7f9f1c7d7000 ---p 00000000 00:00 0 
7f9f1c7d7000-7f9f1d8d6000 rw-p 00000000 00:00 0 
7f9f1d8d6000-7f9f1da96000 r--s 039fb000 08:05 9840653                    /home/elhadj/jdk1.7.0_80/jre/lib/rt.jar
7f9f1da96000-7f9f1fe55000 rw-p 00000000 00:00 0 
7f9f1fe55000-7f9f1fe56000 ---p 00000000 00:00 0 
7f9f1fe56000-7f9f1ff56000 rw-p 00000000 00:00 0 
7f9f1ff56000-7f9f1ff57000 ---p 00000000 00:00 0 
7f9f1ff57000-7f9f20057000 rw-p 00000000 00:00 0 
7f9f20057000-7f9f20058000 ---p 00000000 00:00 0 
7f9f20058000-7f9f20158000 rw-p 00000000 00:00 0 
7f9f20158000-7f9f20159000 ---p 00000000 00:00 0 
7f9f20159000-7f9f2026d000 rw-p 00000000 00:00 0 
7f9f2026d000-7f9f2039d000 rw-p 00000000 00:00 0 
7f9f2039d000-7f9f203a8000 rw-p 00000000 00:00 0 
7f9f203a8000-7f9f203c6000 rw-p 00000000 00:00 0 
7f9f203c6000-7f9f203da000 rw-p 00000000 00:00 0 
7f9f203da000-7f9f20509000 rw-p 00000000 00:00 0 
7f9f20509000-7f9f20514000 rw-p 00000000 00:00 0 
7f9f20514000-7f9f205ab000 rw-p 00000000 00:00 0 
7f9f205ab000-7f9f205ac000 rw-p 00000000 00:00 0 
7f9f205ac000-7f9f2081c000 rwxp 00000000 00:00 0 
7f9f2081c000-7f9f235ac000 rw-p 00000000 00:00 0 
7f9f235ac000-7f9f235c3000 r-xp 00000000 08:05 10750987                   /home/elhadj/jdk1.7.0_80/jre/lib/amd64/libzip.so
7f9f235c3000-7f9f237c3000 ---p 00017000 08:05 10750987                   /home/elhadj/jdk1.7.0_80/jre/lib/amd64/libzip.so
7f9f237c3000-7f9f237c4000 rw-p 00017000 08:05 10750987                   /home/elhadj/jdk1.7.0_80/jre/lib/amd64/libzip.so
7f9f237c4000-7f9f237cf000 r-xp 00000000 08:05 4723891                    /lib/x86_64-linux-gnu/libnss_files-2.19.so
7f9f237cf000-7f9f239ce000 ---p 0000b000 08:05 4723891                    /lib/x86_64-linux-gnu/libnss_files-2.19.so
7f9f239ce000-7f9f239cf000 r--p 0000a000 08:05 4723891                    /lib/x86_64-linux-gnu/libnss_files-2.19.so
7f9f239cf000-7f9f239d0000 rw-p 0000b000 08:05 4723891                    /lib/x86_64-linux-gnu/libnss_files-2.19.so
7f9f239d0000-7f9f239db000 r-xp 00000000 08:05 4723883                    /lib/x86_64-linux-gnu/libnss_nis-2.19.so
7f9f239db000-7f9f23bda000 ---p 0000b000 08:05 4723883                    /lib/x86_64-linux-gnu/libnss_nis-2.19.so
7f9f23bda000-7f9f23bdb000 r--p 0000a000 08:05 4723883                    /lib/x86_64-linux-gnu/libnss_nis-2.19.so
7f9f23bdb000-7f9f23bdc000 rw-p 0000b000 08:05 4723883                    /lib/x86_64-linux-gnu/libnss_nis-2.19.so
7f9f23bdc000-7f9f23bf3000 r-xp 00000000 08:05 4723879                    /lib/x86_64-linux-gnu/libnsl-2.19.so
7f9f23bf3000-7f9f23df2000 ---p 00017000 08:05 4723879                    /lib/x86_64-linux-gnu/libnsl-2.19.so
7f9f23df2000-7f9f23df3000 r--p 00016000 08:05 4723879                    /lib/x86_64-linux-gnu/libnsl-2.19.so
7f9f23df3000-7f9f23df4000 rw-p 00017000 08:05 4723879                    /lib/x86_64-linux-gnu/libnsl-2.19.so
7f9f23df4000-7f9f23df6000 rw-p 00000000 00:00 0 
7f9f23df6000-7f9f23dff000 r-xp 00000000 08:05 4723878                    /lib/x86_64-linux-gnu/libnss_compat-2.19.so
7f9f23dff000-7f9f23ffe000 ---p 00009000 08:05 4723878                    /lib/x86_64-linux-gnu/libnss_compat-2.19.so
7f9f23ffe000-7f9f23fff000 r--p 00008000 08:05 4723878                    /lib/x86_64-linux-gnu/libnss_compat-2.19.so
7f9f23fff000-7f9f24000000 rw-p 00009000 08:05 4723878                    /lib/x86_64-linux-gnu/libnss_compat-2.19.so
7f9f24000000-7f9f2426c000 rw-p 00000000 00:00 0 
7f9f2426c000-7f9f28000000 ---p 00000000 00:00 0 
7f9f28000000-7f9f28001000 r--s 00000000 08:05 262238                     /var/cache/fontconfig/b9d506c9ac06c20b433354fa67a72993-le64.cache-4
7f9f28001000-7f9f28007000 r--s 00000000 08:05 262237                     /var/cache/fontconfig/b47c4e1ecd0709278f4910c18777a504-le64.cache-4
7f9f28007000-7f9f28012000 r--s 00000000 08:05 270644                     /var/cache/fontconfig/d589a48862398ed80a3d6066f4f56f4c-le64.cache-4
7f9f28012000-7f9f2801d000 r--s 00000000 08:05 271866                     /var/cache/fontconfig/83bf95040141907cd45bb53cf7c1c148-le64.cache-4
7f9f2801d000-7f9f28050000 rw-p 00000000 00:00 0 
7f9f28050000-7f9f2806e000 rw-p 00000000 00:00 0 
7f9f2806e000-7f9f28097000 r-xp 00000000 08:05 10750926                   /home/elhadj/jdk1.7.0_80/jre/lib/amd64/libjava.so
7f9f28097000-7f9f28297000 ---p 00029000 08:05 10750926                   /home/elhadj/jdk1.7.0_80/jre/lib/amd64/libjava.so
7f9f28297000-7f9f28299000 rw-p 00029000 08:05 10750926                   /home/elhadj/jdk1.7.0_80/jre/lib/amd64/libjava.so
7f9f28299000-7f9f282a6000 r-xp 00000000 08:05 10750811                   /home/elhadj/jdk1.7.0_80/jre/lib/amd64/libverify.so
7f9f282a6000-7f9f284a5000 ---p 0000d000 08:05 10750811                   /home/elhadj/jdk1.7.0_80/jre/lib/amd64/libverify.so
7f9f284a5000-7f9f284a7000 rw-p 0000c000 08:05 10750811                   /home/elhadj/jdk1.7.0_80/jre/lib/amd64/libverify.so
7f9f284a7000-7f9f284ae000 r-xp 00000000 08:05 4723887                    /lib/x86_64-linux-gnu/librt-2.19.so
7f9f284ae000-7f9f286ad000 ---p 00007000 08:05 4723887                    /lib/x86_64-linux-gnu/librt-2.19.so
7f9f286ad000-7f9f286ae000 r--p 00006000 08:05 4723887                    /lib/x86_64-linux-gnu/librt-2.19.so
7f9f286ae000-7f9f286af000 rw-p 00007000 08:05 4723887                    /lib/x86_64-linux-gnu/librt-2.19.so
7f9f286af000-7f9f287b4000 r-xp 00000000 08:05 4723873                    /lib/x86_64-linux-gnu/libm-2.19.so
7f9f287b4000-7f9f289b3000 ---p 00105000 08:05 4723873                    /lib/x86_64-linux-gnu/libm-2.19.so
7f9f289b3000-7f9f289b4000 r--p 00104000 08:05 4723873                    /lib/x86_64-linux-gnu/libm-2.19.so
7f9f289b4000-7f9f289b5000 rw-p 00105000 08:05 4723873                    /lib/x86_64-linux-gnu/libm-2.19.so
7f9f289b5000-7f9f2952b000 r-xp 00000000 08:05 10750598                   /home/elhadj/jdk1.7.0_80/jre/lib/amd64/server/libjvm.so
7f9f2952b000-7f9f2972a000 ---p 00b76000 08:05 10750598                   /home/elhadj/jdk1.7.0_80/jre/lib/amd64/server/libjvm.so
7f9f2972a000-7f9f297ee000 rw-p 00b75000 08:05 10750598                   /home/elhadj/jdk1.7.0_80/jre/lib/amd64/server/libjvm.so
7f9f297ee000-7f9f2982f000 rw-p 00000000 00:00 0 
7f9f2982f000-7f9f299ea000 r-xp 00000000 08:05 4723888                    /lib/x86_64-linux-gnu/libc-2.19.so
7f9f299ea000-7f9f29be9000 ---p 001bb000 08:05 4723888                    /lib/x86_64-linux-gnu/libc-2.19.so
7f9f29be9000-7f9f29bed000 r--p 001ba000 08:05 4723888                    /lib/x86_64-linux-gnu/libc-2.19.so
7f9f29bed000-7f9f29bef000 rw-p 001be000 08:05 4723888                    /lib/x86_64-linux-gnu/libc-2.19.so
7f9f29bef000-7f9f29bf4000 rw-p 00000000 00:00 0 
7f9f29bf4000-7f9f29bf7000 r-xp 00000000 08:05 4723875                    /lib/x86_64-linux-gnu/libdl-2.19.so
7f9f29bf7000-7f9f29df6000 ---p 00003000 08:05 4723875                    /lib/x86_64-linux-gnu/libdl-2.19.so
7f9f29df6000-7f9f29df7000 r--p 00002000 08:05 4723875                    /lib/x86_64-linux-gnu/libdl-2.19.so
7f9f29df7000-7f9f29df8000 rw-p 00003000 08:05 4723875                    /lib/x86_64-linux-gnu/libdl-2.19.so
7f9f29df8000-7f9f29e0d000 r-xp 00000000 08:05 4333766                    /home/elhadj/jdk1.7.0_80/lib/amd64/jli/libjli.so
7f9f29e0d000-7f9f2a00c000 ---p 00015000 08:05 4333766                    /home/elhadj/jdk1.7.0_80/lib/amd64/jli/libjli.so
7f9f2a00c000-7f9f2a00d000 rw-p 00014000 08:05 4333766                    /home/elhadj/jdk1.7.0_80/lib/amd64/jli/libjli.so
7f9f2a00d000-7f9f2a026000 r-xp 00000000 08:05 4723880                    /lib/x86_64-linux-gnu/libpthread-2.19.so
7f9f2a026000-7f9f2a225000 ---p 00019000 08:05 4723880                    /lib/x86_64-linux-gnu/libpthread-2.19.so
7f9f2a225000-7f9f2a226000 r--p 00018000 08:05 4723880                    /lib/x86_64-linux-gnu/libpthread-2.19.so
7f9f2a226000-7f9f2a227000 rw-p 00019000 08:05 4723880                    /lib/x86_64-linux-gnu/libpthread-2.19.so
7f9f2a227000-7f9f2a22b000 rw-p 00000000 00:00 0 
7f9f2a22b000-7f9f2a24e000 r-xp 00000000 08:05 4723881                    /lib/x86_64-linux-gnu/ld-2.19.so
7f9f2a24e000-7f9f2a24f000 r--s 00000000 08:05 262215                     /var/cache/fontconfig/0c9eb80ebd1c36541ebe2852d3bb0c49-le64.cache-4
7f9f2a24f000-7f9f2a25c000 r--s 00000000 08:05 266507                     /var/cache/fontconfig/e13b20fdb08344e0e664864cc2ede53d-le64.cache-4
7f9f2a25c000-7f9f2a260000 r--s 00000000 08:05 271744                     /var/cache/fontconfig/7ef2298fde41cc6eeb7af42e48b7d293-le64.cache-4
7f9f2a260000-7f9f2a267000 r--s 00000000 08:05 2892539                    /usr/lib/x86_64-linux-gnu/gconv/gconv-modules.cache
7f9f2a267000-7f9f2a271000 rw-p 00000000 00:00 0 
7f9f2a271000-7f9f2a327000 rw-p 00000000 00:00 0 
7f9f2a327000-7f9f2a32a000 ---p 00000000 00:00 0 
7f9f2a32a000-7f9f2a441000 rw-p 00000000 00:00 0 
7f9f2a441000-7f9f2a449000 rw-s 00000000 08:05 4593222                    /tmp/hsperfdata_elhadj/4037
7f9f2a449000-7f9f2a44a000 rw-p 00000000 00:00 0 
7f9f2a44a000-7f9f2a44b000 r--p 00000000 00:00 0 
7f9f2a44b000-7f9f2a44d000 rw-p 00000000 00:00 0 
7f9f2a44d000-7f9f2a44e000 r--p 00022000 08:05 4723881                    /lib/x86_64-linux-gnu/ld-2.19.so
7f9f2a44e000-7f9f2a44f000 rw-p 00023000 08:05 4723881                    /lib/x86_64-linux-gnu/ld-2.19.so
7f9f2a44f000-7f9f2a450000 rw-p 00000000 00:00 0 
7ffd35bc3000-7ffd35be4000 rw-p 00000000 00:00 0                          [stack]
7ffd35beb000-7ffd35bed000 r--p 00000000 00:00 0                          [vvar]
7ffd35bed000-7ffd35bef000 r-xp 00000000 00:00 0                          [vdso]
ffffffffff600000-ffffffffff601000 r-xp 00000000 00:00 0                  [vsyscall]

VM Arguments:
java_command: Test.Inscription
Launcher Type: SUN_STANDARD

Environment Variables:
JAVA_HOME=/home/elhadj/jdk1.7.0_80
PATH=/usr/local/sbin:/usr/local/bin:/usr/sbin:/usr/bin:/sbin:/bin:/usr/games:/usr/local/games
LD_LIBRARY_PATH=/home/elhadj/jdk1.7.0_80/jre/lib/amd64:/home/elhadj/jdk1.7.0_80/jre/lib/i386:
SHELL=/bin/bash
DISPLAY=:0

Signal Handlers:
SIGSEGV: [libjvm.so+0x9a3b20], sa_mask[0]=0x7ffbfeff, sa_flags=0x10000004
SIGBUS: [libjvm.so+0x9a3b20], sa_mask[0]=0x7ffbfeff, sa_flags=0x10000004
SIGFPE: [libjvm.so+0x81e740], sa_mask[0]=0x7ffbfeff, sa_flags=0x10000004
SIGPIPE: [libjvm.so+0x81e740], sa_mask[0]=0x7ffbfeff, sa_flags=0x10000004
SIGXFSZ: [libjvm.so+0x81e740], sa_mask[0]=0x7ffbfeff, sa_flags=0x10000004
SIGILL: [libjvm.so+0x81e740], sa_mask[0]=0x7ffbfeff, sa_flags=0x10000004
SIGUSR1: SIG_DFL, sa_mask[0]=0x00000000, sa_flags=0x00000000
SIGUSR2: [libjvm.so+0x81ffb0], sa_mask[0]=0x00000004, sa_flags=0x10000004
SIGHUP: [libjvm.so+0x8210d0], sa_mask[0]=0x7ffbfeff, sa_flags=0x10000004
SIGINT: SIG_IGN, sa_mask[0]=0x00000000, sa_flags=0x00000000
SIGTERM: [libjvm.so+0x8210d0], sa_mask[0]=0x7ffbfeff, sa_flags=0x10000004
SIGQUIT: [libjvm.so+0x8210d0], sa_mask[0]=0x7ffbfeff, sa_flags=0x10000004


---------------  S Y S T E M  ---------------

OS:jessie/sid

uname:Linux 3.19.0-59-generic #66~14.04.1-Ubuntu SMP Fri May 13 17:27:10 UTC 2016 x86_64
libc:glibc 2.19 NPTL 2.19 
rlimit: STACK 8192k, CORE 0k, NPROC 15133, NOFILE 4096, AS infinity
load average:15,70 4,27 1,92

/proc/meminfo:
MemTotal:        3969584 kB
MemFree:         2690020 kB
MemAvailable:    2758336 kB
Buffers:           10804 kB
Cached:           317768 kB
SwapCached:        26564 kB
Active:           776812 kB
Inactive:         345968 kB
Active(anon):     648644 kB
Inactive(anon):   258212 kB
Active(file):     128168 kB
Inactive(file):    87756 kB
Unevictable:          16 kB
Mlocked:              16 kB
SwapTotal:      48828412 kB
SwapFree:       47910860 kB
Dirty:               328 kB
Writeback:             0 kB
AnonPages:        777720 kB
Mapped:           165352 kB
Shmem:            112600 kB
Slab:              77540 kB
SReclaimable:      42640 kB
SUnreclaim:        34900 kB
KernelStack:        9120 kB
PageTables:        23228 kB
NFS_Unstable:          0 kB
Bounce:                0 kB
WritebackTmp:          0 kB
CommitLimit:    50813204 kB
Committed_AS:    4734464 kB
VmallocTotal:   34359738367 kB
VmallocUsed:      560060 kB
VmallocChunk:   34359108552 kB
HardwareCorrupted:     0 kB
AnonHugePages:    479232 kB
CmaTotal:              0 kB
CmaFree:               0 kB
HugePages_Total:       0
HugePages_Free:        0
HugePages_Rsvd:        0
HugePages_Surp:        0
Hugepagesize:       2048 kB
DirectMap4k:      113408 kB
DirectMap2M:     4003840 kB
DirectMap1G:     1048576 kB


CPU:total 4 (2 cores per cpu, 2 threads per core) family 6 model 60 stepping 3, cmov, cx8, fxsr, mmx, sse, sse2, sse3, ssse3, sse4.1, sse4.2, popcnt, avx, avx2, erms, ht, tsc, tscinvbit

/proc/cpuinfo:
processor	: 0
vendor_id	: GenuineIntel
cpu family	: 6
model		: 60
model name	: Intel(R) Core(TM) i3-4000M CPU @ 2.40GHz
stepping	: 3
microcode	: 0x16
cpu MHz		: 1086.656
cache size	: 3072 KB
physical id	: 0
siblings	: 4
core id		: 0
cpu cores	: 2
apicid		: 0
initial apicid	: 0
fpu		: yes
fpu_exception	: yes
cpuid level	: 13
wp		: yes
flags		: fpu vme de pse tsc msr pae mce cx8 apic sep mtrr pge mca cmov pat pse36 clflush dts acpi mmx fxsr sse sse2 ss ht tm pbe syscall nx pdpe1gb rdtscp lm constant_tsc arch_perfmon pebs bts rep_good nopl xtopology nonstop_tsc aperfmperf eagerfpu pni pclmulqdq dtes64 monitor ds_cpl vmx est tm2 ssse3 fma cx16 xtpr pdcm pcid sse4_1 sse4_2 movbe popcnt tsc_deadline_timer xsave avx f16c rdrand lahf_lm abm arat epb pln pts dtherm tpr_shadow vnmi flexpriority ept vpid fsgsbase tsc_adjust bmi1 avx2 smep bmi2 erms invpcid xsaveopt
bugs		:
bogomips	: 4788.91
clflush size	: 64
cache_alignment	: 64
address sizes	: 39 bits physical, 48 bits virtual
power management:

processor	: 1
vendor_id	: GenuineIntel
cpu family	: 6
model		: 60
model name	: Intel(R) Core(TM) i3-4000M CPU @ 2.40GHz
stepping	: 3
microcode	: 0x16
cpu MHz		: 1095.093
cache size	: 3072 KB
physical id	: 0
siblings	: 4
core id		: 0
cpu cores	: 2
apicid		: 1
initial apicid	: 1
fpu		: yes
fpu_exception	: yes
cpuid level	: 13
wp		: yes
flags		: fpu vme de pse tsc msr pae mce cx8 apic sep mtrr pge mca cmov pat pse36 clflush dts acpi mmx fxsr sse sse2 ss ht tm pbe syscall nx pdpe1gb rdtscp lm constant_tsc arch_perfmon pebs bts rep_good nopl xtopology nonstop_tsc aperfmperf eagerfpu pni pclmulqdq dtes64 monitor ds_cpl vmx est tm2 ssse3 fma cx16 xtpr pdcm pcid sse4_1 sse4_2 movbe popcnt tsc_deadline_timer xsave avx f16c rdrand lahf_lm abm arat epb pln pts dtherm tpr_shadow vnmi flexpriority ept vpid fsgsbase tsc_adjust bmi1 avx2 smep bmi2 erms invpcid xsaveopt
bugs		:
bogomips	: 4788.91
clflush size	: 64
cache_alignment	: 64
address sizes	: 39 bits physical, 48 bits virtual
power management:

processor	: 2
vendor_id	: GenuineIntel
cpu family	: 6
model		: 60
model name	: Intel(R) Core(TM) i3-4000M CPU @ 2.40GHz
stepping	: 3
microcode	: 0x16
cpu MHz		: 1098.750
cache size	: 3072 KB
physical id	: 0
siblings	: 4
core id		: 1
cpu cores	: 2
apicid		: 2
initial apicid	: 2
fpu		: yes
fpu_exception	: yes
cpuid level	: 13
wp		: yes
flags		: fpu vme de pse tsc msr pae mce cx8 apic sep mtrr pge mca cmov pat pse36 clflush dts acpi mmx fxsr sse sse2 ss ht tm pbe syscall nx pdpe1gb rdtscp lm constant_tsc arch_perfmon pebs bts rep_good nopl xtopology nonstop_tsc aperfmperf eagerfpu pni pclmulqdq dtes64 monitor ds_cpl vmx est tm2 ssse3 fma cx16 xtpr pdcm pcid sse4_1 sse4_2 movbe popcnt tsc_deadline_timer xsave avx f16c rdrand lahf_lm abm arat epb pln pts dtherm tpr_shadow vnmi flexpriority ept vpid fsgsbase tsc_adjust bmi1 avx2 smep bmi2 erms invpcid xsaveopt
bugs		:
bogomips	: 4788.91
clflush size	: 64
cache_alignment	: 64
address sizes	: 39 bits physical, 48 bits virtual
power management:

processor	: 3
vendor_id	: GenuineIntel
cpu family	: 6
model		: 60
model name	: Intel(R) Core(TM) i3-4000M CPU @ 2.40GHz
stepping	: 3
microcode	: 0x16
cpu MHz		: 832.031
cache size	: 3072 KB
physical id	: 0
siblings	: 4
core id		: 1
cpu cores	: 2
apicid		: 3
initial apicid	: 3
fpu		: yes
fpu_exception	: yes
cpuid level	: 13
wp		: yes
flags		: fpu vme de pse tsc msr pae mce cx8 apic sep mtrr pge mca cmov pat pse36 clflush dts acpi mmx fxsr sse sse2 ss ht tm pbe syscall nx pdpe1gb rdtscp lm constant_tsc arch_perfmon pebs bts rep_good nopl xtopology nonstop_tsc aperfmperf eagerfpu pni pclmulqdq dtes64 monitor ds_cpl vmx est tm2 ssse3 fma cx16 xtpr pdcm pcid sse4_1 sse4_2 movbe popcnt tsc_deadline_timer xsave avx f16c rdrand lahf_lm abm arat epb pln pts dtherm tpr_shadow vnmi flexpriority ept vpid fsgsbase tsc_adjust bmi1 avx2 smep bmi2 erms invpcid xsaveopt
bugs		:
bogomips	: 4788.91
clflush size	: 64
cache_alignment	: 64
address sizes	: 39 bits physical, 48 bits virtual
power management:



Memory: 4k page, physical 3969584k(2690020k free), swap 48828412k(47910860k free)

vm_info: Java HotSpot(TM) 64-Bit Server VM (24.80-b11) for linux-amd64 JRE (1.7.0_80-b15), built on Apr 10 2015 19:53:14 by "java_re" with gcc 4.3.0 20080428 (Red Hat 4.3.0-8)

time: Mon May 23 01:00:19 2016
elapsed time: 5194 seconds

